Script started on Mon Mar  1 11:55:44 2021
]7;file://MacBook-Air-de-Valeria.local/Users/valeriarevolledo/code/valeria0801/mlprojectload-nvmrc:1: command not found: nvm
load-nvmrc:2: command not found: nvm_find_nvmrc
load-nvmrc:12: command not found: nvm
[1m[7m%[27m[1m[0m                                                                                ]7;file://MacBook-Air-de-Valeria.local/Users/valeriarevolledo/code/valeria0801/mlproject]2;valeriarevolledo@MacBook-Air-de-Valeria]1;..801/mlproject]7;file://MacBook-Air-de-Valeria.local/Users/valeriarevolledo/code/valeria0801/mlprojects[0m[27m[24m[J[01;32mâžœ  [36mmlproject[00m [01;34mgit:([31mmaster[34m) [33mâœ—[00m [K[39C[ðŸ lewagon][51D[?1h=[?2004h[4ms[24m[4ms[4mc[24m[4ms[4mc[4mr[24m[4mr[4mi[24m[4mi[4mp[24m[24m[1m[31ms[24m[1m[31mc[24m[1m[31mr[24m[1m[31mi[24m[1m[31mp[1m[31ms[0m[39m[0m[39m[4ms[0m[39m[4mc[0m[39m[4mr[0m[39m[4mi[0m[39m[4mp[24m[0m[39m [24m[32ms[24m[32mc[24m[32mr[24m[32mi[24m[32mp[32mt[39m[39ms[39mc[39mr[39mi[39mp[39mt
[J[0mSCRIPT    [Jscript    [J[1;31mscripts[0m/[J[A[0m[27m[24m[28Cscript[K[33C[ðŸ lewagon][45DSCRIPT[1m=[0m
[J[7mSCRIPT  [0m  [Jscript    [J[1;31mscripts[0m/[J[A[0m[27m[24m[28CSCRIPT[1m=[0m[K[32C[ðŸ lewagon][44D
[7mSCRIPT  [0m  [7mSCRIPT  [0m  [A[0m[27m[24m[28CSCRIPT[1m=[0m[K[32C[ðŸ lewagon][44Dscript[0m 
[10C[7mscript  [0m  SCRIPT    [A[0m[27m[24m[28Cscript[K[33C[ðŸ lewagon][45Ds[1m/[0m
[20C[7mscripts/[0m[10Cscript    [A[0m[27m[24m[28Cscripts[1m/[0m[K[31C[ðŸ lewagon][43D
[J[A[36C[8D[4m[32ms[4m[32mc[4m[32mr[4m[32mi[4m[32mp[4m[32mt[4m[32ms[1m[4m[32m/[0m[24m[39m[4m[32ms[24m[39m[0m[24m[39m [?1l>[?2004l
[J]2;scripts]1;scriptsload-nvmrc:1: command not found: nvm
load-nvmrc:2: command not found: nvm_find_nvmrc
load-nvmrc:12: command not found: nvm
[1m[7m%[27m[1m[0m                                                                                ]7;file://MacBook-Air-de-Valeria.local/Users/valeriarevolledo/code/valeria0801/mlproject/scripts]2;valeriarevolledo@MacBook-Air-de-Valeria]1;..oject/scripts]7;file://MacBook-Air-de-Valeria.local/Users/valeriarevolledo/code/valeria0801/mlproject/scripts[0m[27m[24m[J[01;32mâžœ  [36mscripts[00m [01;34mgit:([31mmaster[34m) [33mâœ—[00m [K[41C[ðŸ lewagon][53D[?1h=[?2004h[32ml[39m[32ml[32ms[39m[?1l>[?2004l
]2;ls -G]1;lsmlproject-run
[1m[7m%[27m[1m[0m                                                                                ]7;file://MacBook-Air-de-Valeria.local/Users/valeriarevolledo/code/valeria0801/mlproject/scripts]2;valeriarevolledo@MacBook-Air-de-Valeria]1;..oject/scripts]7;file://MacBook-Air-de-Valeria.local/Users/valeriarevolledo/code/valeria0801/mlproject/scripts[0m[27m[24m[J[01;32mâžœ  [36mscripts[00m [01;34mgit:([31mmaster[34m) [33mâœ—[00m [K[41C[ðŸ lewagon][53D[?1h=[?2004h[32m.[39m[4m[32m.[4m[32m.[24m[39m[?1l>[?2004l
]2;..]1;..load-nvmrc:1: command not found: nvm
load-nvmrc:2: command not found: nvm_find_nvmrc
load-nvmrc:12: command not found: nvm
[1m[7m%[27m[1m[0m                                                                                ]7;file://MacBook-Air-de-Valeria.local/Users/valeriarevolledo/code/valeria0801/mlproject]2;valeriarevolledo@MacBook-Air-de-Valeria]1;..801/mlproject]7;file://MacBook-Air-de-Valeria.local/Users/valeriarevolledo/code/valeria0801/mlproject[0m[27m[24m[J[01;32mâžœ  [36mmlproject[00m [01;34mgit:([31mmaster[34m) [33mâœ—[00m [K[39C[ðŸ lewagon][51D[?1h=[?2004h[32m.[39m[4m[32m.[4m[32m.[24m[39m[?1l>[?2004l
]2;..]1;..load-nvmrc:1: command not found: nvm
load-nvmrc:2: command not found: nvm_find_nvmrc
load-nvmrc:12: command not found: nvm
[1m[7m%[27m[1m[0m                                                                                ]7;file://MacBook-Air-de-Valeria.local/Users/valeriarevolledo/code/valeria0801]2;valeriarevolledo@MacBook-Air-de-Valeria]1;..e/valeria0801]7;file://MacBook-Air-de-Valeria.local/Users/valeriarevolledo/code/valeria0801[0m[27m[24m[J[01;32mâžœ  [36mvaleria0801[00m [K[52C[ðŸ lewagon][64D[?1h=[?2004h[4mm[24m[4mm[4ml[24m[24mm[24ml
[J[0mmlflow         [J[1;31mmlproject[0m/     [Jmlproject-run[J[A[0m[27m[24m[15Cml[K[50C[ðŸ lewagon][62Dflow
[J[7mmlflow       [0m  [J[1;31mmlproject[0m/     [Jmlproject-run[J[A[0m[27m[24m[15Cmlflow[K[46C[ðŸ lewagon][58D
[7mmlflow       [0m  [7mmlflow       [0m  [A[0m[27m[24m[15Cmlflow[K[46C[ðŸ lewagon][58Dproject[1m/[0m
[15C[7mmlproject/   [0m  mlflow         [A[0m[27m[24m[15Cmlproject[1m/[0m[K[42C[ðŸ lewagon][54D
[J[A[25C[10D[4m[32mm[4m[32ml[4m[32mp[4m[32mr[4m[32mo[4m[32mj[4m[32me[4m[32mc[4m[32mt[1m[4m[32m/[0m[24m[39m[4m[32mt[24m[39m[0m[24m[39m [?1l>[?2004l
[J]2;mlproject]1;mlprojectload-nvmrc:1: command not found: nvm
load-nvmrc:2: command not found: nvm_find_nvmrc
load-nvmrc:12: command not found: nvm
[1m[7m%[27m[1m[0m                                                                                ]7;file://MacBook-Air-de-Valeria.local/Users/valeriarevolledo/code/valeria0801/mlproject]2;valeriarevolledo@MacBook-Air-de-Valeria]1;..801/mlproject]7;file://MacBook-Air-de-Valeria.local/Users/valeriarevolledo/code/valeria0801/mlproject[0m[27m[24m[J[01;32mâžœ  [36mmlproject[00m [01;34mgit:([31mmaster[34m) [33mâœ—[00m [K[39C[ðŸ lewagon][51D[?1h=[?2004h[4mm[24m[4mm[4ml[24m[24mm[24ml
[0mmlflow               mlproject-run                           
[J[1;31mmlproject[0m/           [J[1;31mmlproject.egg-info[0m/  [J                   [A[A[0m[27m[24m[28Cml[K[37C[ðŸ lewagon][49Dflow
[7mmlflow             [0m  mlproject-run                           [K
[J[1;31mmlproject[0m/           [J[1;31mmlproject.egg-info[0m/  [J                   [A[A[0m[27m[24m[28Cmlflow[K[33C[ðŸ lewagon][45D
[7mmlflow             [0m  [7mmlflow             [0m  [A[0m[27m[24m[28Cmlflow[K[33C[ðŸ lewagon][45Dproject[1m/[0m
[0mmlflow               [1B[7mmlproject/         [0m  [A[A[0m[27m[24m[28Cmlproject[1m/[0m[K[29C[ðŸ lewagon][41D
[J[A[38C[10D[4m[32mm[4m[32ml[4m[32mp[4m[32mr[4m[32mo[4m[32mj[4m[32me[4m[32mc[4m[32mt[1m[4m[32m/[0m[24m[39m[4m[32mt[24m[39m[0m[24m[39m [?1l>[?2004l
[J]2;mlproject]1;mlprojectload-nvmrc:1: command not found: nvm
load-nvmrc:2: command not found: nvm_find_nvmrc
load-nvmrc:12: command not found: nvm
[1m[7m%[27m[1m[0m                                                                                ]7;file://MacBook-Air-de-Valeria.local/Users/valeriarevolledo/code/valeria0801/mlproject/mlproject]2;valeriarevolledo@MacBook-Air-de-Valeria]1;..ect/mlproject]7;file://MacBook-Air-de-Valeria.local/Users/valeriarevolledo/code/valeria0801/mlproject/mlproject[0m[27m[24m[J[01;32mâžœ  [36mmlproject[00m [01;34mgit:([31mmaster[34m) [33mâœ—[00m [K[39C[ðŸ lewagon][51D[?1h=[?2004h[32mp[39m[1m[31mp[1m[31my[0m[39m[1m[31mp[1m[31my[1m[31mt[0m[39m[1m[31mt[1m[31mh[0m[39m[1m[31mh[1m[31mo[0m[39m[0m[32mp[0m[32my[0m[32mt[0m[32mh[0m[32mo[32mn[39m [4md[24m[4md[4mi[24m[4mi[4ms[24m[4ms[4mt[24m[4mt[4ma[24m[4ma[4mn[24m[4mn[4mc[24m[4mc[4me[24m[4me[4m.[24m[4m.[4mp[24m[4mp[4my[24m[?1l>[?2004l
]2;python distance.py]1;python7619.107122369841
[1m[7m%[27m[1m[0m                                                                                ]7;file://MacBook-Air-de-Valeria.local/Users/valeriarevolledo/code/valeria0801/mlproject/mlproject]2;valeriarevolledo@MacBook-Air-de-Valeria]1;..ect/mlproject]7;file://MacBook-Air-de-Valeria.local/Users/valeriarevolledo/code/valeria0801/mlproject/mlproject[0m[27m[24m[J[01;32mâžœ  [36mmlproject[00m [01;34mgit:([31mmaster[34m) [33mâœ—[00m [K[39C[ðŸ lewagon][51D[?1h=[?2004h[1m[31mi[0m[39m[1m[31mi[1m[31mp[0m[39m[1m[31mi[1m[31mp[1m[31my[0m[39m[1m[31my[1m[31mt[0m[39m[1m[31mt[1m[31mh[0m[39m[1m[31mh[1m[31mo[0m[39m[0m[32mi[0m[32mp[0m[32my[0m[32mt[0m[32mh[0m[32mo[32mn[39m[?1l>[?2004l
]2;ipython]1;ipython[22;0t]0;IPython: mlproject/mlprojectPython 3.8.6 (default, Jan 18 2021, 16:12:50) 
Type 'copyright', 'credits' or 'license' for more information
IPython 7.19.0 -- An enhanced Interactive Python. Type '?' for help.

[?1l[6n[?2004h[?25l[0m[?7l[0m[J[0;38;5;28mIn [[0;92;1m1[0;38;5;28m]: [8D[8C[?7h[0m[?12l[?25h[?25l[?7l[?7h[0m[?12l[?25h[?25l[?7l[0ma[?7h[0m[?12l[?25h[?25l[?7l[0m[K[?7h[0m[?12l[?25h[?25l[?7l[0mf[?7h[0m[?12l[?25h[?25l[?7l[0mr[?7h[0m[?12l[?25h[?25l[?7l[0mo[?7h[0m[?12l[?25h[?25l[?7l[0mm[?7h[0m[?12l[?25h[?25l[?7l[4D[0;38;5;28;1mfrom[C[?7h[0m[?12l[?25h[?25l[?7l[0;38;5;32;1mm[?7h[0m[?12l[?25h[?25l[?7l[0;38;5;32;1ml[?7h[0m[?12l[?25h[?25l[?7l[0;38;5;32;1mp[?7h[0m[?12l[?25h[?25l[?7l[0;38;5;32;1mr[?7h[0m[?12l[?25h[?25l[?7l[0;38;5;32;1mo[?7h[0m[?12l[?25h[?25l[?7l[0;38;5;32;1mj[?7h[0m[?12l[?25h[?25l[?7l[0;38;5;32;1me[?7h[0m[?12l[?25h[?25l[?7l[0;38;5;32;1mc[?7h[0m[?12l[?25h[?25l[?7l[0;38;5;32;1mt[?7h[0m[?12l[?25h[?25l[?7l[0m[K[?7h[0m[?12l[?25h[?25l[?7l[0m[K[?7h[0m[?12l[?25h[?25l[?7l[0m[K[?7h[0m[?12l[?25h[?25l[?7l[0m[K[?7h[0m[?12l[?25h[?25l[?7l[0m[K[?7h[0m[?12l[?25h[?25l[?7l[0m[K[?7h[0m[?12l[?25h[?25l[?7l[0m[K[?7h[0m[?12l[?25h[?25l[?7l[0m[K[?7h[0m[?12l[?25h[?25l[?7l[2D[0m[K[C[?7h[0m[?12l[?25h[?25l[?7l[5D[0mfrom[?7h[0m[?12l[?25h[?25l[?7l[0m[K[?7h[0m[?12l[?25h[?25l[?7l[0m[K[?7h[0m[?12l[?25h[?25l[?7l[0m[K[?7h[0m[?12l[?25h[?25l[?7l[0m[K[?7h[0m[?12l[?25h[?25l[?7l[?7h[0m[?12l[?25h[?25l[?7l[?7h[0m[?12l[?25h[?25l[?7l[?7h[0m[?12l[?25h[?25l[?7l[?7h[0m[?12l[?25h[?25l[?7l[?7h[0m[?12l[?25h[?25l[?7l[?7h[0m[?12l[?25h[?25l[?7l[0me[?7h[0m[?12l[?25h[?25l[?7l[0mx[?7h[0m[?12l[?25h[?25l[?7l[0mi[?7h[0m[?12l[?25h[?25l[?7l[0mt[?7h[0m[?12l[?25h[?25l[?7l[12D[0m[J[0;38;5;28mIn [[0;92;1m1[0;38;5;28m]: [0mexit[12D[0m
[J[?7h[0m[?12l[?25h[?2004l[23;0t[1m[7m%[27m[1m[0m                                                                                ]7;file://MacBook-Air-de-Valeria.local/Users/valeriarevolledo/code/valeria0801/mlproject/mlproject]2;valeriarevolledo@MacBook-Air-de-Valeria]1;..ect/mlproject]7;file://MacBook-Air-de-Valeria.local/Users/valeriarevolledo/code/valeria0801/mlproject/mlproject[0m[27m[24m[J[01;32mâžœ  [36mmlproject[00m [01;34mgit:([31mmaster[34m) [33mâœ—[00m [K[39C[ðŸ lewagon][51D[?1h=[?2004h[7mpython -i mlproject/distance.py[27m[31D[27m[32mp[27m[32my[27m[32mt[27m[32mh[27m[32mo[27m[32mn[39m[27m [27m-[27mi[27m [27mm[27ml[27mp[27mr[27mo[27mj[27me[27mc[27mt[27m/[27md[27mi[27ms[27mt[27ma[27mn[27mc[27me[27m.[27mp[27my[?1l>[?2004l
]2;python -i mlproject/distance.py]1;python/Users/valeriarevolledo/.pyenv/versions/lewagon/bin/python: can't open file 'mlproject/distance.py': [Errno 2] No such file or directory
[?2004h>>> exit()
[?2004l[1m[7m%[27m[1m[0m                                                                                ]7;file://MacBook-Air-de-Valeria.local/Users/valeriarevolledo/code/valeria0801/mlproject/mlproject]2;valeriarevolledo@MacBook-Air-de-Valeria]1;..ect/mlproject]7;file://MacBook-Air-de-Valeria.local/Users/valeriarevolledo/code/valeria0801/mlproject/mlproject[0m[27m[24m[J[01;32mâžœ  [36mmlproject[00m [01;34mgit:([31mmaster[34m) [33mâœ—[00m [K[39C[ðŸ lewagon][51D[?1h=[?2004h[7mpython -i mlproject/distance.py[27m[31D[27m[32mp[27m[32my[27m[32mt[27m[32mh[27m[32mo[27m[32mn[39m[27m [27m-[27mi[27m [27mm[27ml[27mp[27mr[27mo[27mj[27me[27mc[27mt[27m/[27md[27mi[27ms[27mt[27ma[27mn[27mc[27me[27m.[27mp[27my[?1l>[?2004l
]2;python -i mlproject/distance.py]1;python/Users/valeriarevolledo/.pyenv/versions/lewagon/bin/python: can't open file 'mlproject/distance.py': [Errno 2] No such file or directory
[?2004h>>> [7mpython -i mlproject/distance.py[27m[C[C[C[Cpython -i mlproject/distance.py
[?2004l  File "<stdin>", line 1
    python -i mlproject/distance.py
              ^
SyntaxError: invalid syntax
[?2004h>>> exit()
[?2004l[1m[7m%[27m[1m[0m                                                                                ]7;file://MacBook-Air-de-Valeria.local/Users/valeriarevolledo/code/valeria0801/mlproject/mlproject]2;valeriarevolledo@MacBook-Air-de-Valeria]1;..ect/mlproject]7;file://MacBook-Air-de-Valeria.local/Users/valeriarevolledo/code/valeria0801/mlproject/mlproject[0m[27m[24m[J[01;32mâžœ  [36mmlproject[00m [01;34mgit:([31mmaster[34m) [33mâœ—[00m [K[39C[ðŸ lewagon][51D[?1h=[?2004h[7mpython -i mlproject/distance.py[27m[31D[27m[32mp[27m[32my[27m[32mt[27m[32mh[27m[32mo[27m[32mn[39m[27m [27m-[27mi[27m [27mm[27ml[27mp[27mr[27mo[27mj[27me[27mc[27mt[27m/[27md[27mi[27ms[27mt[27ma[27mn[27mc[27me[27m.[27mp[27my[?1l>[?2004l
]2;python -i mlproject/distance.py]1;python/Users/valeriarevolledo/.pyenv/versions/lewagon/bin/python: can't open file 'mlproject/distance.py': [Errno 2] No such file or directory
[?2004h>>> exit()
[?2004l[1m[7m%[27m[1m[0m                                                                                ]7;file://MacBook-Air-de-Valeria.local/Users/valeriarevolledo/code/valeria0801/mlproject/mlproject]2;valeriarevolledo@MacBook-Air-de-Valeria]1;..ect/mlproject]7;file://MacBook-Air-de-Valeria.local/Users/valeriarevolledo/code/valeria0801/mlproject/mlproject[0m[27m[24m[J[01;32mâžœ  [36mmlproject[00m [01;34mgit:([31mmaster[34m) [33mâœ—[00m [K[39C[ðŸ lewagon][51D[?1h=[?2004h[32ml[39m[32ml[32ms[39m[?1l>[?2004l
]2;ls -G]1;ls__init__.py [1m[36m__pycache__[39;49m[0m [1m[36mdata[39;49m[0m        distance.py
[1m[7m%[27m[1m[0m                                                                                ]7;file://MacBook-Air-de-Valeria.local/Users/valeriarevolledo/code/valeria0801/mlproject/mlproject]2;valeriarevolledo@MacBook-Air-de-Valeria]1;..ect/mlproject]7;file://MacBook-Air-de-Valeria.local/Users/valeriarevolledo/code/valeria0801/mlproject/mlproject[0m[27m[24m[J[01;32mâžœ  [36mmlproject[00m [01;34mgit:([31mmaster[34m) [33mâœ—[00m [K[39C[ðŸ lewagon][51D[?1h=[?2004h[32m.[39m[4m[32m.[4m[32m.[24m[39m[24m[32m.[39m[24m[39m [39m [32m.[39m[4m[32m.[4m[32m.[24m[39m[?1l>[?2004l
]2;..]1;..load-nvmrc:1: command not found: nvm
load-nvmrc:2: command not found: nvm_find_nvmrc
load-nvmrc:12: command not found: nvm
[1m[7m%[27m[1m[0m                                                                                ]7;file://MacBook-Air-de-Valeria.local/Users/valeriarevolledo/code/valeria0801/mlproject]2;valeriarevolledo@MacBook-Air-de-Valeria]1;..801/mlproject]7;file://MacBook-Air-de-Valeria.local/Users/valeriarevolledo/code/valeria0801/mlproject[0m[27m[24m[J[01;32mâžœ  [36mmlproject[00m [01;34mgit:([31mmaster[34m) [33mâœ—[00m [K[39C[ðŸ lewagon][51D[?1h=[?2004h[32ml[39m[32ml[32ms[39m[?1l>[?2004l
]2;ls -G]1;lsMANIFEST.in        [1m[36mmlproject[39;49m[0m          [1m[36mraw_data[39;49m[0m           setup.py
Makefile           [1m[36mmlproject.egg-info[39;49m[0m requirements.txt   [1m[36mtests[39;49m[0m
README.md          [1m[36mnotebooks[39;49m[0m          [1m[36mscripts[39;49m[0m            typescript
[1m[7m%[27m[1m[0m                                                                                ]7;file://MacBook-Air-de-Valeria.local/Users/valeriarevolledo/code/valeria0801/mlproject]2;valeriarevolledo@MacBook-Air-de-Valeria]1;..801/mlproject]7;file://MacBook-Air-de-Valeria.local/Users/valeriarevolledo/code/valeria0801/mlproject[0m[27m[24m[J[01;32mâžœ  [36mmlproject[00m [01;34mgit:([31mmaster[34m) [33mâœ—[00m [K[39C[ðŸ lewagon][51D[?1h=[?2004h[32mls[39m[4m[32m.[4m[32m.[24m[39m[24m[32ml[24m[32ms[39m[32mp[32my[32mthon[39m -i [4mmlproject/distance.py[24m[?1l>[?2004l
]2;python -i mlproject/distance.py]1;python7619.107122369841
[?2004h>>> [7m-i mlproject/d[27m[K[C[C[C[C[1P-i mlproject[K[K[K[K[K[K[K[K[K[K[K[Kexit()
[?2004l[1m[7m%[27m[1m[0m                                                                                ]7;file://MacBook-Air-de-Valeria.local/Users/valeriarevolledo/code/valeria0801/mlproject]2;valeriarevolledo@MacBook-Air-de-Valeria]1;..801/mlproject]7;file://MacBook-Air-de-Valeria.local/Users/valeriarevolledo/code/valeria0801/mlproject[0m[27m[24m[J[01;32mâžœ  [36mmlproject[00m [01;34mgit:([31mmaster[34m) [33mâœ—[00m [K[39C[ðŸ lewagon][51D[?1h=[?2004h[32mt[39m[32mt[32mr[39m[1m[31mt[1m[31mr[1m[31me[0m[39m[0m[32mt[0m[32mr[0m[32me[32me[39m[?1l>[?2004l
]2;tree]1;tree.
â”œâ”€â”€ MANIFEST.in
â”œâ”€â”€ Makefile
â”œâ”€â”€ README.md
â”œâ”€â”€ mlproject
â”‚Â Â  â”œâ”€â”€ __init__.py
â”‚Â Â  â”œâ”€â”€ __pycache__
â”‚Â Â  â”‚Â Â  â””â”€â”€ __init__.cpython-38.pyc
â”‚Â Â  â”œâ”€â”€ data
â”‚Â Â  â””â”€â”€ distance.py
â”œâ”€â”€ mlproject.egg-info
â”‚Â Â  â”œâ”€â”€ PKG-INFO
â”‚Â Â  â”œâ”€â”€ SOURCES.txt
â”‚Â Â  â”œâ”€â”€ dependency_links.txt
â”‚Â Â  â”œâ”€â”€ not-zip-safe
â”‚Â Â  â”œâ”€â”€ requires.txt
â”‚Â Â  â””â”€â”€ top_level.txt
â”œâ”€â”€ notebooks
â”œâ”€â”€ raw_data
â”œâ”€â”€ requirements.txt
â”œâ”€â”€ scripts
â”‚Â Â  â””â”€â”€ mlproject-run
â”œâ”€â”€ setup.py
â”œâ”€â”€ tests
â”‚Â Â  â””â”€â”€ __init__.py
â””â”€â”€ typescript

8 directories, 17 files
[1m[7m%[27m[1m[0m                                                                                ]7;file://MacBook-Air-de-Valeria.local/Users/valeriarevolledo/code/valeria0801/mlproject]2;valeriarevolledo@MacBook-Air-de-Valeria]1;..801/mlproject]7;file://MacBook-Air-de-Valeria.local/Users/valeriarevolledo/code/valeria0801/mlproject[0m[27m[24m[J[01;32mâžœ  [36mmlproject[00m [01;34mgit:([31mmaster[34m) [33mâœ—[00m [K[39C[ðŸ lewagon][51D[?1h=[?2004h[7mpip install termcolor[27m[21D[27m[32mp[27m[32mi[27m[32mp[39m[27m [27mi[27mn[27ms[27mt[27ma[27ml[27ml[27m [27mt[27me[27mr[27mm[27mc[27mo[27ml[27mo[27mr[?1l>[?2004l
]2;pip install termcolor]1;pipRequirement already satisfied: termcolor in /Users/valeriarevolledo/.pyenv/versions/3.8.6/envs/lewagon/lib/python3.8/site-packages (1.1.0)
[1m[7m%[27m[1m[0m                                                                                ]7;file://MacBook-Air-de-Valeria.local/Users/valeriarevolledo/code/valeria0801/mlproject]2;valeriarevolledo@MacBook-Air-de-Valeria]1;..801/mlproject]7;file://MacBook-Air-de-Valeria.local/Users/valeriarevolledo/code/valeria0801/mlproject[0m[27m[24m[J[01;32mâžœ  [36mmlproject[00m [01;34mgit:([31mmaster[34m) [33mâœ—[00m [K[39C[ðŸ lewagon][51D[?1h=[?2004h[7m~/code/valeria0801/data-challenges/07-Data-Engineeri[7mn[7mg/01-Code-as-a-Product/02-Package-installation[27m[K
[K[A[A[28C[27m[4m[32m~[27m[4m[32m/[27m[4m[32mc[27m[4m[32mo[27m[4m[32md[27m[4m[32me[27m[4m[32m/[27m[4m[32mv[27m[4m[32ma[27m[4m[32ml[27m[4m[32me[27m[4m[32mr[27m[4m[32mi[27m[4m[32ma[27m[4m[32m0[27m[4m[32m8[27m[4m[32m0[27m[4m[32m1[27m[4m[32m/[27m[4m[32md[27m[4m[32ma[27m[4m[32mt[27m[4m[32ma[27m[4m[32m-[27m[4m[32mc[27m[4m[32mh[27m[4m[32ma[27m[4m[32ml[27m[4m[32ml[27m[4m[32me[27m[4m[32mn[27m[4m[32mg[27m[4m[32me[27m[4m[32ms[27m[4m[32m/[27m[4m[32m0[27m[4m[32m7[27m[4m[32m-[27m[4m[32mD[27m[4m[32ma[27m[4m[32mt[27m[4m[32ma[27m[4m[32m-[27m[4m[32mE[27m[4m[32mn[27m[4m[32mg[27m[4m[32mi[27m[4m[32mn[27m[4m[32me[27m[4m[32me[27m[4m[32mr[27m[4m[32mi[4m[32mn[27m[4m[32mg[27m[4m[32m/[27m[4m[32m0[27m[4m[32m1[27m[4m[32m-[27m[4m[32mC[27m[4m[32mo[27m[4m[32md[27m[4m[32me[27m[4m[32m-[27m[4m[32ma[27m[4m[32ms[27m[4m[32m-[27m[4m[32ma[27m[4m[32m-[27m[4m[32mP[27m[4m[32mr[27m[4m[32mo[27m[4m[32md[27m[4m[32mu[27m[4m[32mc[27m[4m[32mt[27m[4m[32m/[27m[4m[32m0[27m[4m[32m2[27m[4m[32m-[27m[4m[32mP[27m[4m[32ma[27m[4m[32mc[27m[4m[32mk[27m[4m[32ma[27m[4m[32mg[27m[4m[32me[27m[4m[32m-[27m[4m[32mi[27m[4m[32mn[27m[4m[32ms[27m[4m[32mt[27m[4m[32ma[27m[4m[32ml[27m[4m[32ml[27m[4m[32ma[27m[4m[32mt[27m[4m[32mi[27m[4m[32mo[27m[4m[32mn[24m[39m[1B[K[?1l>[?2004l
]2;]1;~/code/valeria0801/data-challenges/07-Data-Engineering/01-Code-as-a-Product/02-Package-installationload-nvmrc:1: command not found: nvm
load-nvmrc:2: command not found: nvm_find_nvmrc
load-nvmrc:12: command not found: nvm
[1m[7m%[27m[1m[0m                                                                                ]7;file://MacBook-Air-de-Valeria.local/Users/valeriarevolledo/code/valeria0801/data-challenges/07-Data-Engineering/01-Code-as-a-Product/02-Package-installation]2;valeriarevolledo@MacBook-Air-de-Valeria]1;..-installation]7;file://MacBook-Air-de-Valeria.local/Users/valeriarevolledo/code/valeria0801/data-challenges/07-Data-Engineering/01-Code-as-a-Product/02-Package-installation[0m[27m[24m[J[01;32mâžœ  [36m02-Package-installation[00m [01;34mgit:([31mmaster[34m)[00m [K[27C[ðŸ lewagon][39D[?1h=[?2004h[1m[31ms[0m[39m[0m[32ms[32mt[39m[32ms[32mt[32mt[39m[?1l>[?2004l
]2;'/Applications/Sublime Text.app/Contents/SharedSupport/bin/subl' .]1;stt[1m[7m%[27m[1m[0m                                                                                ]7;file://MacBook-Air-de-Valeria.local/Users/valeriarevolledo/code/valeria0801/data-challenges/07-Data-Engineering/01-Code-as-a-Product/02-Package-installation]2;valeriarevolledo@MacBook-Air-de-Valeria]1;..-installation]7;file://MacBook-Air-de-Valeria.local/Users/valeriarevolledo/code/valeria0801/data-challenges/07-Data-Engineering/01-Code-as-a-Product/02-Package-installation[0m[27m[24m[J[01;32mâžœ  [36m02-Package-installation[00m [01;34mgit:([31mmaster[34m)[00m [K[27C[ðŸ lewagon][39D[?1h=[?2004h[1m[31mc[0m[39m[0m[32mc[32md[39m[?1l>[?2004l
]2;cd]1;cdload-nvmrc:1: command not found: nvm
load-nvmrc:2: command not found: nvm_find_nvmrc
load-nvmrc:12: command not found: nvm
[1m[7m%[27m[1m[0m                                                                                ]7;file://MacBook-Air-de-Valeria.local/Users/valeriarevolledo]2;valeriarevolledo@MacBook-Air-de-Valeria]1;~]7;file://MacBook-Air-de-Valeria.local/Users/valeriarevolledo[0m[27m[24m[J[01;32mâžœ  [36m~[00m [K[62C[ðŸ lewagon][74D[?1h=[?2004h[4mc[24m[4mc[4mo[24m[4mc[4mo[4md[24m[4m[32mc[4m[32mo[4m[32md[4m[32me[24m[39m[?1l>[?2004l
]2;code]1;codeload-nvmrc:1: command not found: nvm
load-nvmrc:2: command not found: nvm_find_nvmrc
load-nvmrc:12: command not found: nvm
[1m[7m%[27m[1m[0m                                                                                ]7;file://MacBook-Air-de-Valeria.local/Users/valeriarevolledo/code]2;valeriarevolledo@MacBook-Air-de-Valeria]1;~/code]7;file://MacBook-Air-de-Valeria.local/Users/valeriarevolledo/code[0m[27m[24m[J[01;32mâžœ  [36mcode[00m [K[59C[ðŸ lewagon][71D[?1h=[?2004h[4mv[24m[4mv[4ma[24m[4mv[4ma[4ml[24m[4ml[4me[24m[4m[32mv[4m[32ma[4m[32ml[4m[32me[4m[32mria0801[1m[4m[32m/[0m[24m[39m[4m[32m1[24m[39m[0m[24m[39m [?1l>[?2004l
]2;valeria0801]1;valeria0801load-nvmrc:1: command not found: nvm
load-nvmrc:2: command not found: nvm_find_nvmrc
load-nvmrc:12: command not found: nvm
[1m[7m%[27m[1m[0m                                                                                ]7;file://MacBook-Air-de-Valeria.local/Users/valeriarevolledo/code/valeria0801]2;valeriarevolledo@MacBook-Air-de-Valeria]1;..e/valeria0801]7;file://MacBook-Air-de-Valeria.local/Users/valeriarevolledo/code/valeria0801[0m[27m[24m[J[01;32mâžœ  [36mvaleria0801[00m [K[52C[ðŸ lewagon][64D[?1h=[?2004h[32ml[39m[32ml[32ms[39m[?1l>[?2004l
]2;ls -G]1;ls[1m[36mdata-challenges[39;49m[0m [1m[36mdotfiles[39;49m[0m        [1m[36mmlproject[39;49m[0m       typescript
[1m[7m%[27m[1m[0m                                                                                ]7;file://MacBook-Air-de-Valeria.local/Users/valeriarevolledo/code/valeria0801]2;valeriarevolledo@MacBook-Air-de-Valeria]1;..e/valeria0801]7;file://MacBook-Air-de-Valeria.local/Users/valeriarevolledo/code/valeria0801[0m[27m[24m[J[01;32mâžœ  [36mvaleria0801[00m [K[52C[ðŸ lewagon][64D[?1h=[?2004h[4mm[24m[4mm[4ml[24m[24mm[24ml
[J[0mmlflow         [J[1;31mmlproject[0m/     [Jmlproject-run[J[A[0m[27m[24m[15Cml[K[50C[ðŸ lewagon][62Dflow
[J[7mmlflow       [0m  [J[1;31mmlproject[0m/     [Jmlproject-run[J[A[0m[27m[24m[15Cmlflow[K[46C[ðŸ lewagon][58D
[7mmlflow       [0m  [7mmlflow       [0m  [A[0m[27m[24m[15Cmlflow[K[46C[ðŸ lewagon][58Dproject[1m/[0m
[15C[7mmlproject/   [0m  mlflow         [A[0m[27m[24m[15Cmlproject[1m/[0m[K[42C[ðŸ lewagon][54D
[J[A[25C[10D[4m[32mm[4m[32ml[4m[32mp[4m[32mr[4m[32mo[4m[32mj[4m[32me[4m[32mc[4m[32mt[1m[4m[32m/[0m[24m[39m[4m[32mt[24m[39m[0m[24m[39m [?1l>[?2004l
[J]2;mlproject]1;mlprojectload-nvmrc:1: command not found: nvm
load-nvmrc:2: command not found: nvm_find_nvmrc
load-nvmrc:12: command not found: nvm
[1m[7m%[27m[1m[0m                                                                                ]7;file://MacBook-Air-de-Valeria.local/Users/valeriarevolledo/code/valeria0801/mlproject]2;valeriarevolledo@MacBook-Air-de-Valeria]1;..801/mlproject]7;file://MacBook-Air-de-Valeria.local/Users/valeriarevolledo/code/valeria0801/mlproject[0m[27m[24m[J[01;32mâžœ  [36mmlproject[00m [01;34mgit:([31mmaster[34m) [33mâœ—[00m [K[39C[ðŸ lewagon][51D[?1h=[?2004h[4mm[24m[4mm[4ml[24m[4mm[24m[24m [24m [4ms[24m[4ms[4mc[24m[4ms[4mc[4mr[24m[4mr[4mi[24m[24m[32ms[24m[32mc[24m[32mr[24m[32mi[32mpt[39m[39ms[39mc[39mr[39mi[39mp[39mt
[J[0mSCRIPT    [Jscript    [J[1;31mscripts[0m/[J[A[0m[27m[24m[28Cscript[K[33C[ðŸ lewagon][45DSCRIPT[1m=[0m
[J[7mSCRIPT  [0m  [Jscript    [J[1;31mscripts[0m/[J[A[0m[27m[24m[28CSCRIPT[1m=[0m[K[32C[ðŸ lewagon][44D
[7mSCRIPT  [0m  [7mSCRIPT  [0m  [A[0m[27m[24m[28CSCRIPT[1m=[0m[K[32C[ðŸ lewagon][44Dscript[0m 
[10C[7mscript  [0m  SCRIPT    [A[0m[27m[24m[28Cscript[K[33C[ðŸ lewagon][45Ds[1m/[0m
[20C[7mscripts/[0m[10Cscript    [A[0m[27m[24m[28Cscripts[1m/[0m[K[31C[ðŸ lewagon][43D
[J[A[36C[8D[4m[32ms[4m[32mc[4m[32mr[4m[32mi[4m[32mp[4m[32mt[4m[32ms[1m[4m[32m/[0m[24m[39m[4m[32ms[24m[39m[0m[24m[39m [?1l>[?2004l
[J]2;scripts]1;scriptsload-nvmrc:1: command not found: nvm
load-nvmrc:2: command not found: nvm_find_nvmrc
load-nvmrc:12: command not found: nvm
[1m[7m%[27m[1m[0m                                                                                ]7;file://MacBook-Air-de-Valeria.local/Users/valeriarevolledo/code/valeria0801/mlproject/scripts]2;valeriarevolledo@MacBook-Air-de-Valeria]1;..oject/scripts]7;file://MacBook-Air-de-Valeria.local/Users/valeriarevolledo/code/valeria0801/mlproject/scripts[0m[27m[24m[J[01;32mâžœ  [36mscripts[00m [01;34mgit:([31mmaster[34m) [33mâœ—[00m [K[41C[ðŸ lewagon][53D[?1h=[?2004h[32mt[39m[1m[31mt[1m[31mo[0m[39m[1m[31mt[1m[31mo[1m[31mc[0m[39m[1m[31mc[1m[31mu[0m[39m[1m[31mu[1m[31mh[0m[39m[1m[31mu[0m[39m[0m[39m [1m[31mc[0m[39m[0m[39m [1m[31mt[1m[31mo[0m[39m[0m[39m [1m[31mt[1m[31mo[1m[31mu[0m[39m[1m[31mu[1m[31mc[0m[39m[0m[32mt[0m[32mo[0m[32mu[0m[32mc[32mh[39m [39mt[39mo[39mu[39mc[39mh [7mmlproject-computedist[27m[27D[32mt[32mo[32mu[32mc[32mh[39m [27mm[27ml[27mp[27mr[27mo[27mj[27me[27mc[27mt[27m-[27mc[27mo[27mm[27mp[27mu[27mt[27me[27md[27mi[27ms[27mt[?1l>[?2004l
]2;touch mlproject-computedist]1;touch[1m[7m%[27m[1m[0m                                                                                ]7;file://MacBook-Air-de-Valeria.local/Users/valeriarevolledo/code/valeria0801/mlproject/scripts]2;valeriarevolledo@MacBook-Air-de-Valeria]1;..oject/scripts]7;file://MacBook-Air-de-Valeria.local/Users/valeriarevolledo/code/valeria0801/mlproject/scripts[0m[27m[24m[J[01;32mâžœ  [36mscripts[00m [01;34mgit:([31mmaster[34m) [33mâœ—[00m [K[41C[ðŸ lewagon][53D[?1h=[?2004h[7m~/code/valeria0801/data-challenges/07-Data-Engineering[7m/[7m01-Code-as-a-Product/02-Package-installation[27m[K
[K[A[A[26C[27m[4m[32m~[27m[4m[32m/[27m[4m[32mc[27m[4m[32mo[27m[4m[32md[27m[4m[32me[27m[4m[32m/[27m[4m[32mv[27m[4m[32ma[27m[4m[32ml[27m[4m[32me[27m[4m[32mr[27m[4m[32mi[27m[4m[32ma[27m[4m[32m0[27m[4m[32m8[27m[4m[32m0[27m[4m[32m1[27m[4m[32m/[27m[4m[32md[27m[4m[32ma[27m[4m[32mt[27m[4m[32ma[27m[4m[32m-[27m[4m[32mc[27m[4m[32mh[27m[4m[32ma[27m[4m[32ml[27m[4m[32ml[27m[4m[32me[27m[4m[32mn[27m[4m[32mg[27m[4m[32me[27m[4m[32ms[27m[4m[32m/[27m[4m[32m0[27m[4m[32m7[27m[4m[32m-[27m[4m[32mD[27m[4m[32ma[27m[4m[32mt[27m[4m[32ma[27m[4m[32m-[27m[4m[32mE[27m[4m[32mn[27m[4m[32mg[27m[4m[32mi[27m[4m[32mn[27m[4m[32me[27m[4m[32me[27m[4m[32mr[27m[4m[32mi[27m[4m[32mn[27m[4m[32mg[4m[32m/[27m[4m[32m0[27m[4m[32m1[27m[4m[32m-[27m[4m[32mC[27m[4m[32mo[27m[4m[32md[27m[4m[32me[27m[4m[32m-[27m[4m[32ma[27m[4m[32ms[27m[4m[32m-[27m[4m[32ma[27m[4m[32m-[27m[4m[32mP[27m[4m[32mr[27m[4m[32mo[27m[4m[32md[27m[4m[32mu[27m[4m[32mc[27m[4m[32mt[27m[4m[32m/[27m[4m[32m0[27m[4m[32m2[27m[4m[32m-[27m[4m[32mP[27m[4m[32ma[27m[4m[32mc[27m[4m[32mk[27m[4m[32ma[27m[4m[32mg[27m[4m[32me[27m[4m[32m-[27m[4m[32mi[27m[4m[32mn[27m[4m[32ms[27m[4m[32mt[27m[4m[32ma[27m[4m[32ml[27m[4m[32ml[27m[4m[32ma[27m[4m[32mt[27m[4m[32mi[27m[4m[32mo[27m[4m[32mn[24m[39m[1B[K[?1l>[?2004l
]2;]1;~/code/valeria0801/data-challenges/07-Data-Engineering/01-Code-as-a-Product/02-Package-installationload-nvmrc:1: command not found: nvm
load-nvmrc:2: command not found: nvm_find_nvmrc
load-nvmrc:12: command not found: nvm
[1m[7m%[27m[1m[0m                                                                                ]7;file://MacBook-Air-de-Valeria.local/Users/valeriarevolledo/code/valeria0801/data-challenges/07-Data-Engineering/01-Code-as-a-Product/02-Package-installation]2;valeriarevolledo@MacBook-Air-de-Valeria]1;..-installation]7;file://MacBook-Air-de-Valeria.local/Users/valeriarevolledo/code/valeria0801/data-challenges/07-Data-Engineering/01-Code-as-a-Product/02-Package-installation[0m[27m[24m[J[01;32mâžœ  [36m02-Package-installation[00m [01;34mgit:([31mmaster[34m)[00m [K[27C[ðŸ lewagon][39D[?1h=[?2004h[1m[31ms[0m[39m[0m[32ms[32mt[39m[32ms[32mt[32mt[39m[?1l>[?2004l
]2;'/Applications/Sublime Text.app/Contents/SharedSupport/bin/subl' .]1;stt[1m[7m%[27m[1m[0m                                                                                ]7;file://MacBook-Air-de-Valeria.local/Users/valeriarevolledo/code/valeria0801/data-challenges/07-Data-Engineering/01-Code-as-a-Product/02-Package-installation]2;valeriarevolledo@MacBook-Air-de-Valeria]1;..-installation]7;file://MacBook-Air-de-Valeria.local/Users/valeriarevolledo/code/valeria0801/data-challenges/07-Data-Engineering/01-Code-as-a-Product/02-Package-installation[0m[27m[24m[J[01;32mâžœ  [36m02-Package-installation[00m [01;34mgit:([31mmaster[34m)[00m [K[27C[ðŸ lewagon][39D[?1h=[?2004h[32m.[39m[4m[32m.[4m[32m.[24m[39m[?1l>[?2004l
]2;..]1;..load-nvmrc:1: command not found: nvm
load-nvmrc:2: command not found: nvm_find_nvmrc
load-nvmrc:12: command not found: nvm
[1m[7m%[27m[1m[0m                                                                                ]7;file://MacBook-Air-de-Valeria.local/Users/valeriarevolledo/code/valeria0801/data-challenges/07-Data-Engineering/01-Code-as-a-Product]2;valeriarevolledo@MacBook-Air-de-Valeria]1;..-as-a-Product]7;file://MacBook-Air-de-Valeria.local/Users/valeriarevolledo/code/valeria0801/data-challenges/07-Data-Engineering/01-Code-as-a-Product[0m[27m[24m[J[01;32mâžœ  [36m01-Code-as-a-Product[00m [01;34mgit:([31mmaster[34m)[00m [K[30C[ðŸ lewagon][42D[?1h=[?2004h[32m.[39m[4m[32m.[4m[32m.[24m[39m[24m[36m.[24m[36m.[36m.[39m[4m[32m.[4m[32m.[24m[39m[39m [?1l>[?2004l
]2;..]1;..load-nvmrc:1: command not found: nvm
load-nvmrc:2: command not found: nvm_find_nvmrc
load-nvmrc:12: command not found: nvm
[1m[7m%[27m[1m[0m                                                                                ]7;file://MacBook-Air-de-Valeria.local/Users/valeriarevolledo/code/valeria0801/data-challenges/07-Data-Engineering]2;valeriarevolledo@MacBook-Air-de-Valeria]1;..a-Engineering]7;file://MacBook-Air-de-Valeria.local/Users/valeriarevolledo/code/valeria0801/data-challenges/07-Data-Engineering[0m[27m[24m[J[01;32mâžœ  [36m07-Data-Engineering[00m [01;34mgit:([31mmaster[34m)[00m [K[31C[ðŸ lewagon][43D[?1h=[?2004h[1m[31mc[0m[39m[0m[32mc[32md[39m[?1l>[?2004l
]2;cd]1;cdload-nvmrc:1: command not found: nvm
load-nvmrc:2: command not found: nvm_find_nvmrc
load-nvmrc:12: command not found: nvm
[1m[7m%[27m[1m[0m                                                                                ]7;file://MacBook-Air-de-Valeria.local/Users/valeriarevolledo]2;valeriarevolledo@MacBook-Air-de-Valeria]1;~]7;file://MacBook-Air-de-Valeria.local/Users/valeriarevolledo[0m[27m[24m[J[01;32mâžœ  [36m~[00m [K[62C[ðŸ lewagon][74D[?1h=[?2004h[4mc[24m[4mc[4mo[24m[4mc[4mo[4md[24m[4m[32mc[4m[32mo[4m[32md[4m[32me[24m[39m[?1l>[?2004l
]2;code]1;codeload-nvmrc:1: command not found: nvm
load-nvmrc:2: command not found: nvm_find_nvmrc
load-nvmrc:12: command not found: nvm
[1m[7m%[27m[1m[0m                                                                                ]7;file://MacBook-Air-de-Valeria.local/Users/valeriarevolledo/code]2;valeriarevolledo@MacBook-Air-de-Valeria]1;~/code]7;file://MacBook-Air-de-Valeria.local/Users/valeriarevolledo/code[0m[27m[24m[J[01;32mâžœ  [36mcode[00m [K[59C[ðŸ lewagon][71D[?1h=[?2004h[4mv[24m[4mv[4ma[24m[24m[1m[31mv[24m[1m[31ma[1m[31me[0m[39m[1m[31me[1m[31ml[0m[39m[1m[31me[0m[39m[0m[39m [0m[39m[4mv[0m[39m[4ma[24m[0m[39m [4mv[4ma[4ml[24m[4ml[4me[24m[4m[32mv[4m[32ma[4m[32ml[4m[32me[4m[32mria0801[1m[4m[32m/[0m[24m[39m[4m[32m1[24m[39m[0m[24m[39m [?1l>[?2004l
]2;valeria0801]1;valeria0801load-nvmrc:1: command not found: nvm
load-nvmrc:2: command not found: nvm_find_nvmrc
load-nvmrc:12: command not found: nvm
[1m[7m%[27m[1m[0m                                                                                ]7;file://MacBook-Air-de-Valeria.local/Users/valeriarevolledo/code/valeria0801]2;valeriarevolledo@MacBook-Air-de-Valeria]1;..e/valeria0801]7;file://MacBook-Air-de-Valeria.local/Users/valeriarevolledo/code/valeria0801[0m[27m[24m[J[01;32mâžœ  [36mvaleria0801[00m [K[52C[ðŸ lewagon][64D[?1h=[?2004h[4mm[24m[4mm[4ml[24m[24mm[24ml
[J[0mmlflow         [J[1;31mmlproject[0m/     [Jmlproject-run[J[A[0m[27m[24m[15Cml[K[50C[ðŸ lewagon][62Dflow
[J[7mmlflow       [0m  [J[1;31mmlproject[0m/     [Jmlproject-run[J[A[0m[27m[24m[15Cmlflow[K[46C[ðŸ lewagon][58D
[7mmlflow       [0m  [7mmlflow       [0m  [A[0m[27m[24m[15Cmlflow[K[46C[ðŸ lewagon][58Dproject[1m/[0m
[15C[7mmlproject/   [0m  mlflow         [A[0m[27m[24m[15Cmlproject[1m/[0m[K[42C[ðŸ lewagon][54D
[J[A[25C[10D[4m[32mm[4m[32ml[4m[32mp[4m[32mr[4m[32mo[4m[32mj[4m[32me[4m[32mc[4m[32mt[1m[4m[32m/[0m[24m[39m[4m[32mt[24m[39m[0m[24m[39m [?1l>[?2004l
[J]2;mlproject]1;mlprojectload-nvmrc:1: command not found: nvm
load-nvmrc:2: command not found: nvm_find_nvmrc
load-nvmrc:12: command not found: nvm
[1m[7m%[27m[1m[0m                                                                                ]7;file://MacBook-Air-de-Valeria.local/Users/valeriarevolledo/code/valeria0801/mlproject]2;valeriarevolledo@MacBook-Air-de-Valeria]1;..801/mlproject]7;file://MacBook-Air-de-Valeria.local/Users/valeriarevolledo/code/valeria0801/mlproject[0m[27m[24m[J[01;32mâžœ  [36mmlproject[00m [01;34mgit:([31mmaster[34m) [33mâœ—[00m [K[39C[ðŸ lewagon][51D[?1h=[?2004h[4mm[24m[4mm[4ml[24m[24mm[24ml
[0mmlflow               mlproject-run                           
[J[1;31mmlproject[0m/           [J[1;31mmlproject.egg-info[0m/  [J                   [A[A[0m[27m[24m[28Cml[K[37C[ðŸ lewagon][49Dflow
[7mmlflow             [0m  mlproject-run                           [K
[J[1;31mmlproject[0m/           [J[1;31mmlproject.egg-info[0m/  [J                   [A[A[0m[27m[24m[28Cmlflow[K[33C[ðŸ lewagon][45D
[7mmlflow             [0m  [7mmlflow             [0m  [A[0m[27m[24m[28Cmlflow[K[33C[ðŸ lewagon][45Dproject[1m/[0m
[0mmlflow               [1B[7mmlproject/         [0m  [A[A[0m[27m[24m[28Cmlproject[1m/[0m[K[29C[ðŸ lewagon][41D
[J[A[38C[10D[4m[32mm[4m[32ml[4m[32mp[4m[32mr[4m[32mo[4m[32mj[4m[32me[4m[32mc[4m[32mt[1m[4m[32m/[0m[24m[39m[4m[32mt[24m[39m[0m[24m[39m [?1l>[?2004l
[J]2;mlproject]1;mlprojectload-nvmrc:1: command not found: nvm
load-nvmrc:2: command not found: nvm_find_nvmrc
load-nvmrc:12: command not found: nvm
[1m[7m%[27m[1m[0m                                                                                ]7;file://MacBook-Air-de-Valeria.local/Users/valeriarevolledo/code/valeria0801/mlproject/mlproject]2;valeriarevolledo@MacBook-Air-de-Valeria]1;..ect/mlproject]7;file://MacBook-Air-de-Valeria.local/Users/valeriarevolledo/code/valeria0801/mlproject/mlproject[0m[27m[24m[J[01;32mâžœ  [36mmlproject[00m [01;34mgit:([31mmaster[34m) [33mâœ—[00m [K[39C[ðŸ lewagon][51D[?1h=[?2004h[1m[31ms[0m[39m[1m[31ms[1m[31mc[0m[39m[1m[31ms[1m[31mc[1m[31mr[0m[39m[0m[39ms[0m[39mc[0m[39mr
[J[0mSCREEN_NO      [JSCRIPT         [Jscreen         [Jscreencapture  [Jscript       [J[A[0m[27m[24m[28Cscr[K[36C[ðŸ lewagon][48DSCREEN_NO[1m=[0m
[J[7mSCREEN_NO    [0m  [JSCRIPT         [Jscreen         [Jscreencapture  [Jscript       [J[A[0m[27m[24m[28CSCREEN_NO[1m=[0m[K[29C[ðŸ lewagon][41D
[7mSCREEN_NO    [0m  [7mSCREEN_NO    [0m  [A[0m[27m[24m[28CSCREEN_NO[1m=[0m[K[29C[ðŸ lewagon][41DIPT[1m=[0m  [0m 
[15C[7mSCRIPT       [0m  SCREEN_NO      [A[0m[27m[24m[28CSCRIPT[1m=[0m[K[32C[ðŸ lewagon][44Dscreen[0m 
[30C[7mscreen       [0m  [15CSCRIPT         [A[0m[27m[24m[28Cscreen[K[33C[ðŸ lewagon][45Dcapture
[45C[7mscreencapture[0m  [30Cscreen         [A[0m[27m[24m[28Cscreencapture[K[26C[ðŸ lewagon][38D[10Dipt       
[60C[7mscript       [0m[45Cscreencapture  [A[0m[27m[24m[28Cscript[K[33C[ðŸ lewagon][45DSCREEN_NO[1m=[0m
[7mSCREEN_NO    [0m  [60Cscript       [A[0m[27m[24m[28CSCREEN_NO[1m=[0m[K[29C[ðŸ lewagon][41D
[J[A[38C[10D[1m[31mS[1m[31mC[1m[31mR[1m[31mE[1m[31mE[1m[31mN[1m[31m_[1m[31mN[1m[31mO[0m[39m[0m [1m[31mN[0m[39m[0m[39m [1m[31m_[0m[39m[0m[39m [0m[32mS[0m[32mC[0m[32mR[0m[32mE[0m[32mE[0m[32mN[39m[0m[39m [1m[31mS[1m[31mC[1m[31mR[1m[31mE[1m[31mE[0m[39m[39m [1m[31mE[0m[39m[0m[39m [1m[31mR[0m[39m[0m[39m [1m[31mS[1m[31mC[0m[39m[0m[39m [1m[31mS[0m[39m[0m[39m [0m[39m [32ml[39m[32ml[32ms[39m[?1l>[?2004l
[J]2;ls -G]1;ls__init__.py [1m[36m__pycache__[39;49m[0m [1m[36mdata[39;49m[0m        distance.py
[1m[7m%[27m[1m[0m                                                                                ]7;file://MacBook-Air-de-Valeria.local/Users/valeriarevolledo/code/valeria0801/mlproject/mlproject]2;valeriarevolledo@MacBook-Air-de-Valeria]1;..ect/mlproject]7;file://MacBook-Air-de-Valeria.local/Users/valeriarevolledo/code/valeria0801/mlproject/mlproject[0m[27m[24m[J[01;32mâžœ  [36mmlproject[00m [01;34mgit:([31mmaster[34m) [33mâœ—[00m [K[39C[ðŸ lewagon][51D[?1h=[?2004h[32m.[39m[4m[32m.[4m[32m.[24m[39m[?1l>[?2004l
]2;..]1;..load-nvmrc:1: command not found: nvm
load-nvmrc:2: command not found: nvm_find_nvmrc
load-nvmrc:12: command not found: nvm
[1m[7m%[27m[1m[0m                                                                                ]7;file://MacBook-Air-de-Valeria.local/Users/valeriarevolledo/code/valeria0801/mlproject]2;valeriarevolledo@MacBook-Air-de-Valeria]1;..801/mlproject]7;file://MacBook-Air-de-Valeria.local/Users/valeriarevolledo/code/valeria0801/mlproject[0m[27m[24m[J[01;32mâžœ  [36mmlproject[00m [01;34mgit:([31mmaster[34m) [33mâœ—[00m [K[39C[ðŸ lewagon][51D[?1h=[?2004h[4ms[24m[4ms[4mc[24m[4ms[4mc[4mr[24m[24ms[24mc[24mr
[0mSCREEN_NO      screen         script                                   
[JSCRIPT         [Jscreencapture  [J[1;31mscripts[0m/       [J                          [A[A[0m[27m[24m[28Cscr[K[36C[ðŸ lewagon][48DSCREEN_NO[1m=[0m
[7mSCREEN_NO    [0m  screen         script                                   [K
[JSCRIPT         [Jscreencapture  [J[1;31mscripts[0m/       [J                          [A[A[0m[27m[24m[28CSCREEN_NO[1m=[0m[K[29C[ðŸ lewagon][41D
[7mSCREEN_NO    [0m  [7mSCREEN_NO    [0m  [A[0m[27m[24m[28CSCREEN_NO[1m=[0m[K[29C[ðŸ lewagon][41DIPT[1m=[0m  [0m 
[0mSCREEN_NO      [1B[7mSCRIPT       [0m  [A[A[0m[27m[24m[28CSCRIPT[1m=[0m[K[32C[ðŸ lewagon][44Dscreen[0m 
[15C[7mscreen       [0m  [1BSCRIPT         [A[A[0m[27m[24m[28Cscreen[K[33C[ðŸ lewagon][45Dcapture
[15C[0mscreen         [1B[15C[7mscreencapture[0m  [A[A[0m[27m[24m[28Cscreencapture[K[26C[ðŸ lewagon][38D[10Dipt       
[30C[7mscript       [0m[1B[15Cscreencapture  [A[A[0m[27m[24m[28Cscript[K[33C[ðŸ lewagon][45Ds[1m/[0m
[30C[0mscript       [1B[30C[7mscripts/     [0m[A[A[0m[27m[24m[28Cscripts[1m/[0m[K[31C[ðŸ lewagon][43D
[J[A[36C[8D[4m[32ms[4m[32mc[4m[32mr[4m[32mi[4m[32mp[4m[32mt[4m[32ms[1m[4m[32m/[0m[24m[39m[4m[32ms[24m[39m[0m[24m[39m [?1l>[?2004l
[J]2;scripts]1;scriptsload-nvmrc:1: command not found: nvm
load-nvmrc:2: command not found: nvm_find_nvmrc
load-nvmrc:12: command not found: nvm
[1m[7m%[27m[1m[0m                                                                                ]7;file://MacBook-Air-de-Valeria.local/Users/valeriarevolledo/code/valeria0801/mlproject/scripts]2;valeriarevolledo@MacBook-Air-de-Valeria]1;..oject/scripts]7;file://MacBook-Air-de-Valeria.local/Users/valeriarevolledo/code/valeria0801/mlproject/scripts[0m[27m[24m[J[01;32mâžœ  [36mscripts[00m [01;34mgit:([31mmaster[34m) [33mâœ—[00m [K[41C[ðŸ lewagon][53D[?1h=[?2004h[32ml[39m[32ml[32ms[39m[?1l>[?2004l
]2;ls -G]1;lsmlproject-computedist mlproject-run
[1m[7m%[27m[1m[0m                                                                                ]7;file://MacBook-Air-de-Valeria.local/Users/valeriarevolledo/code/valeria0801/mlproject/scripts]2;valeriarevolledo@MacBook-Air-de-Valeria]1;..oject/scripts]7;file://MacBook-Air-de-Valeria.local/Users/valeriarevolledo/code/valeria0801/mlproject/scripts[0m[27m[24m[J[01;32mâžœ  [36mscripts[00m [01;34mgit:([31mmaster[34m) [33mâœ—[00m [K[41C[ðŸ lewagon][53D[?1h=[?2004h[32mt[39m[32mt[32mr[39m[1m[31mt[1m[31mr[1m[31me[0m[39m[0m[32mt[0m[32mr[0m[32me[32me[39m[?1l>[?2004l
]2;tree]1;tree.
â”œâ”€â”€ mlproject-computedist
â””â”€â”€ mlproject-run

0 directories, 2 files
[1m[7m%[27m[1m[0m                                                                                ]7;file://MacBook-Air-de-Valeria.local/Users/valeriarevolledo/code/valeria0801/mlproject/scripts]2;valeriarevolledo@MacBook-Air-de-Valeria]1;..oject/scripts]7;file://MacBook-Air-de-Valeria.local/Users/valeriarevolledo/code/valeria0801/mlproject/scripts[0m[27m[24m[J[01;32mâžœ  [36mscripts[00m [01;34mgit:([31mmaster[34m) [33mâœ—[00m [K[41C[ðŸ lewagon][53D[?1h=[?2004h[32mt[39m[32mt[32mr[39m[1m[31mt[1m[31mr[1m[31me[0m[39m[0m[32mt[0m[32mr[0m[32me[32me[39m[?1l>[?2004l
]2;tree]1;tree.
â”œâ”€â”€ mlproject-computedist
â””â”€â”€ mlproject-run

0 directories, 2 files
[1m[7m%[27m[1m[0m                                                                                ]7;file://MacBook-Air-de-Valeria.local/Users/valeriarevolledo/code/valeria0801/mlproject/scripts]2;valeriarevolledo@MacBook-Air-de-Valeria]1;..oject/scripts]7;file://MacBook-Air-de-Valeria.local/Users/valeriarevolledo/code/valeria0801/mlproject/scripts[0m[27m[24m[J[01;32mâžœ  [36mscripts[00m [01;34mgit:([31mmaster[34m) [33mâœ—[00m [K[41C[ðŸ lewagon][53D[?1h=[?2004h[32m.[39m[4m[32m.[4m[32m.[24m[39m[?1l>[?2004l
]2;..]1;..load-nvmrc:1: command not found: nvm
load-nvmrc:2: command not found: nvm_find_nvmrc
load-nvmrc:12: command not found: nvm
[1m[7m%[27m[1m[0m                                                                                ]7;file://MacBook-Air-de-Valeria.local/Users/valeriarevolledo/code/valeria0801/mlproject]2;valeriarevolledo@MacBook-Air-de-Valeria]1;..801/mlproject]7;file://MacBook-Air-de-Valeria.local/Users/valeriarevolledo/code/valeria0801/mlproject[0m[27m[24m[J[01;32mâžœ  [36mmlproject[00m [01;34mgit:([31mmaster[34m) [33mâœ—[00m [K[39C[ðŸ lewagon][51D[?1h=[?2004h[32ml[39m[32ml[32ms[39m[?1l>[?2004l
]2;ls -G]1;lsMANIFEST.in        [1m[36mmlproject[39;49m[0m          [1m[36mraw_data[39;49m[0m           setup.py
Makefile           [1m[36mmlproject.egg-info[39;49m[0m requirements.txt   [1m[36mtests[39;49m[0m
README.md          [1m[36mnotebooks[39;49m[0m          [1m[36mscripts[39;49m[0m            typescript
[1m[7m%[27m[1m[0m                                                                                ]7;file://MacBook-Air-de-Valeria.local/Users/valeriarevolledo/code/valeria0801/mlproject]2;valeriarevolledo@MacBook-Air-de-Valeria]1;..801/mlproject]7;file://MacBook-Air-de-Valeria.local/Users/valeriarevolledo/code/valeria0801/mlproject[0m[27m[24m[J[01;32mâžœ  [36mmlproject[00m [01;34mgit:([31mmaster[34m) [33mâœ—[00m [K[39C[ðŸ lewagon][51D[?1h=[?2004h[32mt[39m[32mt[32mr[39m[1m[31mt[1m[31mr[1m[31me[0m[39m[0m[32mt[0m[32mr[0m[32me[32me[39m[?1l>[?2004l
]2;tree]1;tree.
â”œâ”€â”€ MANIFEST.in
â”œâ”€â”€ Makefile
â”œâ”€â”€ README.md
â”œâ”€â”€ mlproject
â”‚Â Â  â”œâ”€â”€ __init__.py
â”‚Â Â  â”œâ”€â”€ __pycache__
â”‚Â Â  â”‚Â Â  â””â”€â”€ __init__.cpython-38.pyc
â”‚Â Â  â”œâ”€â”€ data
â”‚Â Â  â””â”€â”€ distance.py
â”œâ”€â”€ mlproject.egg-info
â”‚Â Â  â”œâ”€â”€ PKG-INFO
â”‚Â Â  â”œâ”€â”€ SOURCES.txt
â”‚Â Â  â”œâ”€â”€ dependency_links.txt
â”‚Â Â  â”œâ”€â”€ not-zip-safe
â”‚Â Â  â”œâ”€â”€ requires.txt
â”‚Â Â  â””â”€â”€ top_level.txt
â”œâ”€â”€ notebooks
â”œâ”€â”€ raw_data
â”œâ”€â”€ requirements.txt
â”œâ”€â”€ scripts
â”‚Â Â  â”œâ”€â”€ mlproject-computedist
â”‚Â Â  â””â”€â”€ mlproject-run
â”œâ”€â”€ setup.py
â”œâ”€â”€ tests
â”‚Â Â  â””â”€â”€ __init__.py
â””â”€â”€ typescript

8 directories, 18 files
[1m[7m%[27m[1m[0m                                                                                ]7;file://MacBook-Air-de-Valeria.local/Users/valeriarevolledo/code/valeria0801/mlproject]2;valeriarevolledo@MacBook-Air-de-Valeria]1;..801/mlproject]7;file://MacBook-Air-de-Valeria.local/Users/valeriarevolledo/code/valeria0801/mlproject[0m[27m[24m[J[01;32mâžœ  [36mmlproject[00m [01;34mgit:([31mmaster[34m) [33mâœ—[00m [K[39C[ðŸ lewagon][51D[?1h=[?2004h[32m.[39m[4m[32m.[4m[32m.[24m[39m[?1l>[?2004l
]2;..]1;..load-nvmrc:1: command not found: nvm
load-nvmrc:2: command not found: nvm_find_nvmrc
load-nvmrc:12: command not found: nvm
[1m[7m%[27m[1m[0m                                                                                ]7;file://MacBook-Air-de-Valeria.local/Users/valeriarevolledo/code/valeria0801]2;valeriarevolledo@MacBook-Air-de-Valeria]1;..e/valeria0801]7;file://MacBook-Air-de-Valeria.local/Users/valeriarevolledo/code/valeria0801[0m[27m[24m[J[01;32mâžœ  [36mvaleria0801[00m [K[52C[ðŸ lewagon][64D[?1h=[?2004h[4mm[24m[4mm[4ml[24m[24mm[24ml
[J[0mmlflow         [J[1;31mmlproject[0m/     [Jmlproject-run[J[A[0m[27m[24m[15Cml[K[50C[ðŸ lewagon][62Dflow
[J[7mmlflow       [0m  [J[1;31mmlproject[0m/     [Jmlproject-run[J[A[0m[27m[24m[15Cmlflow[K[46C[ðŸ lewagon][58D
[7mmlflow       [0m  [7mmlflow       [0m  [A[0m[27m[24m[15Cmlflow[K[46C[ðŸ lewagon][58Dproject[1m/[0m
[15C[7mmlproject/   [0m  mlflow         [A[0m[27m[24m[15Cmlproject[1m/[0m[K[42C[ðŸ lewagon][54D
[J[A[25C[10D[4m[32mm[4m[32ml[4m[32mp[4m[32mr[4m[32mo[4m[32mj[4m[32me[4m[32mc[4m[32mt[1m[4m[32m/[0m[24m[39m[4m[32mt[24m[39m[0m[24m[39m [?1l>[?2004l
[J]2;mlproject]1;mlprojectload-nvmrc:1: command not found: nvm
load-nvmrc:2: command not found: nvm_find_nvmrc
load-nvmrc:12: command not found: nvm
[1m[7m%[27m[1m[0m                                                                                ]7;file://MacBook-Air-de-Valeria.local/Users/valeriarevolledo/code/valeria0801/mlproject]2;valeriarevolledo@MacBook-Air-de-Valeria]1;..801/mlproject]7;file://MacBook-Air-de-Valeria.local/Users/valeriarevolledo/code/valeria0801/mlproject[0m[27m[24m[J[01;32mâžœ  [36mmlproject[00m [01;34mgit:([31mmaster[34m) [33mâœ—[00m [K[39C[ðŸ lewagon][51D[?1h=[?2004h[4ms[24m[24m [32ml[39m[32ml[32ms[39m[?1l>[?2004l
]2;ls -G]1;lsMANIFEST.in        [1m[36mmlproject[39;49m[0m          [1m[36mraw_data[39;49m[0m           setup.py
Makefile           [1m[36mmlproject.egg-info[39;49m[0m requirements.txt   [1m[36mtests[39;49m[0m
README.md          [1m[36mnotebooks[39;49m[0m          [1m[36mscripts[39;49m[0m            typescript
[1m[7m%[27m[1m[0m                                                                                ]7;file://MacBook-Air-de-Valeria.local/Users/valeriarevolledo/code/valeria0801/mlproject]2;valeriarevolledo@MacBook-Air-de-Valeria]1;..801/mlproject]7;file://MacBook-Air-de-Valeria.local/Users/valeriarevolledo/code/valeria0801/mlproject[0m[27m[24m[J[01;32mâžœ  [36mmlproject[00m [01;34mgit:([31mmaster[34m) [33mâœ—[00m [K[39C[ðŸ lewagon][51D[?1h=[?2004h[4ms[24m[24m[32ms[32mt[39m[32ms[32mt[32mt[39m[?1l>[?2004l
]2;'/Applications/Sublime Text.app/Contents/SharedSupport/bin/subl' .]1;stt[1m[7m%[27m[1m[0m                                                                                ]7;file://MacBook-Air-de-Valeria.local/Users/valeriarevolledo/code/valeria0801/mlproject]2;valeriarevolledo@MacBook-Air-de-Valeria]1;..801/mlproject]7;file://MacBook-Air-de-Valeria.local/Users/valeriarevolledo/code/valeria0801/mlproject[0m[27m[24m[J[01;32mâžœ  [36mmlproject[00m [01;34mgit:([31mmaster[34m) [33mâœ—[00m [K[39C[ðŸ lewagon][51D[?1h=[?2004h[7mpip install -e .[27m[16D[27m[32mp[27m[32mi[27m[32mp[39m[27m [27mi[27mn[27ms[27mt[27ma[27ml[27ml[27m [27m-[27me[27m [27m[4m.[24m[?1l>[?2004l
]2;pip install -e .]1;pipObtaining file:///Users/valeriarevolledo/code/valeria0801/mlproject
Requirement already satisfied: pip>=9 in /Users/valeriarevolledo/.pyenv/versions/3.8.6/envs/lewagon/lib/python3.8/site-packages (from mlproject==1.0) (21.0.1)
Requirement already satisfied: setuptools>=26 in /Users/valeriarevolledo/.pyenv/versions/3.8.6/envs/lewagon/lib/python3.8/site-packages (from mlproject==1.0) (49.2.1)
Requirement already satisfied: twine in /Users/valeriarevolledo/.pyenv/versions/3.8.6/envs/lewagon/lib/python3.8/site-packages (from mlproject==1.0) (3.3.0)
Requirement already satisfied: wheel>=0.29 in /Users/valeriarevolledo/.pyenv/versions/3.8.6/envs/lewagon/lib/python3.8/site-packages (from mlproject==1.0) (0.36.2)
Requirement already satisfied: numpy in /Users/valeriarevolledo/.pyenv/versions/3.8.6/envs/lewagon/lib/python3.8/site-packages (from mlproject==1.0) (1.19.5)
Requirement already satisfied: pandas in /Users/valeriarevolledo/.pyenv/versions/3.8.6/envs/lewagon/lib/python3.8/site-packages (from mlproject==1.0) (1.2.0)
Requirement already satisfied: scikit-learn in /Users/valeriarevolledo/.pyenv/versions/3.8.6/envs/lewagon/lib/python3.8/site-packages (from mlproject==1.0) (0.24.1)
Requirement already satisfied: black in /Users/valeriarevolledo/.pyenv/versions/3.8.6/envs/lewagon/lib/python3.8/site-packages (from mlproject==1.0) (20.8b1)
Requirement already satisfied: coverage in /Users/valeriarevolledo/.pyenv/versions/3.8.6/envs/lewagon/lib/python3.8/site-packages (from mlproject==1.0) (5.5)
Requirement already satisfied: flake8 in /Users/valeriarevolledo/.pyenv/versions/3.8.6/envs/lewagon/lib/python3.8/site-packages (from mlproject==1.0) (3.8.4)
Requirement already satisfied: pytest in /Users/valeriarevolledo/.pyenv/versions/3.8.6/envs/lewagon/lib/python3.8/site-packages (from mlproject==1.0) (6.2.1)
Requirement already satisfied: yapf in /Users/valeriarevolledo/.pyenv/versions/3.8.6/envs/lewagon/lib/python3.8/site-packages (from mlproject==1.0) (0.30.0)
Requirement already satisfied: gcsfs in /Users/valeriarevolledo/.pyenv/versions/3.8.6/envs/lewagon/lib/python3.8/site-packages (from mlproject==1.0) (0.7.2)
Requirement already satisfied: google-cloud-storage in /Users/valeriarevolledo/.pyenv/versions/3.8.6/envs/lewagon/lib/python3.8/site-packages (from mlproject==1.0) (1.36.1)
Requirement already satisfied: mlflow in /Users/valeriarevolledo/.pyenv/versions/3.8.6/envs/lewagon/lib/python3.8/site-packages (from mlproject==1.0) (1.14.0)
Requirement already satisfied: s3fs in /Users/valeriarevolledo/.pyenv/versions/3.8.6/envs/lewagon/lib/python3.8/site-packages (from mlproject==1.0) (0.5.2)
Requirement already satisfied: six>=1.14 in /Users/valeriarevolledo/.pyenv/versions/3.8.6/envs/lewagon/lib/python3.8/site-packages (from mlproject==1.0) (1.15.0)
Requirement already satisfied: joblib in /Users/valeriarevolledo/.pyenv/versions/3.8.6/envs/lewagon/lib/python3.8/site-packages (from mlproject==1.0) (1.0.0)
Requirement already satisfied: memoized-property in /Users/valeriarevolledo/.pyenv/versions/3.8.6/envs/lewagon/lib/python3.8/site-packages (from mlproject==1.0) (1.0.3)
Requirement already satisfied: termcolor in /Users/valeriarevolledo/.pyenv/versions/3.8.6/envs/lewagon/lib/python3.8/site-packages (from mlproject==1.0) (1.1.0)
Requirement already satisfied: mypy-extensions>=0.4.3 in /Users/valeriarevolledo/.pyenv/versions/3.8.6/envs/lewagon/lib/python3.8/site-packages (from black->mlproject==1.0) (0.4.3)
Requirement already satisfied: pathspec<1,>=0.6 in /Users/valeriarevolledo/.pyenv/versions/3.8.6/envs/lewagon/lib/python3.8/site-packages (from black->mlproject==1.0) (0.8.1)
Requirement already satisfied: typed-ast>=1.4.0 in /Users/valeriarevolledo/.pyenv/versions/3.8.6/envs/lewagon/lib/python3.8/site-packages (from black->mlproject==1.0) (1.4.2)
Requirement already satisfied: regex>=2020.1.8 in /Users/valeriarevolledo/.pyenv/versions/3.8.6/envs/lewagon/lib/python3.8/site-packages (from black->mlproject==1.0) (2020.11.13)
Requirement already satisfied: click>=7.1.2 in /Users/valeriarevolledo/.pyenv/versions/3.8.6/envs/lewagon/lib/python3.8/site-packages (from black->mlproject==1.0) (7.1.2)
Requirement already satisfied: appdirs in /Users/valeriarevolledo/.pyenv/versions/3.8.6/envs/lewagon/lib/python3.8/site-packages (from black->mlproject==1.0) (1.4.4)
Requirement already satisfied: typing-extensions>=3.7.4 in /Users/valeriarevolledo/.pyenv/versions/3.8.6/envs/lewagon/lib/python3.8/site-packages (from black->mlproject==1.0) (3.7.4.3)
Requirement already satisfied: toml>=0.10.1 in /Users/valeriarevolledo/.pyenv/versions/3.8.6/envs/lewagon/lib/python3.8/site-packages (from black->mlproject==1.0) (0.10.2)
Requirement already satisfied: pycodestyle<2.7.0,>=2.6.0a1 in /Users/valeriarevolledo/.pyenv/versions/3.8.6/envs/lewagon/lib/python3.8/site-packages (from flake8->mlproject==1.0) (2.6.0)
Requirement already satisfied: mccabe<0.7.0,>=0.6.0 in /Users/valeriarevolledo/.pyenv/versions/3.8.6/envs/lewagon/lib/python3.8/site-packages (from flake8->mlproject==1.0) (0.6.1)
Requirement already satisfied: pyflakes<2.3.0,>=2.2.0 in /Users/valeriarevolledo/.pyenv/versions/3.8.6/envs/lewagon/lib/python3.8/site-packages (from flake8->mlproject==1.0) (2.2.0)
Requirement already satisfied: google-auth>=1.2 in /Users/valeriarevolledo/.pyenv/versions/3.8.6/envs/lewagon/lib/python3.8/site-packages (from gcsfs->mlproject==1.0) (1.27.0)
Requirement already satisfied: requests in /Users/valeriarevolledo/.pyenv/versions/3.8.6/envs/lewagon/lib/python3.8/site-packages (from gcsfs->mlproject==1.0) (2.25.1)
Requirement already satisfied: fsspec>=0.8.0 in /Users/valeriarevolledo/.pyenv/versions/3.8.6/envs/lewagon/lib/python3.8/site-packages (from gcsfs->mlproject==1.0) (0.8.7)
Requirement already satisfied: aiohttp in /Users/valeriarevolledo/.pyenv/versions/3.8.6/envs/lewagon/lib/python3.8/site-packages (from gcsfs->mlproject==1.0) (3.7.4)
Requirement already satisfied: google-auth-oauthlib in /Users/valeriarevolledo/.pyenv/versions/3.8.6/envs/lewagon/lib/python3.8/site-packages (from gcsfs->mlproject==1.0) (0.4.2)
Requirement already satisfied: decorator in /Users/valeriarevolledo/.pyenv/versions/3.8.6/envs/lewagon/lib/python3.8/site-packages (from gcsfs->mlproject==1.0) (4.4.2)
Requirement already satisfied: cachetools<5.0,>=2.0.0 in /Users/valeriarevolledo/.pyenv/versions/3.8.6/envs/lewagon/lib/python3.8/site-packages (from google-auth>=1.2->gcsfs->mlproject==1.0) (4.2.1)
Requirement already satisfied: rsa<5,>=3.1.4 in /Users/valeriarevolledo/.pyenv/versions/3.8.6/envs/lewagon/lib/python3.8/site-packages (from google-auth>=1.2->gcsfs->mlproject==1.0) (4.7.1)
Requirement already satisfied: pyasn1-modules>=0.2.1 in /Users/valeriarevolledo/.pyenv/versions/3.8.6/envs/lewagon/lib/python3.8/site-packages (from google-auth>=1.2->gcsfs->mlproject==1.0) (0.2.8)
Requirement already satisfied: pyasn1<0.5.0,>=0.4.6 in /Users/valeriarevolledo/.pyenv/versions/3.8.6/envs/lewagon/lib/python3.8/site-packages (from pyasn1-modules>=0.2.1->google-auth>=1.2->gcsfs->mlproject==1.0) (0.4.8)
Requirement already satisfied: multidict<7.0,>=4.5 in /Users/valeriarevolledo/.pyenv/versions/3.8.6/envs/lewagon/lib/python3.8/site-packages (from aiohttp->gcsfs->mlproject==1.0) (5.1.0)
Requirement already satisfied: chardet<4.0,>=2.0 in /Users/valeriarevolledo/.pyenv/versions/3.8.6/envs/lewagon/lib/python3.8/site-packages (from aiohttp->gcsfs->mlproject==1.0) (3.0.4)
Requirement already satisfied: yarl<2.0,>=1.0 in /Users/valeriarevolledo/.pyenv/versions/3.8.6/envs/lewagon/lib/python3.8/site-packages (from aiohttp->gcsfs->mlproject==1.0) (1.6.3)
Requirement already satisfied: attrs>=17.3.0 in /Users/valeriarevolledo/.pyenv/versions/3.8.6/envs/lewagon/lib/python3.8/site-packages (from aiohttp->gcsfs->mlproject==1.0) (20.3.0)
Requirement already satisfied: async-timeout<4.0,>=3.0 in /Users/valeriarevolledo/.pyenv/versions/3.8.6/envs/lewagon/lib/python3.8/site-packages (from aiohttp->gcsfs->mlproject==1.0) (3.0.1)
Requirement already satisfied: idna>=2.0 in /Users/valeriarevolledo/.pyenv/versions/3.8.6/envs/lewagon/lib/python3.8/site-packages (from yarl<2.0,>=1.0->aiohttp->gcsfs->mlproject==1.0) (2.10)
Requirement already satisfied: requests-oauthlib>=0.7.0 in /Users/valeriarevolledo/.pyenv/versions/3.8.6/envs/lewagon/lib/python3.8/site-packages (from google-auth-oauthlib->gcsfs->mlproject==1.0) (1.3.0)
Requirement already satisfied: oauthlib>=3.0.0 in /Users/valeriarevolledo/.pyenv/versions/3.8.6/envs/lewagon/lib/python3.8/site-packages (from requests-oauthlib>=0.7.0->google-auth-oauthlib->gcsfs->mlproject==1.0) (3.1.0)
Requirement already satisfied: urllib3<1.27,>=1.21.1 in /Users/valeriarevolledo/.pyenv/versions/3.8.6/envs/lewagon/lib/python3.8/site-packages (from requests->gcsfs->mlproject==1.0) (1.26.2)
Requirement already satisfied: certifi>=2017.4.17 in /Users/valeriarevolledo/.pyenv/versions/3.8.6/envs/lewagon/lib/python3.8/site-packages (from requests->gcsfs->mlproject==1.0) (2020.12.5)
Requirement already satisfied: google-cloud-core<2.0dev,>=1.4.1 in /Users/valeriarevolledo/.pyenv/versions/3.8.6/envs/lewagon/lib/python3.8/site-packages (from google-cloud-storage->mlproject==1.0) (1.6.0)
Requirement already satisfied: google-resumable-media<2.0dev,>=1.2.0 in /Users/valeriarevolledo/.pyenv/versions/3.8.6/envs/lewagon/lib/python3.8/site-packages (from google-cloud-storage->mlproject==1.0) (1.2.0)
Requirement already satisfied: google-api-core<2.0.0dev,>=1.21.0 in /Users/valeriarevolledo/.pyenv/versions/3.8.6/envs/lewagon/lib/python3.8/site-packages (from google-cloud-core<2.0dev,>=1.4.1->google-cloud-storage->mlproject==1.0) (1.26.0)
Requirement already satisfied: protobuf>=3.12.0 in /Users/valeriarevolledo/.pyenv/versions/3.8.6/envs/lewagon/lib/python3.8/site-packages (from google-api-core<2.0.0dev,>=1.21.0->google-cloud-core<2.0dev,>=1.4.1->google-cloud-storage->mlproject==1.0) (3.15.1)
Requirement already satisfied: packaging>=14.3 in /Users/valeriarevolledo/.pyenv/versions/3.8.6/envs/lewagon/lib/python3.8/site-packages (from google-api-core<2.0.0dev,>=1.21.0->google-cloud-core<2.0dev,>=1.4.1->google-cloud-storage->mlproject==1.0) (20.8)
Requirement already satisfied: googleapis-common-protos<2.0dev,>=1.6.0 in /Users/valeriarevolledo/.pyenv/versions/3.8.6/envs/lewagon/lib/python3.8/site-packages (from google-api-core<2.0.0dev,>=1.21.0->google-cloud-core<2.0dev,>=1.4.1->google-cloud-storage->mlproject==1.0) (1.53.0)
Requirement already satisfied: pytz in /Users/valeriarevolledo/.pyenv/versions/3.8.6/envs/lewagon/lib/python3.8/site-packages (from google-api-core<2.0.0dev,>=1.21.0->google-cloud-core<2.0dev,>=1.4.1->google-cloud-storage->mlproject==1.0) (2020.5)
Requirement already satisfied: google-crc32c<2.0dev,>=1.0 in /Users/valeriarevolledo/.pyenv/versions/3.8.6/envs/lewagon/lib/python3.8/site-packages (from google-resumable-media<2.0dev,>=1.2.0->google-cloud-storage->mlproject==1.0) (1.1.2)
Requirement already satisfied: cffi>=1.0.0 in /Users/valeriarevolledo/.pyenv/versions/3.8.6/envs/lewagon/lib/python3.8/site-packages (from google-crc32c<2.0dev,>=1.0->google-resumable-media<2.0dev,>=1.2.0->google-cloud-storage->mlproject==1.0) (1.14.4)
Requirement already satisfied: pycparser in /Users/valeriarevolledo/.pyenv/versions/3.8.6/envs/lewagon/lib/python3.8/site-packages (from cffi>=1.0.0->google-crc32c<2.0dev,>=1.0->google-resumable-media<2.0dev,>=1.2.0->google-cloud-storage->mlproject==1.0) (2.20)
Requirement already satisfied: pyparsing>=2.0.2 in /Users/valeriarevolledo/.pyenv/versions/3.8.6/envs/lewagon/lib/python3.8/site-packages (from packaging>=14.3->google-api-core<2.0.0dev,>=1.21.0->google-cloud-core<2.0dev,>=1.4.1->google-cloud-storage->mlproject==1.0) (2.4.7)
Requirement already satisfied: alembic<=1.4.1 in /Users/valeriarevolledo/.pyenv/versions/3.8.6/envs/lewagon/lib/python3.8/site-packages (from mlflow->mlproject==1.0) (1.4.1)
Requirement already satisfied: querystring-parser in /Users/valeriarevolledo/.pyenv/versions/3.8.6/envs/lewagon/lib/python3.8/site-packages (from mlflow->mlproject==1.0) (1.2.4)
Requirement already satisfied: gitpython>=2.1.0 in /Users/valeriarevolledo/.pyenv/versions/3.8.6/envs/lewagon/lib/python3.8/site-packages (from mlflow->mlproject==1.0) (3.1.14)
Requirement already satisfied: pyyaml in /Users/valeriarevolledo/.pyenv/versions/3.8.6/envs/lewagon/lib/python3.8/site-packages (from mlflow->mlproject==1.0) (5.3.1)
Requirement already satisfied: sqlalchemy in /Users/valeriarevolledo/.pyenv/versions/3.8.6/envs/lewagon/lib/python3.8/site-packages (from mlflow->mlproject==1.0) (1.3.23)
Requirement already satisfied: Flask in /Users/valeriarevolledo/.pyenv/versions/3.8.6/envs/lewagon/lib/python3.8/site-packages (from mlflow->mlproject==1.0) (1.1.2)
Requirement already satisfied: cloudpickle in /Users/valeriarevolledo/.pyenv/versions/3.8.6/envs/lewagon/lib/python3.8/site-packages (from mlflow->mlproject==1.0) (1.6.0)
Requirement already satisfied: databricks-cli>=0.8.7 in /Users/valeriarevolledo/.pyenv/versions/3.8.6/envs/lewagon/lib/python3.8/site-packages (from mlflow->mlproject==1.0) (0.14.2)
Requirement already satisfied: prometheus-flask-exporter in /Users/valeriarevolledo/.pyenv/versions/3.8.6/envs/lewagon/lib/python3.8/site-packages (from mlflow->mlproject==1.0) (0.18.1)
Requirement already satisfied: entrypoints in /Users/valeriarevolledo/.pyenv/versions/3.8.6/envs/lewagon/lib/python3.8/site-packages (from mlflow->mlproject==1.0) (0.3)
Requirement already satisfied: docker>=4.0.0 in /Users/valeriarevolledo/.pyenv/versions/3.8.6/envs/lewagon/lib/python3.8/site-packages (from mlflow->mlproject==1.0) (4.4.4)
Requirement already satisfied: gunicorn in /Users/valeriarevolledo/.pyenv/versions/3.8.6/envs/lewagon/lib/python3.8/site-packages (from mlflow->mlproject==1.0) (20.0.4)
Requirement already satisfied: sqlparse>=0.3.1 in /Users/valeriarevolledo/.pyenv/versions/3.8.6/envs/lewagon/lib/python3.8/site-packages (from mlflow->mlproject==1.0) (0.4.1)
Requirement already satisfied: python-dateutil in /Users/valeriarevolledo/.pyenv/versions/3.8.6/envs/lewagon/lib/python3.8/site-packages (from alembic<=1.4.1->mlflow->mlproject==1.0) (2.8.1)
Requirement already satisfied: Mako in /Users/valeriarevolledo/.pyenv/versions/3.8.6/envs/lewagon/lib/python3.8/site-packages (from alembic<=1.4.1->mlflow->mlproject==1.0) (1.1.4)
Requirement already satisfied: python-editor>=0.3 in /Users/valeriarevolledo/.pyenv/versions/3.8.6/envs/lewagon/lib/python3.8/site-packages (from alembic<=1.4.1->mlflow->mlproject==1.0) (1.0.4)
Requirement already satisfied: tabulate>=0.7.7 in /Users/valeriarevolledo/.pyenv/versions/3.8.6/envs/lewagon/lib/python3.8/site-packages (from databricks-cli>=0.8.7->mlflow->mlproject==1.0) (0.8.9)
Requirement already satisfied: websocket-client>=0.32.0 in /Users/valeriarevolledo/.pyenv/versions/3.8.6/envs/lewagon/lib/python3.8/site-packages (from docker>=4.0.0->mlflow->mlproject==1.0) (0.57.0)
Requirement already satisfied: gitdb<5,>=4.0.1 in /Users/valeriarevolledo/.pyenv/versions/3.8.6/envs/lewagon/lib/python3.8/site-packages (from gitpython>=2.1.0->mlflow->mlproject==1.0) (4.0.5)
Requirement already satisfied: smmap<4,>=3.0.1 in /Users/valeriarevolledo/.pyenv/versions/3.8.6/envs/lewagon/lib/python3.8/site-packages (from gitdb<5,>=4.0.1->gitpython>=2.1.0->mlflow->mlproject==1.0) (3.0.5)
Requirement already satisfied: Jinja2>=2.10.1 in /Users/valeriarevolledo/.pyenv/versions/3.8.6/envs/lewagon/lib/python3.8/site-packages (from Flask->mlflow->mlproject==1.0) (2.11.2)
Requirement already satisfied: itsdangerous>=0.24 in /Users/valeriarevolledo/.pyenv/versions/3.8.6/envs/lewagon/lib/python3.8/site-packages (from Flask->mlflow->mlproject==1.0) (1.1.0)
Requirement already satisfied: Werkzeug>=0.15 in /Users/valeriarevolledo/.pyenv/versions/3.8.6/envs/lewagon/lib/python3.8/site-packages (from Flask->mlflow->mlproject==1.0) (1.0.1)
Requirement already satisfied: MarkupSafe>=0.23 in /Users/valeriarevolledo/.pyenv/versions/3.8.6/envs/lewagon/lib/python3.8/site-packages (from Jinja2>=2.10.1->Flask->mlflow->mlproject==1.0) (1.1.1)
Requirement already satisfied: prometheus-client in /Users/valeriarevolledo/.pyenv/versions/3.8.6/envs/lewagon/lib/python3.8/site-packages (from prometheus-flask-exporter->mlflow->mlproject==1.0) (0.9.0)
Requirement already satisfied: iniconfig in /Users/valeriarevolledo/.pyenv/versions/3.8.6/envs/lewagon/lib/python3.8/site-packages (from pytest->mlproject==1.0) (1.1.1)
Requirement already satisfied: py>=1.8.2 in /Users/valeriarevolledo/.pyenv/versions/3.8.6/envs/lewagon/lib/python3.8/site-packages (from pytest->mlproject==1.0) (1.10.0)
Requirement already satisfied: pluggy<1.0.0a1,>=0.12 in /Users/valeriarevolledo/.pyenv/versions/3.8.6/envs/lewagon/lib/python3.8/site-packages (from pytest->mlproject==1.0) (0.13.1)
Requirement already satisfied: aiobotocore>=1.0.1 in /Users/valeriarevolledo/.pyenv/versions/3.8.6/envs/lewagon/lib/python3.8/site-packages (from s3fs->mlproject==1.0) (1.2.1)
Requirement already satisfied: wrapt>=1.10.10 in /Users/valeriarevolledo/.pyenv/versions/3.8.6/envs/lewagon/lib/python3.8/site-packages (from aiobotocore>=1.0.1->s3fs->mlproject==1.0) (1.12.1)
Requirement already satisfied: aioitertools>=0.5.1 in /Users/valeriarevolledo/.pyenv/versions/3.8.6/envs/lewagon/lib/python3.8/site-packages (from aiobotocore>=1.0.1->s3fs->mlproject==1.0) (0.7.1)
Requirement already satisfied: botocore<1.19.53,>=1.19.52 in /Users/valeriarevolledo/.pyenv/versions/3.8.6/envs/lewagon/lib/python3.8/site-packages (from aiobotocore>=1.0.1->s3fs->mlproject==1.0) (1.19.52)
Requirement already satisfied: jmespath<1.0.0,>=0.7.1 in /Users/valeriarevolledo/.pyenv/versions/3.8.6/envs/lewagon/lib/python3.8/site-packages (from botocore<1.19.53,>=1.19.52->aiobotocore>=1.0.1->s3fs->mlproject==1.0) (0.10.0)
Requirement already satisfied: threadpoolctl>=2.0.0 in /Users/valeriarevolledo/.pyenv/versions/3.8.6/envs/lewagon/lib/python3.8/site-packages (from scikit-learn->mlproject==1.0) (2.1.0)
Requirement already satisfied: scipy>=0.19.1 in /Users/valeriarevolledo/.pyenv/versions/3.8.6/envs/lewagon/lib/python3.8/site-packages (from scikit-learn->mlproject==1.0) (1.6.0)
Requirement already satisfied: rfc3986>=1.4.0 in /Users/valeriarevolledo/.pyenv/versions/3.8.6/envs/lewagon/lib/python3.8/site-packages (from twine->mlproject==1.0) (1.4.0)
Requirement already satisfied: requests-toolbelt!=0.9.0,>=0.8.0 in /Users/valeriarevolledo/.pyenv/versions/3.8.6/envs/lewagon/lib/python3.8/site-packages (from twine->mlproject==1.0) (0.9.1)
Requirement already satisfied: keyring>=15.1 in /Users/valeriarevolledo/.pyenv/versions/3.8.6/envs/lewagon/lib/python3.8/site-packages (from twine->mlproject==1.0) (22.3.0)
Requirement already satisfied: readme-renderer>=21.0 in /Users/valeriarevolledo/.pyenv/versions/3.8.6/envs/lewagon/lib/python3.8/site-packages (from twine->mlproject==1.0) (29.0)
Requirement already satisfied: pkginfo>=1.4.2 in /Users/valeriarevolledo/.pyenv/versions/3.8.6/envs/lewagon/lib/python3.8/site-packages (from twine->mlproject==1.0) (1.7.0)
Requirement already satisfied: colorama>=0.4.3 in /Users/valeriarevolledo/.pyenv/versions/3.8.6/envs/lewagon/lib/python3.8/site-packages (from twine->mlproject==1.0) (0.4.4)
Requirement already satisfied: tqdm>=4.14 in /Users/valeriarevolledo/.pyenv/versions/3.8.6/envs/lewagon/lib/python3.8/site-packages (from twine->mlproject==1.0) (4.56.0)
Requirement already satisfied: docutils>=0.13.1 in /Users/valeriarevolledo/.pyenv/versions/3.8.6/envs/lewagon/lib/python3.8/site-packages (from readme-renderer>=21.0->twine->mlproject==1.0) (0.16)
Requirement already satisfied: Pygments>=2.5.1 in /Users/valeriarevolledo/.pyenv/versions/3.8.6/envs/lewagon/lib/python3.8/site-packages (from readme-renderer>=21.0->twine->mlproject==1.0) (2.7.4)
Requirement already satisfied: bleach>=2.1.0 in /Users/valeriarevolledo/.pyenv/versions/3.8.6/envs/lewagon/lib/python3.8/site-packages (from readme-renderer>=21.0->twine->mlproject==1.0) (3.2.1)
Requirement already satisfied: webencodings in /Users/valeriarevolledo/.pyenv/versions/3.8.6/envs/lewagon/lib/python3.8/site-packages (from bleach>=2.1.0->readme-renderer>=21.0->twine->mlproject==1.0) (0.5.1)
Installing collected packages: mlproject
  Attempting uninstall: mlproject
    Found existing installation: mlproject 1.0
    Uninstalling mlproject-1.0:
      Successfully uninstalled mlproject-1.0
  Running setup.py develop for mlproject
Successfully installed mlproject
[1m[7m%[27m[1m[0m                                                                                ]7;file://MacBook-Air-de-Valeria.local/Users/valeriarevolledo/code/valeria0801/mlproject]2;valeriarevolledo@MacBook-Air-de-Valeria]1;..801/mlproject]7;file://MacBook-Air-de-Valeria.local/Users/valeriarevolledo/code/valeria0801/mlproject[0m[27m[24m[J[01;32mâžœ  [36mmlproject[00m [01;34mgit:([31mmaster[34m) [33mâœ—[00m [K[39C[ðŸ lewagon][51D[?1h=[?2004h[7mmlproject-computedist --help[27m[28D[27m[32mm[27m[32ml[27m[32mp[27m[32mr[27m[32mo[27m[32mj[27m[32me[27m[32mc[27m[32mt[27m[32m-[27m[32mc[27m[32mo[27m[32mm[27m[32mp[27m[32mu[27m[32mt[27m[32me[27m[32md[27m[32mi[27m[32ms[27m[32mt[39m[27m [27m-[27m-[27mh[27me[27ml[27mp[?1l>[?2004l
]2;mlproject-computedist --help]1;mlproject-computedistusage: mlproject-computedist [-h] [--coords COORDS [COORDS ...]] [--prod]

stkrgcp_description

optional arguments:
  -h, --help            show this help message and exit
  --coords COORDS [COORDS ...]
                        mails to send hardware alerts
  --prod                Example here
[1m[7m%[27m[1m[0m                                                                                ]7;file://MacBook-Air-de-Valeria.local/Users/valeriarevolledo/code/valeria0801/mlproject]2;valeriarevolledo@MacBook-Air-de-Valeria]1;..801/mlproject]7;file://MacBook-Air-de-Valeria.local/Users/valeriarevolledo/code/valeria0801/mlproject[0m[27m[24m[J[01;32mâžœ  [36mmlproject[00m [01;34mgit:([31mmaster[34m) [33mâœ—[00m [K[39C[ðŸ lewagon][51D[?1h=[?2004h[7mmlproject-computedist --coords 48.865070 2.380009 48[7m.[7m235070 2.393409[27m[K[A[12C[27m[32mm[27m[32ml[27m[32mp[27m[32mr[27m[32mo[27m[32mj[27m[32me[27m[32mc[27m[32mt[27m[32m-[27m[32mc[27m[32mo[27m[32mm[27m[32mp[27m[32mu[27m[32mt[27m[32me[27m[32md[27m[32mi[27m[32ms[27m[32mt[39m[27m [27m-[27m-[27mc[27mo[27mo[27mr[27md[27ms[27m [27m4[27m8[27m.[27m8[27m6[27m5[27m0[27m7[27m0[27m [27m2[27m.[27m3[27m8[27m0[27m0[27m0[27m9[27m [27m4[27m8.[27m2[27m3[27m5[27m0[27m7[27m0[27m [27m2[27m.[27m3[27m9[27m3[27m4[27m0[27m9[?1l>[?2004l
]2;mlproject-computedist --coords 48.865070 2.380009 48.235070 2.393409]1;mlproject-computedist[34m###### Distance ######[0m
[31m70.00789153218594[0m
[1m[7m%[27m[1m[0m                                                                                ]7;file://MacBook-Air-de-Valeria.local/Users/valeriarevolledo/code/valeria0801/mlproject]2;valeriarevolledo@MacBook-Air-de-Valeria]1;..801/mlproject]7;file://MacBook-Air-de-Valeria.local/Users/valeriarevolledo/code/valeria0801/mlproject[0m[27m[24m[J[01;32mâžœ  [36mmlproject[00m [01;34mgit:([31mmaster[34m) [33mâœ—[00m [K[39C[ðŸ lewagon][51D[?1h=[?2004h[1m[31mc[0m[39m[0m[32mc[32md[39m[?1l>[?2004l
]2;cd]1;cdload-nvmrc:1: command not found: nvm
load-nvmrc:2: command not found: nvm_find_nvmrc
load-nvmrc:12: command not found: nvm
[1m[7m%[27m[1m[0m                                                                                ]7;file://MacBook-Air-de-Valeria.local/Users/valeriarevolledo]2;valeriarevolledo@MacBook-Air-de-Valeria]1;~]7;file://MacBook-Air-de-Valeria.local/Users/valeriarevolledo[0m[27m[24m[J[01;32mâžœ  [36m~[00m [K[62C[ðŸ lewagon][74D[?1h=[?2004h[7mmlproject-computedist --coords 48.865070 2.380009 48.235070 2.393409[27m[K[68D[27m[32mm[27m[32ml[27m[32mp[27m[32mr[27m[32mo[27m[32mj[27m[32me[27m[32mc[27m[32mt[27m[32m-[27m[32mc[27m[32mo[27m[32mm[27m[32mp[27m[32mu[27m[32mt[27m[32me[27m[32md[27m[32mi[27m[32ms[27m[32mt[39m[27m [27m-[27m-[27mc[27mo[27mo[27mr[27md[27ms[27m [27m4[27m8[27m.[27m8[27m6[27m5[27m0[27m7[27m0[27m [27m2[27m.[27m3[27m8[27m0[27m0[27m0[27m9[27m [27m4[27m8[27m.[27m2[27m3[27m5[27m0[27m7[27m0[27m [27m2[27m.[27m3[27m9[27m3[27m4[27m0[27m      [K[1C[ðŸ lewagon][13D          [50D[1m[37m[41mm[1m[37m[41ml[1m[37m[41mp[1m[37m[41mr[1m[37m[41mo[1m[37m[41mj[1m[37m[41me[1m[37m[41mc[1m[37m[41mt[1m[37m[41m-[1m[37m[41mc[1m[37m[41mo[1m[37m[41mm[1m[37m[41mp[1m[37m[41mu[1m[37m[41mt[1m[37m[41me[1m[37m[41md[1m[37m[41mi[1m[37m[41ms[1m[37m[41mt[39m[1m[37m[41m [1m[37m[41m-[1m[37m[41m-[1m[37m[41mc[1m[37m[41mo[1m[37m[41mo[1m[37m[41mr[1m[37m[41md[1m[37m[41ms[1m[37m[41m [1m[37m[41m4[1m[37m[41m8[1m[37m[41m.[1m[37m[41m8[1m[37m[41m6[1m[37m[41m5[1m[37m[41m0[1m[37m[41m7[1m[37m[41m0[1m[37m[41m [1m[37m[41m2[1m[37m[41m.[1m[37m[41m3[1m[37m[41m8[1m[37m[41m0[1m[37m[41m0[1m[37m[41m0[1m[37m[41m9[1m[37m[41m [0m[39m[49m[50D[0m[49m[32mm[0m[49m[32ml[0m[49m[32mp[0m[49m[32mr[0m[49m[32mo[0m[49m[32mj[0m[49m[32me[0m[49m[32mc[0m[49m[32mt[0m[49m[32m-[0m[49m[32mc[0m[49m[32mo[0m[49m[32mm[0m[49m[32mp[0m[49m[32mu[0m[49m[32mt[0m[49m[32me[0m[49m[32md[0m[49m[32mi[0m[49m[32ms[0m[49m[32mt[39m[0m[39m[49m [0m[39m[49m-[0m[39m[49m-[0m[39m[49mc[0m[39m[49mo[0m[39m[49mo[0m[39m[49mr[0m[39m[49md[0m[39m[49ms[0m[39m[49m [0m[39m[49m4[0m[39m[49m8[0m[39m[49m.[0m[39m[49m8[0m[39m[49m6[0m[39m[49m5[0m[39m[49m0[0m[39m[49m7[0m[39m[49m0[0m[39m[49m [0m[39m[49m2[0m[39m[49m.[0m[39m[49m3[0m[39m[49m8[0m[39m[49m0[0m[39m[49m0[0m[39m[49m0[0m[39m[49m9[0m[39m[49m                          [21D[1m[31mm[1m[31ml[1m[31mp[1m[31mr[1m[31mo[1m[31mj[1m[31me[1m[31mc[1m[31mt[1m[31m-[1m[31mc[1m[31mo[1m[31mm[1m[31mp[1m[31mu[1m[31mt[1m[31me[1m[31md[1m[31mi[1m[31ms[0m[39m[39m [1m[31mi[0m[39m[0m[39m [1m[31md[0m[39m[0m[39m [1m[31me[0m[39m[0m[39m [1m[31mt[0m[39m[0m[39m [1m[31mu[0m[39m[0m[39m [1m[31mp[0m[39m[0m[39m [1m[31mm[0m[39m[0m[39m [1m[31mo[0m[39m[0m[39m [1m[31mc[0m[39m[0m[39m [1m[31m-[0m[39m[0m[39m [1m[31mt[0m[39m[0m[39m [1m[31mc[0m[39m[0m[39m [1m[31me[0m[39m[0m[39m [1m[31mj[0m[39m[0m[39m [1m[31mo[0m[39m[0m[39m [1m[31mr[0m[39m[0m[39m [1m[31mp[0m[39m[0m[39m [1m[31mm[1m[31ml[0m[39m[0m[39m [1m[31mm[0m[39m[0m[39m [0m[39m [32mmlproject-computedist[39m --coords 48.865070 2.380009 48.235070 2.393409[K[?1l>[?2004l
]2;mlproject-computedist --coords 48.865070 2.380009 48.235070 2.393409]1;mlproject-computedist[34m###### Distance ######[0m
[31m70.00789153218594[0m
[1m[7m%[27m[1m[0m                                                                                ]7;file://MacBook-Air-de-Valeria.local/Users/valeriarevolledo]2;valeriarevolledo@MacBook-Air-de-Valeria]1;~]7;file://MacBook-Air-de-Valeria.local/Users/valeriarevolledo[0m[27m[24m[J[01;32mâžœ  [36m~[00m [K[62C[ðŸ lewagon][74D[?1h=[?2004h[4mc[24m[24m[32mc[32md[39m[?1l>[?2004l
]2;cd]1;cdload-nvmrc:1: command not found: nvm
load-nvmrc:2: command not found: nvm_find_nvmrc
load-nvmrc:12: command not found: nvm
[1m[7m%[27m[1m[0m                                                                                ]7;file://MacBook-Air-de-Valeria.local/Users/valeriarevolledo]2;valeriarevolledo@MacBook-Air-de-Valeria]1;~]7;file://MacBook-Air-de-Valeria.local/Users/valeriarevolledo[0m[27m[24m[J[01;32mâžœ  [36m~[00m [K[62C[ðŸ lewagon][74D[?1h=[?2004h[32ml[39m[32ml[32ms[39m[?1l>[?2004l
]2;ls -G]1;ls[1m[36mApplications[39;49m[0m      [1m[36mLibrary[39;49m[0m           [1m[36mPublic[39;49m[0m            [1m[36mjupyter[39;49m[0m
[1m[36mDesktop[39;49m[0m           [1m[36mMovies[39;49m[0m            [1m[36mPycharmProjects[39;49m[0m   [1m[36mnltk_data[39;49m[0m
[1m[36mDocuments[39;49m[0m         [1m[36mMusic[39;49m[0m             [1m[36mcode[39;49m[0m              [1m[36mscikit_learn_data[39;49m[0m
[1m[36mDownloads[39;49m[0m         [1m[36mPictures[39;49m[0m          [1m[36mgensim-data[39;49m[0m       [1m[36mseaborn-data[39;49m[0m
[1m[7m%[27m[1m[0m                                                                                ]7;file://MacBook-Air-de-Valeria.local/Users/valeriarevolledo]2;valeriarevolledo@MacBook-Air-de-Valeria]1;~]7;file://MacBook-Air-de-Valeria.local/Users/valeriarevolledo[0m[27m[24m[J[01;32mâžœ  [36m~[00m [K[62C[ðŸ lewagon][74D[?1h=[?2004h[4mc[24m[24m[32mc[32md[39m[?1l>[?2004l
]2;cd]1;cdload-nvmrc:1: command not found: nvm
load-nvmrc:2: command not found: nvm_find_nvmrc
load-nvmrc:12: command not found: nvm
[1m[7m%[27m[1m[0m                                                                                ]7;file://MacBook-Air-de-Valeria.local/Users/valeriarevolledo]2;valeriarevolledo@MacBook-Air-de-Valeria]1;~]7;file://MacBook-Air-de-Valeria.local/Users/valeriarevolledo[0m[27m[24m[J[01;32mâžœ  [36m~[00m [K[62C[ðŸ lewagon][74D[?1h=[?2004h[4mc[24m[4mc[4mo[24m[4mc[4mo[4md[24m[4m[32mc[4m[32mo[4m[32md[4m[32me[24m[39m[?1l>[?2004l
]2;code]1;codeload-nvmrc:1: command not found: nvm
load-nvmrc:2: command not found: nvm_find_nvmrc
load-nvmrc:12: command not found: nvm
[1m[7m%[27m[1m[0m                                                                                ]7;file://MacBook-Air-de-Valeria.local/Users/valeriarevolledo/code]2;valeriarevolledo@MacBook-Air-de-Valeria]1;~/code]7;file://MacBook-Air-de-Valeria.local/Users/valeriarevolledo/code[0m[27m[24m[J[01;32mâžœ  [36mcode[00m [K[59C[ðŸ lewagon][71D[?1h=[?2004h[4mv[24m[4mv[4ma[24m[4mv[4ma[4ml[24m[4ml[4me[24m[4m[32mv[4m[32ma[4m[32ml[4m[32me[4m[32mria0801[1m[4m[32m/[0m[24m[39m[4m[32m1[24m[39m[0m[24m[39m [?1l>[?2004l
]2;valeria0801]1;valeria0801load-nvmrc:1: command not found: nvm
load-nvmrc:2: command not found: nvm_find_nvmrc
load-nvmrc:12: command not found: nvm
[1m[7m%[27m[1m[0m                                                                                ]7;file://MacBook-Air-de-Valeria.local/Users/valeriarevolledo/code/valeria0801]2;valeriarevolledo@MacBook-Air-de-Valeria]1;..e/valeria0801]7;file://MacBook-Air-de-Valeria.local/Users/valeriarevolledo/code/valeria0801[0m[27m[24m[J[01;32mâžœ  [36mvaleria0801[00m [K[52C[ðŸ lewagon][64D[?1h=[?2004h[4mm[24m[4mm[4ml[24m[24mm[24ml
[J[0mmlflow         [J[1;31mmlproject[0m/     [Jmlproject-run[J[A[0m[27m[24m[15Cml[K[50C[ðŸ lewagon][62Dflow
[J[7mmlflow       [0m  [J[1;31mmlproject[0m/     [Jmlproject-run[J[A[0m[27m[24m[15Cmlflow[K[46C[ðŸ lewagon][58D
[7mmlflow       [0m  [7mmlflow       [0m  [A[0m[27m[24m[15Cmlflow[K[46C[ðŸ lewagon][58Dproject[1m/[0m
[15C[7mmlproject/   [0m  mlflow         [A[0m[27m[24m[15Cmlproject[1m/[0m[K[42C[ðŸ lewagon][54D
[J[A[25C[10D[4m[32mm[4m[32ml[4m[32mp[4m[32mr[4m[32mo[4m[32mj[4m[32me[4m[32mc[4m[32mt[1m[4m[32m/[0m[24m[39m[4m[32mt[24m[39m[0m[24m[39m [?1l>[?2004l
[J]2;mlproject]1;mlprojectload-nvmrc:1: command not found: nvm
load-nvmrc:2: command not found: nvm_find_nvmrc
load-nvmrc:12: command not found: nvm
[1m[7m%[27m[1m[0m                                                                                ]7;file://MacBook-Air-de-Valeria.local/Users/valeriarevolledo/code/valeria0801/mlproject]2;valeriarevolledo@MacBook-Air-de-Valeria]1;..801/mlproject]7;file://MacBook-Air-de-Valeria.local/Users/valeriarevolledo/code/valeria0801/mlproject[0m[27m[24m[J[01;32mâžœ  [36mmlproject[00m [01;34mgit:([31mmaster[34m) [33mâœ—[00m [K[39C[ðŸ lewagon][51D[?1h=[?2004h[7mcd ~/code/valeria0801/data-challenges/[27m
[K[A[28C[27m[32mc[27m[32md[39m[27m [27m[4m~[27m[4m/[27m[4mc[27m[4mo[27m[4md[27m[4me[27m[4m/[27m[4mv[27m[4ma[27m[4ml[27m[4me[27m[4mr[27m[4mi[27m[4ma[27m[4m0[27m[4m8[27m[4m0[27m[4m1[27m[4m/[27m[4md[27m[4ma[27m[4mt[27m[4ma[27m[4m-[27m[4mc[27m[4mh[27m[4ma[27m[4ml[27m[4ml[27m[4me[27m[4mn[27m[4mg[27m[4me[27m[4ms[27m[4m/[24m[1B[K[?1l>[?2004l
]2;cd ~/code/valeria0801/data-challenges/]1;cdload-nvmrc:1: command not found: nvm
load-nvmrc:2: command not found: nvm_find_nvmrc
load-nvmrc:12: command not found: nvm
[1m[7m%[27m[1m[0m                                                                                ]7;file://MacBook-Air-de-Valeria.local/Users/valeriarevolledo/code/valeria0801/data-challenges]2;valeriarevolledo@MacBook-Air-de-Valeria]1;..ta-challenges]7;file://MacBook-Air-de-Valeria.local/Users/valeriarevolledo/code/valeria0801/data-challenges[0m[27m[24m[J[01;32mâžœ  [36mdata-challenges[00m [01;34mgit:([31mmaster[34m)[00m [K[35C[ðŸ lewagon][47D[?1h=[?2004h[7mgit pull upstream master -X ours[27m
[K[A[32C[27m[32mg[27m[32mi[27m[32mt[39m[27m [27mp[27mu[27ml[27ml[27m [27mu[27mp[27ms[27mt[27mr[27me[27ma[27mm[27m [27mm[27ma[27ms[27mt[27me[27mr[27m [27m-[27mX[27m [27mo[27mu[27mr[27ms[1B[K[?1l>[?2004l
]2;git pull upstream master -X ours]1;gitFrom github.com:lewagon/data-challenges
 * branch            master     -> FETCH_HEAD
Already up to date.
[1m[7m%[27m[1m[0m                                                                                ]7;file://MacBook-Air-de-Valeria.local/Users/valeriarevolledo/code/valeria0801/data-challenges]2;valeriarevolledo@MacBook-Air-de-Valeria]1;..ta-challenges]7;file://MacBook-Air-de-Valeria.local/Users/valeriarevolledo/code/valeria0801/data-challenges[0m[27m[24m[J[01;32mâžœ  [36mdata-challenges[00m [01;34mgit:([31mmaster[34m)[00m [K[35C[ðŸ lewagon][47D[?1h=[?2004h[7mcd 07-Data-Engineering/01-Code-as-a-Product/03-T[7me[7mst-your-code[27m[K
[K[A[A[32C[27m[32mc[27m[32md[39m[27m [27m[4m0[27m[4m7[27m[4m-[27m[4mD[27m[4ma[27m[4mt[27m[4ma[27m[4m-[27m[4mE[27m[4mn[27m[4mg[27m[4mi[27m[4mn[27m[4me[27m[4me[27m[4mr[27m[4mi[27m[4mn[27m[4mg[27m[4m/[27m[4m0[27m[4m1[27m[4m-[27m[4mC[27m[4mo[27m[4md[27m[4me[27m[4m-[27m[4ma[27m[4ms[27m[4m-[27m[4ma[27m[4m-[27m[4mP[27m[4mr[27m[4mo[27m[4md[27m[4mu[27m[4mc[27m[4mt[27m[4m/[27m[4m0[27m[4m3[27m[4m-[27m[4mT[4me[27m[4ms[27m[4mt[27m[4m-[27m[4my[27m[4mo[27m[4mu[27m[4mr[27m[4m-[27m[4mc[27m[4mo[27m[4md[27m[4me[24m[1B[K[?1l>[?2004l
]2;cd 07-Data-Engineering/01-Code-as-a-Product/03-Test-your-code]1;cdload-nvmrc:1: command not found: nvm
load-nvmrc:2: command not found: nvm_find_nvmrc
load-nvmrc:12: command not found: nvm
[1m[7m%[27m[1m[0m                                                                                ]7;file://MacBook-Air-de-Valeria.local/Users/valeriarevolledo/code/valeria0801/data-challenges/07-Data-Engineering/01-Code-as-a-Product/03-Test-your-code]2;valeriarevolledo@MacBook-Air-de-Valeria]1;..est-your-code]7;file://MacBook-Air-de-Valeria.local/Users/valeriarevolledo/code/valeria0801/data-challenges/07-Data-Engineering/01-Code-as-a-Product/03-Test-your-code[0m[27m[24m[J[01;32mâžœ  [36m03-Test-your-code[00m [01;34mgit:([31mmaster[34m)[00m [K[33C[ðŸ lewagon][45D[?1h=[?2004h[1m[31ms[0m[39m[0m[32ms[32mt[39m[32ms[32mt[32mt[39m[?1l>[?2004l
]2;'/Applications/Sublime Text.app/Contents/SharedSupport/bin/subl' .]1;stt[1m[7m%[27m[1m[0m                                                                                ]7;file://MacBook-Air-de-Valeria.local/Users/valeriarevolledo/code/valeria0801/data-challenges/07-Data-Engineering/01-Code-as-a-Product/03-Test-your-code]2;valeriarevolledo@MacBook-Air-de-Valeria]1;..est-your-code]7;file://MacBook-Air-de-Valeria.local/Users/valeriarevolledo/code/valeria0801/data-challenges/07-Data-Engineering/01-Code-as-a-Product/03-Test-your-code[0m[27m[24m[J[01;32mâžœ  [36m03-Test-your-code[00m [01;34mgit:([31mmaster[34m)[00m [K[33C[ðŸ lewagon][45D[?1h=[?2004h[7mpip install coverage[27m[20D[27m[32mp[27m[32mi[27m[32mp[39m[27m [27mi[27mn[27ms[27mt[27ma[27ml[27ml[27m [27mc[27mo[27mv[27me[27mr[27ma[27mg[27me[?1l>[?2004l
]2;pip install coverage]1;pipRequirement already satisfied: coverage in /Users/valeriarevolledo/.pyenv/versions/3.8.6/envs/lewagon/lib/python3.8/site-packages (5.5)
[1m[7m%[27m[1m[0m                                                                                ]7;file://MacBook-Air-de-Valeria.local/Users/valeriarevolledo/code/valeria0801/data-challenges/07-Data-Engineering/01-Code-as-a-Product/03-Test-your-code]2;valeriarevolledo@MacBook-Air-de-Valeria]1;..est-your-code]7;file://MacBook-Air-de-Valeria.local/Users/valeriarevolledo/code/valeria0801/data-challenges/07-Data-Engineering/01-Code-as-a-Product/03-Test-your-code[0m[27m[24m[J[01;32mâžœ  [36m03-Test-your-code[00m [01;34mgit:([31mmaster[34m)[00m [K[33C[ðŸ lewagon][45D[?1h=[?2004h[7mpip install coverage[27m[20D[27m[32mp[27m[32mi[27m[32mp[39m[27m [27mi[27mn[27ms[27mt[27ma[27ml[27ml[27m [27mc[27mo[27mv[27me[27mr[27ma[27mg[27me[?1l>[?2004l
]2;pip install coverage]1;pipRequirement already satisfied: coverage in /Users/valeriarevolledo/.pyenv/versions/3.8.6/envs/lewagon/lib/python3.8/site-packages (5.5)
[1m[7m%[27m[1m[0m                                                                                ]7;file://MacBook-Air-de-Valeria.local/Users/valeriarevolledo/code/valeria0801/data-challenges/07-Data-Engineering/01-Code-as-a-Product/03-Test-your-code]2;valeriarevolledo@MacBook-Air-de-Valeria]1;..est-your-code]7;file://MacBook-Air-de-Valeria.local/Users/valeriarevolledo/code/valeria0801/data-challenges/07-Data-Engineering/01-Code-as-a-Product/03-Test-your-code[0m[27m[24m[J[01;32mâžœ  [36m03-Test-your-code[00m [01;34mgit:([31mmaster[34m)[00m [K[33C[ðŸ lewagon][45D[?1h=[?2004h[1m[31mc[0m[39m[0m[32mc[32md[39m[?1l>[?2004l
]2;cd]1;cdload-nvmrc:1: command not found: nvm
load-nvmrc:2: command not found: nvm_find_nvmrc
load-nvmrc:12: command not found: nvm
[1m[7m%[27m[1m[0m                                                                                ]7;file://MacBook-Air-de-Valeria.local/Users/valeriarevolledo]2;valeriarevolledo@MacBook-Air-de-Valeria]1;~]7;file://MacBook-Air-de-Valeria.local/Users/valeriarevolledo[0m[27m[24m[J[01;32mâžœ  [36m~[00m [K[62C[ðŸ lewagon][74D[?1h=[?2004h[4mc[24m[4mc[4mo[24m[4mc[4mo[4md[24m[4m[32mc[4m[32mo[4m[32md[4m[32me[24m[39m[?1l>[?2004l
]2;code]1;codeload-nvmrc:1: command not found: nvm
load-nvmrc:2: command not found: nvm_find_nvmrc
load-nvmrc:12: command not found: nvm
[1m[7m%[27m[1m[0m                                                                                ]7;file://MacBook-Air-de-Valeria.local/Users/valeriarevolledo/code]2;valeriarevolledo@MacBook-Air-de-Valeria]1;~/code]7;file://MacBook-Air-de-Valeria.local/Users/valeriarevolledo/codev[0m[27m[24m[J[01;32mâžœ  [36mcode[00m [K[59C[ðŸ lewagon][71D[?1h=[?2004h[4mv[24m[4mv[4ma[24m[24mv[24ma
[J[1;31mvaleria0801[0m/  [Jvared       [J[A[0m[27m[24m[8Cva[K[57C[ðŸ lewagon][69Dleria0801[1m/[0m
[J[7mvaleria0801/[0m  [Jvared       [J[A[0m[27m[24m[8Cvaleria0801[1m/[0m[K[47C[ðŸ lewagon][59D
[7mvaleria0801/[0m  [7mvaleria0801/[0m  [A[0m[27m[24m[8Cvaleria0801[1m/[0m[K[47C[ðŸ lewagon][59D
[J[A[20C[12D[4m[32mv[4m[32ma[4m[32ml[4m[32me[4m[32mr[4m[32mi[4m[32ma[4m[32m0[4m[32m8[4m[32m0[4m[32m1[1m[4m[32m/[0m[24m[39m[4m[32m1[24m[39m[0m[24m[39m [?1l>[?2004l
[J]2;valeria0801]1;valeria0801load-nvmrc:1: command not found: nvm
load-nvmrc:2: command not found: nvm_find_nvmrc
load-nvmrc:12: command not found: nvm
[1m[7m%[27m[1m[0m                                                                                ]7;file://MacBook-Air-de-Valeria.local/Users/valeriarevolledo/code/valeria0801]2;valeriarevolledo@MacBook-Air-de-Valeria]1;..e/valeria0801]7;file://MacBook-Air-de-Valeria.local/Users/valeriarevolledo/code/valeria0801[0m[27m[24m[J[01;32mâžœ  [36mvaleria0801[00m [K[52C[ðŸ lewagon][64D[?1h=[?2004h[4mm[24m[4mm[4ml[24m[24mm[24ml
[J[0mmlflow         [J[1;31mmlproject[0m/     [Jmlproject-run[J[A[0m[27m[24m[15Cml[K[50C[ðŸ lewagon][62Dflow
[J[7mmlflow       [0m  [J[1;31mmlproject[0m/     [Jmlproject-run[J[A[0m[27m[24m[15Cmlflow[K[46C[ðŸ lewagon][58D
[7mmlflow       [0m  [7mmlflow       [0m  [A[0m[27m[24m[15Cmlflow[K[46C[ðŸ lewagon][58Dproject[1m/[0m
[15C[7mmlproject/   [0m  mlflow         [A[0m[27m[24m[15Cmlproject[1m/[0m[K[42C[ðŸ lewagon][54D
[J[A[25C[10D[4m[32mm[4m[32ml[4m[32mp[4m[32mr[4m[32mo[4m[32mj[4m[32me[4m[32mc[4m[32mt[1m[4m[32m/[0m[24m[39m[4m[32mt[24m[39m[0m[24m[39m [?1l>[?2004l
[J]2;mlproject]1;mlprojectload-nvmrc:1: command not found: nvm
load-nvmrc:2: command not found: nvm_find_nvmrc
load-nvmrc:12: command not found: nvm
[1m[7m%[27m[1m[0m                                                                                ]7;file://MacBook-Air-de-Valeria.local/Users/valeriarevolledo/code/valeria0801/mlproject]2;valeriarevolledo@MacBook-Air-de-Valeria]1;..801/mlproject]7;file://MacBook-Air-de-Valeria.local/Users/valeriarevolledo/code/valeria0801/mlproject[0m[27m[24m[J[01;32mâžœ  [36mmlproject[00m [01;34mgit:([31mmaster[34m) [33mâœ—[00m [K[39C[ðŸ lewagon][51D[?1h=[?2004h[32mt[39m[1m[31mt[1m[31mo[0m[39m[1m[31mt[1m[31mo[1m[31mu[0m[39m[1m[31mu[1m[31mh[0m[39m[1m[31mu[0m[39m[0m[39m [1m[31mu[1m[31mc[0m[39m[0m[32mt[0m[32mo[0m[32mu[0m[32mc[32mh[39m lib.py[?1l>[?2004l
]2;touch lib.py]1;touch[1m[7m%[27m[1m[0m                                                                                ]7;file://MacBook-Air-de-Valeria.local/Users/valeriarevolledo/code/valeria0801/mlproject]2;valeriarevolledo@MacBook-Air-de-Valeria]1;..801/mlproject]7;file://MacBook-Air-de-Valeria.local/Users/valeriarevolledo/code/valeria0801/mlproject[0m[27m[24m[J[01;32mâžœ  [36mmlproject[00m [01;34mgit:([31mmaster[34m) [33mâœ—[00m [K[39C[ðŸ lewagon][51D[?1h=[?2004h[32mt[39m[1m[31mt[1m[31mo[0m[39m[1m[31mt[1m[31mo[1m[31mu[0m[39m[1m[31mt[1m[31mo[0m[39m[0m[39m [0m[32mt[39m[0m[39m [39m [32ml[39m[32ml[32ms[39m[?1l>[?2004l
]2;ls -G]1;lsMANIFEST.in        [1m[36mmlproject[39;49m[0m          requirements.txt   typescript
Makefile           [1m[36mmlproject.egg-info[39;49m[0m [1m[36mscripts[39;49m[0m
README.md          [1m[36mnotebooks[39;49m[0m          setup.py
lib.py             [1m[36mraw_data[39;49m[0m           [1m[36mtests[39;49m[0m
[1m[7m%[27m[1m[0m                                                                                ]7;file://MacBook-Air-de-Valeria.local/Users/valeriarevolledo/code/valeria0801/mlproject]2;valeriarevolledo@MacBook-Air-de-Valeria]1;..801/mlproject]7;file://MacBook-Air-de-Valeria.local/Users/valeriarevolledo/code/valeria0801/mlproject[0m[27m[24m[J[01;32mâžœ  [36mmlproject[00m [01;34mgit:([31mmaster[34m) [33mâœ—[00m [K[39C[ðŸ lewagon][51D[?1h=[?2004h[32mt[39m[39m[4mt[4me[24m[4mt[4me[4ms[24m[24m[32mt[24m[32me[24m[32ms[32mt[39m[39mt[39me[39ms[39mt
[J[0mtest    [J[1;31mtests[0m/[J[A[0m[27m[24m[28Ctest[K[35C[ðŸ lewagon][47D
[J[7mtest  [0m  [J[1;31mtests[0m/[J[A[0m[27m[24m[28Ctest[K[35C[ðŸ lewagon][47D
[7mtest  [0m  [7mtest  [0m  [A[0m[27m[24m[28Ctest[K[35C[ðŸ lewagon][47Ds[1m/[0m
[8C[7mtests/[0mtest    [A[0m[27m[24m[28Ctests[1m/[0m[K[33C[ðŸ lewagon][45D
[J[A[34C[4m[32mt[4m[32me[4m[32ms[4m[32mt[4m[32ms[1m[4m[32m/[0m[24m[39m[4m[32ms[24m[39m[0m[24m[39m [?1l>[?2004l
[J]2;tests]1;testsload-nvmrc:1: command not found: nvm
load-nvmrc:2: command not found: nvm_find_nvmrc
load-nvmrc:12: command not found: nvm
[1m[7m%[27m[1m[0m                                                                                ]7;file://MacBook-Air-de-Valeria.local/Users/valeriarevolledo/code/valeria0801/mlproject/tests]2;valeriarevolledo@MacBook-Air-de-Valeria]1;..project/tests]7;file://MacBook-Air-de-Valeria.local/Users/valeriarevolledo/code/valeria0801/mlproject/tests[0m[27m[24m[J[01;32mâžœ  [36mtests[00m [01;34mgit:([31mmaster[34m) [33mâœ—[00m [K[43C[ðŸ lewagon][55D[?1h=[?2004h[32ml[39m[1m[31ml[1m[31mi[0m[39m[0m[32ml[39m[0m[39m [39m [32mt[39m[1m[31mt[1m[31mo[0m[39m[1m[31mt[1m[31mo[1m[31mu[0m[39m[1m[31mu[1m[31mc[0m[39m[0m[32mt[0m[32mo[0m[32mu[0m[32mc[32mh[39m lib_test.py[?1l>[?2004l
]2;touch lib_test.py]1;touch[1m[7m%[27m[1m[0m                                                                                ]7;file://MacBook-Air-de-Valeria.local/Users/valeriarevolledo/code/valeria0801/mlproject/tests]2;valeriarevolledo@MacBook-Air-de-Valeria]1;..project/tests]7;file://MacBook-Air-de-Valeria.local/Users/valeriarevolledo/code/valeria0801/mlproject/tests[0m[27m[24m[J[01;32mâžœ  [36mtests[00m [01;34mgit:([31mmaster[34m) [33mâœ—[00m [K[43C[ðŸ lewagon][55D[?1h=[?2004h[32m.[39m[4m[32m.[4m[32m.[24m[39m[?1l>[?2004l
]2;..]1;..load-nvmrc:1: command not found: nvm
load-nvmrc:2: command not found: nvm_find_nvmrc
load-nvmrc:12: command not found: nvm
[1m[7m%[27m[1m[0m                                                                                ]7;file://MacBook-Air-de-Valeria.local/Users/valeriarevolledo/code/valeria0801/mlproject]2;valeriarevolledo@MacBook-Air-de-Valeria]1;..801/mlproject]7;file://MacBook-Air-de-Valeria.local/Users/valeriarevolledo/code/valeria0801/mlproject[0m[27m[24m[J[01;32mâžœ  [36mmlproject[00m [01;34mgit:([31mmaster[34m) [33mâœ—[00m [K[39C[ðŸ lewagon][51D[?1h=[?2004h[32m.[39m[4m[32m.[4m[32m.[24m[39m[?1l>[?2004l
]2;..]1;..load-nvmrc:1: command not found: nvm
load-nvmrc:2: command not found: nvm_find_nvmrc
load-nvmrc:12: command not found: nvm
[1m[7m%[27m[1m[0m                                                                                ]7;file://MacBook-Air-de-Valeria.local/Users/valeriarevolledo/code/valeria0801]2;valeriarevolledo@MacBook-Air-de-Valeria]1;..e/valeria0801]7;file://MacBook-Air-de-Valeria.local/Users/valeriarevolledo/code/valeria0801[0m[27m[24m[J[01;32mâžœ  [36mvaleria0801[00m [K[52C[ðŸ lewagon][64D[?1h=[?2004h[4mm[24m[4mm[4ml[24m[24mm[24ml
[J[0mmlflow         [J[1;31mmlproject[0m/     [Jmlproject-run[J[A[0m[27m[24m[15Cml[K[50C[ðŸ lewagon][62Dflow
[J[7mmlflow       [0m  [J[1;31mmlproject[0m/     [Jmlproject-run[J[A[0m[27m[24m[15Cmlflow[K[46C[ðŸ lewagon][58D
[7mmlflow       [0m  [7mmlflow       [0m  [A[0m[27m[24m[15Cmlflow[K[46C[ðŸ lewagon][58Dproject[1m/[0m
[15C[7mmlproject/   [0m  mlflow         [A[0m[27m[24m[15Cmlproject[1m/[0m[K[42C[ðŸ lewagon][54D
[J[A[25C[10D[4m[32mm[4m[32ml[4m[32mp[4m[32mr[4m[32mo[4m[32mj[4m[32me[4m[32mc[4m[32mt[1m[4m[32m/[0m[24m[39m[4m[32mt[24m[39m[0m[24m[39m [?1l>[?2004l
[J]2;mlproject]1;mlprojectload-nvmrc:1: command not found: nvm
load-nvmrc:2: command not found: nvm_find_nvmrc
load-nvmrc:12: command not found: nvm
[1m[7m%[27m[1m[0m                                                                                ]7;file://MacBook-Air-de-Valeria.local/Users/valeriarevolledo/code/valeria0801/mlproject]2;valeriarevolledo@MacBook-Air-de-Valeria]1;..801/mlproject]7;file://MacBook-Air-de-Valeria.local/Users/valeriarevolledo/code/valeria0801/mlproject[0m[27m[24m[J[01;32mâžœ  [36mmlproject[00m [01;34mgit:([31mmaster[34m) [33mâœ—[00m [K[39C[ðŸ lewagon][51D[?1h=[?2004h[4ms[24m[24m[32ms[32mt[39m[32ms[32mt[32mt[39m[?1l>[?2004l
]2;'/Applications/Sublime Text.app/Contents/SharedSupport/bin/subl' .]1;stt[1m[7m%[27m[1m[0m                                                                                ]7;file://MacBook-Air-de-Valeria.local/Users/valeriarevolledo/code/valeria0801/mlproject]2;valeriarevolledo@MacBook-Air-de-Valeria]1;..801/mlproject]7;file://MacBook-Air-de-Valeria.local/Users/valeriarevolledo/code/valeria0801/mlproject[0m[27m[24m[J[01;32mâžœ  [36mmlproject[00m [01;34mgit:([31mmaster[34m) [33mâœ—[00m [K[39C[ðŸ lewagon][51D[?1h=[?2004h[32mr[39m[32mr[32mm[39m [4ml[24m[4ml[4mi[24m[4mi[4mb[24m[4mb[4m.[24m[4m.[4mp[24m[4mp[4my[24m [4mp[24m[24m [4m.[24m[24m [4mb[24m[24m [4mi[24m[24m [4ml[24m[24m [24m [32mr[39m[39m [39m [4mm[24m[24m[1m[31mm[1m[31mo[0m[39m[0m[39m[4mm[24m[0m[39m [24m[32mm[32mv[39m [4ml[24m[4ml[4mi[24m[4mi[4mb[24m[4mb[4m.[24m[4m.[4mp[24m[4mp[4my[24m [4mm[24m[4mm[4ml[24m[4ml[4mp[24m[4mp[4mr[24m[4mr[4mo[24m[4mo[4mj[24m[4mj[4me[24m[4me[4mc[24m[4mc[4mt[24m[?1l>[?2004l
]2;mv -i lib.py mlproject]1;mv[1m[7m%[27m[1m[0m                                                                                ]7;file://MacBook-Air-de-Valeria.local/Users/valeriarevolledo/code/valeria0801/mlproject]2;valeriarevolledo@MacBook-Air-de-Valeria]1;..801/mlproject]7;file://MacBook-Air-de-Valeria.local/Users/valeriarevolledo/code/valeria0801/mlproject[0m[27m[24m[J[01;32mâžœ  [36mmlproject[00m [01;34mgit:([31mmaster[34m) [33mâœ—[00m [K[39C[ðŸ lewagon][51D[?1h=[?2004h[4ms[24m[24m[32ms[32mt[39m[32ms[32mt[32mt[39m[?1l>[?2004l
]2;'/Applications/Sublime Text.app/Contents/SharedSupport/bin/subl' .]1;stt[1m[7m%[27m[1m[0m                                                                                ]7;file://MacBook-Air-de-Valeria.local/Users/valeriarevolledo/code/valeria0801/mlproject]2;valeriarevolledo@MacBook-Air-de-Valeria]1;..801/mlproject]7;file://MacBook-Air-de-Valeria.local/Users/valeriarevolledo/code/valeria0801/mlproject[0m[27m[24m[J[01;32mâžœ  [36mmlproject[00m [01;34mgit:([31mmaster[34m) [33mâœ—[00m [K[39C[ðŸ lewagon][51D[?1h=[?2004h[4mm[24m[24m[1m[31mm[1m[31ma[0m[39m[1m[31mm[1m[31ma[1m[31mk[0m[39m[0m[32mm[0m[32ma[0m[32mk[32me[39m [4mt[24m[4mt[4me[24m[4me[4ms[24m[4ms[4mt[24m[?1l>[?2004l[24mt[24me[24ms[24mt
]2;make test]1;make[1m============================= test session starts ==============================[0m
platform darwin -- Python 3.8.6, pytest-6.2.1, py-1.10.0, pluggy-0.13.1
rootdir: /Users/valeriarevolledo/code/valeria0801/mlproject
plugins: anyio-2.0.2
[1mcollecting ... [0m[1mcollected 2 items                                                              [0m

tests/lib_test.py [32m.[0m[32m.[0m

[32m============================== [32m[1m2 passed[0m[32m in 0.06s[0m[32m ===============================[0m
Name                    Stmts   Miss  Cover   Missing
-----------------------------------------------------
mlproject/__init__.py       6      2    67%   7-8
mlproject/lib.py            2      0   100%
tests/__init__.py           0      0   100%
tests/lib_test.py           3      0   100%
-----------------------------------------------------
TOTAL                      11      2    82%
[1m[7m%[27m[1m[0m                                                                                ]7;file://MacBook-Air-de-Valeria.local/Users/valeriarevolledo/code/valeria0801/mlproject]2;valeriarevolledo@MacBook-Air-de-Valeria]1;..801/mlproject]7;file://MacBook-Air-de-Valeria.local/Users/valeriarevolledo/code/valeria0801/mlproject[0m[27m[24m[J[01;32mâžœ  [36mmlproject[00m [01;34mgit:([31mmaster[34m) [33mâœ—[00m [K[39C[ðŸ lewagon][51D[?1h=[?2004h[4mm[24m[24m[1m[31mm[1m[31ma[0m[39m[1m[31mm[1m[31ma[1m[31mk[0m[39m[0m[32mm[0m[32ma[0m[32mk[32me[39m [4mt[24m[4mt[4me[24m[4me[4ms[24m[4ms[4mt[24m[24mt[24me[24ms[24mt lib[13D[39mm[39ma[39mk[39me[9C[13D[32mm[32ma[32mk[32me[39m[9C_test.py[?1l>[?2004l
]2;make test lib_test.py]1;make[1m============================= test session starts ==============================[0m
platform darwin -- Python 3.8.6, pytest-6.2.1, py-1.10.0, pluggy-0.13.1
rootdir: /Users/valeriarevolledo/code/valeria0801/mlproject
plugins: anyio-2.0.2
[1mcollecting ... [0m[1mcollected 2 items                                                              [0m

tests/lib_test.py [32m.[0m[32m.[0m

[32m============================== [32m[1m2 passed[0m[32m in 0.07s[0m[32m ===============================[0m
Name                    Stmts   Miss  Cover   Missing
-----------------------------------------------------
mlproject/__init__.py       6      2    67%   7-8
mlproject/lib.py            2      0   100%
tests/__init__.py           0      0   100%
tests/lib_test.py           3      0   100%
-----------------------------------------------------
TOTAL                      11      2    82%
make: *** No rule to make target `lib_test.py'.  Stop.
[1m[7m%[27m[1m[0m                                                                                ]7;file://MacBook-Air-de-Valeria.local/Users/valeriarevolledo/code/valeria0801/mlproject]2;valeriarevolledo@MacBook-Air-de-Valeria]1;..801/mlproject]7;file://MacBook-Air-de-Valeria.local/Users/valeriarevolledo/code/valeria0801/mlproject[0m[27m[24m[J[01;31mâžœ  [36mmlproject[00m [01;34mgit:([31mmaster[34m) [33mâœ—[00m [K[39C[ðŸ lewagon][51D[?1h=[?2004h[4mm[24m[24m[1m[31mm[1m[31ma[0m[39m[1m[31mm[1m[31ma[1m[31mk[0m[39m[0m[32mm[0m[32ma[0m[32mk[32me[39m[39mm[39ma[39mk[39me
[J[0mmake      [Jmakeinfo[J[A[0m[27m[24m[28Cmake[K[35C[ðŸ lewagon][47D
[J[7mmake    [0m  [Jmakeinfo[J[A[0m[27m[24m[28Cmake[K[35C[ðŸ lewagon][47D
[7mmake    [0m  [7mmake    [0m  [A[0m[27m[24m[28Cmake[K[35C[ðŸ lewagon][47Dinfo
[10C[7mmakeinfo[0mmake      [A[0m[27m[24m[28Cmakeinfo[K[31C[ðŸ lewagon][43D    
[7mmake    [0m  [10Cmakeinfo[A[0m[27m[24m[28Cmake[K[35C[ðŸ lewagon][47Dinfo
[10C[7mmakeinfo[0mmake      [A[0m[27m[24m[28Cmakeinfo[K[31C[ðŸ lewagon][43D
[J[A[36C[1m [0m[9D[32mm[32ma[32mk[32me[32mi[32mn[32mf[32mo[39m[0m [8D[1m[31mm[1m[31ma[1m[31mk[1m[31me[1m[31mi[1m[31mn[1m[31mf[0m[39m[39m [1m[31mn[0m[39m[0m[39m [1m[31mi[0m[39m[0m[39m [0m[32mm[0m[32ma[0m[32mk[0m[32me[39m[0m[39m [1m[31mm[1m[31ma[1m[31mk[0m[39m[39m [1m[31mm[1m[31ma[0m[39m[0m[39m [0m[39m[4mm[24m[0m[39m [24m [32ml[39m[32ml[32ms[39m[?1l>[?2004l
[J]2;ls -G]1;lsMANIFEST.in        [1m[36mmlproject[39;49m[0m          [1m[36mraw_data[39;49m[0m           setup.py
Makefile           [1m[36mmlproject.egg-info[39;49m[0m requirements.txt   [1m[36mtests[39;49m[0m
README.md          [1m[36mnotebooks[39;49m[0m          [1m[36mscripts[39;49m[0m            typescript
[1m[7m%[27m[1m[0m                                                                                ]7;file://MacBook-Air-de-Valeria.local/Users/valeriarevolledo/code/valeria0801/mlproject]2;valeriarevolledo@MacBook-Air-de-Valeria]1;..801/mlproject]7;file://MacBook-Air-de-Valeria.local/Users/valeriarevolledo/code/valeria0801/mlproject[0m[27m[24m[J[01;32mâžœ  [36mmlproject[00m [01;34mgit:([31mmaster[34m) [33mâœ—[00m [K[39C[ðŸ lewagon][51D[?1h=[?2004h            [8D[4mm[24m[24m[1m[31mm[1m[31ma[0m[39m[0m[39mm[0m[39ma
[0mMACHTYPE           macbinary          mail               man              
MAILCHECK          macerror           mailpath           mandoc           
MAILPATH           macerror5.18       mailq              mandoc_soelim    
MANPATH            macerror5.28       mailx              manpath          
MATCH              macerror5.30       make               markdown_py      
Magick++-config    machine            makeinfo                            
MagickCore-config  magick             mako-render                         
[JMagickWand-config  [Jmagick-script      [Jmalloc_history     [J                 [8A[0m[27m[24m[28Cma[K[37C[ðŸ lewagon][49DMACHTYPE[1m=[0m
[7mMACHTYPE         [0m  macbinary          mail               man              [K
MAILCHECK          macerror           mailpath           mandoc           [K
MAILPATH           macerror5.18       mailq              mandoc_soelim    [K
MANPATH            macerror5.28       mailx              manpath          [K
MATCH              macerror5.30       make               manpath          [K
Magick++-config    machine            makeinfo           markdown_py      [K
MagickCore-config  magick             mako-render                         [K
[JMagickWand-config  [Jmagick-script      [Jmalloc_history     [J                 [8A[0m[27m[24m[28CMACHTYPE[1m=[0m[K[30C[ðŸ lewagon][42D
[7mMACHTYPE         [0m  [7mMACHTYPE         [0m  [A[0m[27m[24m[28CMACHTYPE[1m=[0m[K[30C[ðŸ lewagon][42DILCHEC[0mK[1m=[0m
[0mMACHTYPE           [1B[7mMAILCHECK        [0m  [A[A[0m[27m[24m[28CMAILCHECK[1m=[0m[K[29C[ðŸ lewagon][41DPATH[1m=[0m[0m 
[1B[0mMAILCHECK          [1B[7mMAILPATH         [0m  [3A[0m[27m[24m[28CMAILPATH[1m=[0m[K[30C[ðŸ lewagon][42D
[J[A[37C[9D        [0m [9D[4mm[24m[24m[1m[31mm[1m[31ma[0m[39m[1m[31mm[1m[31ma[1m[31mk[0m[39m[0m[32mm[0m[32ma[0m[32mk[32me[39m[39mm[39ma[39mk[39me
[J[J[0mmake      [Jmakeinfo[J[A[0m[27m[24m[28Cmake[K[35C[ðŸ lewagon][47D
[J[7mmake    [0m  [Jmakeinfo[J[A[0m[27m[24m[28Cmake[K[35C[ðŸ lewagon][47D
[7mmake    [0m  [7mmake    [0m  [A[0m[27m[24m[28Cmake[K[35C[ðŸ lewagon][47D
[J[A[32C[1m [0m[32mm[32ma[32mk[32me[39m[1C[0m [?1l>[?2004l
[J]2;make]1;makeRequirement already satisfied: pip>=9 in /Users/valeriarevolledo/.pyenv/versions/3.8.6/envs/lewagon/lib/python3.8/site-packages (from -r requirements.txt (line 2)) (21.0.1)
Requirement already satisfied: setuptools>=26 in /Users/valeriarevolledo/.pyenv/versions/3.8.6/envs/lewagon/lib/python3.8/site-packages (from -r requirements.txt (line 3)) (49.2.1)
Requirement already satisfied: twine in /Users/valeriarevolledo/.pyenv/versions/3.8.6/envs/lewagon/lib/python3.8/site-packages (from -r requirements.txt (line 4)) (3.3.0)
Requirement already satisfied: wheel>=0.29 in /Users/valeriarevolledo/.pyenv/versions/3.8.6/envs/lewagon/lib/python3.8/site-packages (from -r requirements.txt (line 5)) (0.36.2)
Requirement already satisfied: numpy in /Users/valeriarevolledo/.pyenv/versions/3.8.6/envs/lewagon/lib/python3.8/site-packages (from -r requirements.txt (line 8)) (1.19.5)
Requirement already satisfied: pandas in /Users/valeriarevolledo/.pyenv/versions/3.8.6/envs/lewagon/lib/python3.8/site-packages (from -r requirements.txt (line 9)) (1.2.0)
Requirement already satisfied: scikit-learn in /Users/valeriarevolledo/.pyenv/versions/3.8.6/envs/lewagon/lib/python3.8/site-packages (from -r requirements.txt (line 10)) (0.24.1)
Requirement already satisfied: black in /Users/valeriarevolledo/.pyenv/versions/3.8.6/envs/lewagon/lib/python3.8/site-packages (from -r requirements.txt (line 13)) (20.8b1)
Requirement already satisfied: coverage in /Users/valeriarevolledo/.pyenv/versions/3.8.6/envs/lewagon/lib/python3.8/site-packages (from -r requirements.txt (line 14)) (5.5)
Requirement already satisfied: flake8 in /Users/valeriarevolledo/.pyenv/versions/3.8.6/envs/lewagon/lib/python3.8/site-packages (from -r requirements.txt (line 15)) (3.8.4)
Requirement already satisfied: pytest in /Users/valeriarevolledo/.pyenv/versions/3.8.6/envs/lewagon/lib/python3.8/site-packages (from -r requirements.txt (line 16)) (6.2.1)
Requirement already satisfied: yapf in /Users/valeriarevolledo/.pyenv/versions/3.8.6/envs/lewagon/lib/python3.8/site-packages (from -r requirements.txt (line 17)) (0.30.0)
Requirement already satisfied: gcsfs in /Users/valeriarevolledo/.pyenv/versions/3.8.6/envs/lewagon/lib/python3.8/site-packages (from -r requirements.txt (line 20)) (0.7.2)
Requirement already satisfied: google-cloud-storage in /Users/valeriarevolledo/.pyenv/versions/3.8.6/envs/lewagon/lib/python3.8/site-packages (from -r requirements.txt (line 21)) (1.36.1)
Requirement already satisfied: mlflow in /Users/valeriarevolledo/.pyenv/versions/3.8.6/envs/lewagon/lib/python3.8/site-packages (from -r requirements.txt (line 22)) (1.14.0)
Requirement already satisfied: s3fs in /Users/valeriarevolledo/.pyenv/versions/3.8.6/envs/lewagon/lib/python3.8/site-packages (from -r requirements.txt (line 23)) (0.5.2)
Requirement already satisfied: six>=1.14 in /Users/valeriarevolledo/.pyenv/versions/3.8.6/envs/lewagon/lib/python3.8/site-packages (from -r requirements.txt (line 26)) (1.15.0)
Requirement already satisfied: joblib in /Users/valeriarevolledo/.pyenv/versions/3.8.6/envs/lewagon/lib/python3.8/site-packages (from -r requirements.txt (line 27)) (1.0.0)
Requirement already satisfied: memoized-property in /Users/valeriarevolledo/.pyenv/versions/3.8.6/envs/lewagon/lib/python3.8/site-packages (from -r requirements.txt (line 28)) (1.0.3)
Requirement already satisfied: termcolor in /Users/valeriarevolledo/.pyenv/versions/3.8.6/envs/lewagon/lib/python3.8/site-packages (from -r requirements.txt (line 29)) (1.1.0)
Requirement already satisfied: typing-extensions>=3.7.4 in /Users/valeriarevolledo/.pyenv/versions/3.8.6/envs/lewagon/lib/python3.8/site-packages (from black->-r requirements.txt (line 13)) (3.7.4.3)
Requirement already satisfied: mypy-extensions>=0.4.3 in /Users/valeriarevolledo/.pyenv/versions/3.8.6/envs/lewagon/lib/python3.8/site-packages (from black->-r requirements.txt (line 13)) (0.4.3)
Requirement already satisfied: appdirs in /Users/valeriarevolledo/.pyenv/versions/3.8.6/envs/lewagon/lib/python3.8/site-packages (from black->-r requirements.txt (line 13)) (1.4.4)
Requirement already satisfied: regex>=2020.1.8 in /Users/valeriarevolledo/.pyenv/versions/3.8.6/envs/lewagon/lib/python3.8/site-packages (from black->-r requirements.txt (line 13)) (2020.11.13)
Requirement already satisfied: click>=7.1.2 in /Users/valeriarevolledo/.pyenv/versions/3.8.6/envs/lewagon/lib/python3.8/site-packages (from black->-r requirements.txt (line 13)) (7.1.2)
Requirement already satisfied: toml>=0.10.1 in /Users/valeriarevolledo/.pyenv/versions/3.8.6/envs/lewagon/lib/python3.8/site-packages (from black->-r requirements.txt (line 13)) (0.10.2)
Requirement already satisfied: typed-ast>=1.4.0 in /Users/valeriarevolledo/.pyenv/versions/3.8.6/envs/lewagon/lib/python3.8/site-packages (from black->-r requirements.txt (line 13)) (1.4.2)
Requirement already satisfied: pathspec<1,>=0.6 in /Users/valeriarevolledo/.pyenv/versions/3.8.6/envs/lewagon/lib/python3.8/site-packages (from black->-r requirements.txt (line 13)) (0.8.1)
Requirement already satisfied: mccabe<0.7.0,>=0.6.0 in /Users/valeriarevolledo/.pyenv/versions/3.8.6/envs/lewagon/lib/python3.8/site-packages (from flake8->-r requirements.txt (line 15)) (0.6.1)
Requirement already satisfied: pyflakes<2.3.0,>=2.2.0 in /Users/valeriarevolledo/.pyenv/versions/3.8.6/envs/lewagon/lib/python3.8/site-packages (from flake8->-r requirements.txt (line 15)) (2.2.0)
Requirement already satisfied: pycodestyle<2.7.0,>=2.6.0a1 in /Users/valeriarevolledo/.pyenv/versions/3.8.6/envs/lewagon/lib/python3.8/site-packages (from flake8->-r requirements.txt (line 15)) (2.6.0)
Requirement already satisfied: requests in /Users/valeriarevolledo/.pyenv/versions/3.8.6/envs/lewagon/lib/python3.8/site-packages (from gcsfs->-r requirements.txt (line 20)) (2.25.1)
Requirement already satisfied: fsspec>=0.8.0 in /Users/valeriarevolledo/.pyenv/versions/3.8.6/envs/lewagon/lib/python3.8/site-packages (from gcsfs->-r requirements.txt (line 20)) (0.8.7)
Requirement already satisfied: google-auth>=1.2 in /Users/valeriarevolledo/.pyenv/versions/3.8.6/envs/lewagon/lib/python3.8/site-packages (from gcsfs->-r requirements.txt (line 20)) (1.27.0)
Requirement already satisfied: aiohttp in /Users/valeriarevolledo/.pyenv/versions/3.8.6/envs/lewagon/lib/python3.8/site-packages (from gcsfs->-r requirements.txt (line 20)) (3.7.4)
Requirement already satisfied: google-auth-oauthlib in /Users/valeriarevolledo/.pyenv/versions/3.8.6/envs/lewagon/lib/python3.8/site-packages (from gcsfs->-r requirements.txt (line 20)) (0.4.2)
Requirement already satisfied: decorator in /Users/valeriarevolledo/.pyenv/versions/3.8.6/envs/lewagon/lib/python3.8/site-packages (from gcsfs->-r requirements.txt (line 20)) (4.4.2)
Requirement already satisfied: pyasn1-modules>=0.2.1 in /Users/valeriarevolledo/.pyenv/versions/3.8.6/envs/lewagon/lib/python3.8/site-packages (from google-auth>=1.2->gcsfs->-r requirements.txt (line 20)) (0.2.8)
Requirement already satisfied: rsa<5,>=3.1.4 in /Users/valeriarevolledo/.pyenv/versions/3.8.6/envs/lewagon/lib/python3.8/site-packages (from google-auth>=1.2->gcsfs->-r requirements.txt (line 20)) (4.7.1)
Requirement already satisfied: cachetools<5.0,>=2.0.0 in /Users/valeriarevolledo/.pyenv/versions/3.8.6/envs/lewagon/lib/python3.8/site-packages (from google-auth>=1.2->gcsfs->-r requirements.txt (line 20)) (4.2.1)
Requirement already satisfied: pyasn1<0.5.0,>=0.4.6 in /Users/valeriarevolledo/.pyenv/versions/3.8.6/envs/lewagon/lib/python3.8/site-packages (from pyasn1-modules>=0.2.1->google-auth>=1.2->gcsfs->-r requirements.txt (line 20)) (0.4.8)
Requirement already satisfied: google-resumable-media<2.0dev,>=1.2.0 in /Users/valeriarevolledo/.pyenv/versions/3.8.6/envs/lewagon/lib/python3.8/site-packages (from google-cloud-storage->-r requirements.txt (line 21)) (1.2.0)
Requirement already satisfied: google-cloud-core<2.0dev,>=1.4.1 in /Users/valeriarevolledo/.pyenv/versions/3.8.6/envs/lewagon/lib/python3.8/site-packages (from google-cloud-storage->-r requirements.txt (line 21)) (1.6.0)
Requirement already satisfied: google-api-core<2.0.0dev,>=1.21.0 in /Users/valeriarevolledo/.pyenv/versions/3.8.6/envs/lewagon/lib/python3.8/site-packages (from google-cloud-core<2.0dev,>=1.4.1->google-cloud-storage->-r requirements.txt (line 21)) (1.26.0)
Requirement already satisfied: packaging>=14.3 in /Users/valeriarevolledo/.pyenv/versions/3.8.6/envs/lewagon/lib/python3.8/site-packages (from google-api-core<2.0.0dev,>=1.21.0->google-cloud-core<2.0dev,>=1.4.1->google-cloud-storage->-r requirements.txt (line 21)) (20.8)
Requirement already satisfied: protobuf>=3.12.0 in /Users/valeriarevolledo/.pyenv/versions/3.8.6/envs/lewagon/lib/python3.8/site-packages (from google-api-core<2.0.0dev,>=1.21.0->google-cloud-core<2.0dev,>=1.4.1->google-cloud-storage->-r requirements.txt (line 21)) (3.15.1)
Requirement already satisfied: googleapis-common-protos<2.0dev,>=1.6.0 in /Users/valeriarevolledo/.pyenv/versions/3.8.6/envs/lewagon/lib/python3.8/site-packages (from google-api-core<2.0.0dev,>=1.21.0->google-cloud-core<2.0dev,>=1.4.1->google-cloud-storage->-r requirements.txt (line 21)) (1.53.0)
Requirement already satisfied: pytz in /Users/valeriarevolledo/.pyenv/versions/3.8.6/envs/lewagon/lib/python3.8/site-packages (from google-api-core<2.0.0dev,>=1.21.0->google-cloud-core<2.0dev,>=1.4.1->google-cloud-storage->-r requirements.txt (line 21)) (2020.5)
Requirement already satisfied: google-crc32c<2.0dev,>=1.0 in /Users/valeriarevolledo/.pyenv/versions/3.8.6/envs/lewagon/lib/python3.8/site-packages (from google-resumable-media<2.0dev,>=1.2.0->google-cloud-storage->-r requirements.txt (line 21)) (1.1.2)
Requirement already satisfied: cffi>=1.0.0 in /Users/valeriarevolledo/.pyenv/versions/3.8.6/envs/lewagon/lib/python3.8/site-packages (from google-crc32c<2.0dev,>=1.0->google-resumable-media<2.0dev,>=1.2.0->google-cloud-storage->-r requirements.txt (line 21)) (1.14.4)
Requirement already satisfied: pycparser in /Users/valeriarevolledo/.pyenv/versions/3.8.6/envs/lewagon/lib/python3.8/site-packages (from cffi>=1.0.0->google-crc32c<2.0dev,>=1.0->google-resumable-media<2.0dev,>=1.2.0->google-cloud-storage->-r requirements.txt (line 21)) (2.20)
Requirement already satisfied: pyparsing>=2.0.2 in /Users/valeriarevolledo/.pyenv/versions/3.8.6/envs/lewagon/lib/python3.8/site-packages (from packaging>=14.3->google-api-core<2.0.0dev,>=1.21.0->google-cloud-core<2.0dev,>=1.4.1->google-cloud-storage->-r requirements.txt (line 21)) (2.4.7)
Requirement already satisfied: certifi>=2017.4.17 in /Users/valeriarevolledo/.pyenv/versions/3.8.6/envs/lewagon/lib/python3.8/site-packages (from requests->gcsfs->-r requirements.txt (line 20)) (2020.12.5)
Requirement already satisfied: urllib3<1.27,>=1.21.1 in /Users/valeriarevolledo/.pyenv/versions/3.8.6/envs/lewagon/lib/python3.8/site-packages (from requests->gcsfs->-r requirements.txt (line 20)) (1.26.2)
Requirement already satisfied: idna<3,>=2.5 in /Users/valeriarevolledo/.pyenv/versions/3.8.6/envs/lewagon/lib/python3.8/site-packages (from requests->gcsfs->-r requirements.txt (line 20)) (2.10)
Requirement already satisfied: chardet<5,>=3.0.2 in /Users/valeriarevolledo/.pyenv/versions/3.8.6/envs/lewagon/lib/python3.8/site-packages (from requests->gcsfs->-r requirements.txt (line 20)) (3.0.4)
Requirement already satisfied: alembic<=1.4.1 in /Users/valeriarevolledo/.pyenv/versions/3.8.6/envs/lewagon/lib/python3.8/site-packages (from mlflow->-r requirements.txt (line 22)) (1.4.1)
Requirement already satisfied: querystring-parser in /Users/valeriarevolledo/.pyenv/versions/3.8.6/envs/lewagon/lib/python3.8/site-packages (from mlflow->-r requirements.txt (line 22)) (1.2.4)
Requirement already satisfied: pyyaml in /Users/valeriarevolledo/.pyenv/versions/3.8.6/envs/lewagon/lib/python3.8/site-packages (from mlflow->-r requirements.txt (line 22)) (5.3.1)
Requirement already satisfied: gunicorn in /Users/valeriarevolledo/.pyenv/versions/3.8.6/envs/lewagon/lib/python3.8/site-packages (from mlflow->-r requirements.txt (line 22)) (20.0.4)
Requirement already satisfied: databricks-cli>=0.8.7 in /Users/valeriarevolledo/.pyenv/versions/3.8.6/envs/lewagon/lib/python3.8/site-packages (from mlflow->-r requirements.txt (line 22)) (0.14.2)
Requirement already satisfied: gitpython>=2.1.0 in /Users/valeriarevolledo/.pyenv/versions/3.8.6/envs/lewagon/lib/python3.8/site-packages (from mlflow->-r requirements.txt (line 22)) (3.1.14)
Requirement already satisfied: Flask in /Users/valeriarevolledo/.pyenv/versions/3.8.6/envs/lewagon/lib/python3.8/site-packages (from mlflow->-r requirements.txt (line 22)) (1.1.2)
Requirement already satisfied: entrypoints in /Users/valeriarevolledo/.pyenv/versions/3.8.6/envs/lewagon/lib/python3.8/site-packages (from mlflow->-r requirements.txt (line 22)) (0.3)
Requirement already satisfied: docker>=4.0.0 in /Users/valeriarevolledo/.pyenv/versions/3.8.6/envs/lewagon/lib/python3.8/site-packages (from mlflow->-r requirements.txt (line 22)) (4.4.4)
Requirement already satisfied: sqlalchemy in /Users/valeriarevolledo/.pyenv/versions/3.8.6/envs/lewagon/lib/python3.8/site-packages (from mlflow->-r requirements.txt (line 22)) (1.3.23)
Requirement already satisfied: prometheus-flask-exporter in /Users/valeriarevolledo/.pyenv/versions/3.8.6/envs/lewagon/lib/python3.8/site-packages (from mlflow->-r requirements.txt (line 22)) (0.18.1)
Requirement already satisfied: cloudpickle in /Users/valeriarevolledo/.pyenv/versions/3.8.6/envs/lewagon/lib/python3.8/site-packages (from mlflow->-r requirements.txt (line 22)) (1.6.0)
Requirement already satisfied: sqlparse>=0.3.1 in /Users/valeriarevolledo/.pyenv/versions/3.8.6/envs/lewagon/lib/python3.8/site-packages (from mlflow->-r requirements.txt (line 22)) (0.4.1)
Requirement already satisfied: python-dateutil in /Users/valeriarevolledo/.pyenv/versions/3.8.6/envs/lewagon/lib/python3.8/site-packages (from alembic<=1.4.1->mlflow->-r requirements.txt (line 22)) (2.8.1)
Requirement already satisfied: python-editor>=0.3 in /Users/valeriarevolledo/.pyenv/versions/3.8.6/envs/lewagon/lib/python3.8/site-packages (from alembic<=1.4.1->mlflow->-r requirements.txt (line 22)) (1.0.4)
Requirement already satisfied: Mako in /Users/valeriarevolledo/.pyenv/versions/3.8.6/envs/lewagon/lib/python3.8/site-packages (from alembic<=1.4.1->mlflow->-r requirements.txt (line 22)) (1.1.4)
Requirement already satisfied: tabulate>=0.7.7 in /Users/valeriarevolledo/.pyenv/versions/3.8.6/envs/lewagon/lib/python3.8/site-packages (from databricks-cli>=0.8.7->mlflow->-r requirements.txt (line 22)) (0.8.9)
Requirement already satisfied: websocket-client>=0.32.0 in /Users/valeriarevolledo/.pyenv/versions/3.8.6/envs/lewagon/lib/python3.8/site-packages (from docker>=4.0.0->mlflow->-r requirements.txt (line 22)) (0.57.0)
Requirement already satisfied: gitdb<5,>=4.0.1 in /Users/valeriarevolledo/.pyenv/versions/3.8.6/envs/lewagon/lib/python3.8/site-packages (from gitpython>=2.1.0->mlflow->-r requirements.txt (line 22)) (4.0.5)
Requirement already satisfied: smmap<4,>=3.0.1 in /Users/valeriarevolledo/.pyenv/versions/3.8.6/envs/lewagon/lib/python3.8/site-packages (from gitdb<5,>=4.0.1->gitpython>=2.1.0->mlflow->-r requirements.txt (line 22)) (3.0.5)
Requirement already satisfied: iniconfig in /Users/valeriarevolledo/.pyenv/versions/3.8.6/envs/lewagon/lib/python3.8/site-packages (from pytest->-r requirements.txt (line 16)) (1.1.1)
Requirement already satisfied: pluggy<1.0.0a1,>=0.12 in /Users/valeriarevolledo/.pyenv/versions/3.8.6/envs/lewagon/lib/python3.8/site-packages (from pytest->-r requirements.txt (line 16)) (0.13.1)
Requirement already satisfied: attrs>=19.2.0 in /Users/valeriarevolledo/.pyenv/versions/3.8.6/envs/lewagon/lib/python3.8/site-packages (from pytest->-r requirements.txt (line 16)) (20.3.0)
Requirement already satisfied: py>=1.8.2 in /Users/valeriarevolledo/.pyenv/versions/3.8.6/envs/lewagon/lib/python3.8/site-packages (from pytest->-r requirements.txt (line 16)) (1.10.0)
Requirement already satisfied: aiobotocore>=1.0.1 in /Users/valeriarevolledo/.pyenv/versions/3.8.6/envs/lewagon/lib/python3.8/site-packages (from s3fs->-r requirements.txt (line 23)) (1.2.1)
Requirement already satisfied: botocore<1.19.53,>=1.19.52 in /Users/valeriarevolledo/.pyenv/versions/3.8.6/envs/lewagon/lib/python3.8/site-packages (from aiobotocore>=1.0.1->s3fs->-r requirements.txt (line 23)) (1.19.52)
Requirement already satisfied: wrapt>=1.10.10 in /Users/valeriarevolledo/.pyenv/versions/3.8.6/envs/lewagon/lib/python3.8/site-packages (from aiobotocore>=1.0.1->s3fs->-r requirements.txt (line 23)) (1.12.1)
Requirement already satisfied: aioitertools>=0.5.1 in /Users/valeriarevolledo/.pyenv/versions/3.8.6/envs/lewagon/lib/python3.8/site-packages (from aiobotocore>=1.0.1->s3fs->-r requirements.txt (line 23)) (0.7.1)
Requirement already satisfied: async-timeout<4.0,>=3.0 in /Users/valeriarevolledo/.pyenv/versions/3.8.6/envs/lewagon/lib/python3.8/site-packages (from aiohttp->gcsfs->-r requirements.txt (line 20)) (3.0.1)
Requirement already satisfied: multidict<7.0,>=4.5 in /Users/valeriarevolledo/.pyenv/versions/3.8.6/envs/lewagon/lib/python3.8/site-packages (from aiohttp->gcsfs->-r requirements.txt (line 20)) (5.1.0)
Requirement already satisfied: yarl<2.0,>=1.0 in /Users/valeriarevolledo/.pyenv/versions/3.8.6/envs/lewagon/lib/python3.8/site-packages (from aiohttp->gcsfs->-r requirements.txt (line 20)) (1.6.3)
Requirement already satisfied: jmespath<1.0.0,>=0.7.1 in /Users/valeriarevolledo/.pyenv/versions/3.8.6/envs/lewagon/lib/python3.8/site-packages (from botocore<1.19.53,>=1.19.52->aiobotocore>=1.0.1->s3fs->-r requirements.txt (line 23)) (0.10.0)
Requirement already satisfied: threadpoolctl>=2.0.0 in /Users/valeriarevolledo/.pyenv/versions/3.8.6/envs/lewagon/lib/python3.8/site-packages (from scikit-learn->-r requirements.txt (line 10)) (2.1.0)
Requirement already satisfied: scipy>=0.19.1 in /Users/valeriarevolledo/.pyenv/versions/3.8.6/envs/lewagon/lib/python3.8/site-packages (from scikit-learn->-r requirements.txt (line 10)) (1.6.0)
Requirement already satisfied: rfc3986>=1.4.0 in /Users/valeriarevolledo/.pyenv/versions/3.8.6/envs/lewagon/lib/python3.8/site-packages (from twine->-r requirements.txt (line 4)) (1.4.0)
Requirement already satisfied: requests-toolbelt!=0.9.0,>=0.8.0 in /Users/valeriarevolledo/.pyenv/versions/3.8.6/envs/lewagon/lib/python3.8/site-packages (from twine->-r requirements.txt (line 4)) (0.9.1)
Requirement already satisfied: tqdm>=4.14 in /Users/valeriarevolledo/.pyenv/versions/3.8.6/envs/lewagon/lib/python3.8/site-packages (from twine->-r requirements.txt (line 4)) (4.56.0)
Requirement already satisfied: colorama>=0.4.3 in /Users/valeriarevolledo/.pyenv/versions/3.8.6/envs/lewagon/lib/python3.8/site-packages (from twine->-r requirements.txt (line 4)) (0.4.4)
Requirement already satisfied: keyring>=15.1 in /Users/valeriarevolledo/.pyenv/versions/3.8.6/envs/lewagon/lib/python3.8/site-packages (from twine->-r requirements.txt (line 4)) (22.3.0)
Requirement already satisfied: pkginfo>=1.4.2 in /Users/valeriarevolledo/.pyenv/versions/3.8.6/envs/lewagon/lib/python3.8/site-packages (from twine->-r requirements.txt (line 4)) (1.7.0)
Requirement already satisfied: readme-renderer>=21.0 in /Users/valeriarevolledo/.pyenv/versions/3.8.6/envs/lewagon/lib/python3.8/site-packages (from twine->-r requirements.txt (line 4)) (29.0)
Requirement already satisfied: Pygments>=2.5.1 in /Users/valeriarevolledo/.pyenv/versions/3.8.6/envs/lewagon/lib/python3.8/site-packages (from readme-renderer>=21.0->twine->-r requirements.txt (line 4)) (2.7.4)
Requirement already satisfied: docutils>=0.13.1 in /Users/valeriarevolledo/.pyenv/versions/3.8.6/envs/lewagon/lib/python3.8/site-packages (from readme-renderer>=21.0->twine->-r requirements.txt (line 4)) (0.16)
Requirement already satisfied: bleach>=2.1.0 in /Users/valeriarevolledo/.pyenv/versions/3.8.6/envs/lewagon/lib/python3.8/site-packages (from readme-renderer>=21.0->twine->-r requirements.txt (line 4)) (3.2.1)
Requirement already satisfied: webencodings in /Users/valeriarevolledo/.pyenv/versions/3.8.6/envs/lewagon/lib/python3.8/site-packages (from bleach>=2.1.0->readme-renderer>=21.0->twine->-r requirements.txt (line 4)) (0.5.1)
Requirement already satisfied: Jinja2>=2.10.1 in /Users/valeriarevolledo/.pyenv/versions/3.8.6/envs/lewagon/lib/python3.8/site-packages (from Flask->mlflow->-r requirements.txt (line 22)) (2.11.2)
Requirement already satisfied: itsdangerous>=0.24 in /Users/valeriarevolledo/.pyenv/versions/3.8.6/envs/lewagon/lib/python3.8/site-packages (from Flask->mlflow->-r requirements.txt (line 22)) (1.1.0)
Requirement already satisfied: Werkzeug>=0.15 in /Users/valeriarevolledo/.pyenv/versions/3.8.6/envs/lewagon/lib/python3.8/site-packages (from Flask->mlflow->-r requirements.txt (line 22)) (1.0.1)
Requirement already satisfied: MarkupSafe>=0.23 in /Users/valeriarevolledo/.pyenv/versions/3.8.6/envs/lewagon/lib/python3.8/site-packages (from Jinja2>=2.10.1->Flask->mlflow->-r requirements.txt (line 22)) (1.1.1)
Requirement already satisfied: requests-oauthlib>=0.7.0 in /Users/valeriarevolledo/.pyenv/versions/3.8.6/envs/lewagon/lib/python3.8/site-packages (from google-auth-oauthlib->gcsfs->-r requirements.txt (line 20)) (1.3.0)
Requirement already satisfied: oauthlib>=3.0.0 in /Users/valeriarevolledo/.pyenv/versions/3.8.6/envs/lewagon/lib/python3.8/site-packages (from requests-oauthlib>=0.7.0->google-auth-oauthlib->gcsfs->-r requirements.txt (line 20)) (3.1.0)
Requirement already satisfied: prometheus-client in /Users/valeriarevolledo/.pyenv/versions/3.8.6/envs/lewagon/lib/python3.8/site-packages (from prometheus-flask-exporter->mlflow->-r requirements.txt (line 22)) (0.9.0)
[1m[7m%[27m[1m[0m                                                                                ]7;file://MacBook-Air-de-Valeria.local/Users/valeriarevolledo/code/valeria0801/mlproject]2;valeriarevolledo@MacBook-Air-de-Valeria]1;..801/mlproject]7;file://MacBook-Air-de-Valeria.local/Users/valeriarevolledo/code/valeria0801/mlproject[0m[27m[24m[J[01;32mâžœ  [36mmlproject[00m [01;34mgit:([31mmaster[34m) [33mâœ—[00m [K[39C[ðŸ lewagon][51D[?1h=[?2004h[32ml[39m[32ml[32ms[39m[?1l>[?2004l
]2;ls -G]1;lsMANIFEST.in        [1m[36mmlproject[39;49m[0m          [1m[36mraw_data[39;49m[0m           setup.py
Makefile           [1m[36mmlproject.egg-info[39;49m[0m requirements.txt   [1m[36mtests[39;49m[0m
README.md          [1m[36mnotebooks[39;49m[0m          [1m[36mscripts[39;49m[0m            typescript
[1m[7m%[27m[1m[0m                                                                                ]7;file://MacBook-Air-de-Valeria.local/Users/valeriarevolledo/code/valeria0801/mlproject]2;valeriarevolledo@MacBook-Air-de-Valeria]1;..801/mlproject]7;file://MacBook-Air-de-Valeria.local/Users/valeriarevolledo/code/valeria0801/mlproject[0m[27m[24m[J[01;32mâžœ  [36mmlproject[00m [01;34mgit:([31mmaster[34m) [33mâœ—[00m [K[39C[ðŸ lewagon][51D[?1h=[?2004h[32mt[39m[39m[4mt[4me[24m[4mt[4me[4ms[24m[24m[32mt[24m[32me[24m[32ms[32mt[39m[39mt[39me[39ms[39mt
[J[0mtest    [J[1;31mtests[0m/[J[A[0m[27m[24m[28Ctest[K[35C[ðŸ lewagon][47D
[J[7mtest  [0m  [J[1;31mtests[0m/[J[A[0m[27m[24m[28Ctest[K[35C[ðŸ lewagon][47D
[7mtest  [0m  [7mtest  [0m  [A[0m[27m[24m[28Ctest[K[35C[ðŸ lewagon][47Ds[1m/[0m
[8C[7mtests/[0mtest    [A[0m[27m[24m[28Ctests[1m/[0m[K[33C[ðŸ lewagon][45D
[J[A[34C[4m[32mt[4m[32me[4m[32ms[4m[32mt[4m[32ms[1m[4m[32m/[0m[24m[39m[4m[32ms[24m[39m[0m[24m[39m [?1l>[?2004l
[J]2;tests]1;testsload-nvmrc:1: command not found: nvm
load-nvmrc:2: command not found: nvm_find_nvmrc
load-nvmrc:12: command not found: nvm
[1m[7m%[27m[1m[0m                                                                                ]7;file://MacBook-Air-de-Valeria.local/Users/valeriarevolledo/code/valeria0801/mlproject/tests]2;valeriarevolledo@MacBook-Air-de-Valeria]1;..project/tests]7;file://MacBook-Air-de-Valeria.local/Users/valeriarevolledo/code/valeria0801/mlproject/tests[0m[27m[24m[J[01;32mâžœ  [36mtests[00m [01;34mgit:([31mmaster[34m) [33mâœ—[00m [K[43C[ðŸ lewagon][55D[?1h=[?2004h[32ml[39m[32ml[32ms[39m[?1l>[?2004l
]2;ls -G]1;ls__init__.py [1m[36m__pycache__[39;49m[0m lib_test.py
[1m[7m%[27m[1m[0m                                                                                ]7;file://MacBook-Air-de-Valeria.local/Users/valeriarevolledo/code/valeria0801/mlproject/tests]2;valeriarevolledo@MacBook-Air-de-Valeria]1;..project/tests]7;file://MacBook-Air-de-Valeria.local/Users/valeriarevolledo/code/valeria0801/mlproject/tests[0m[27m[24m[J[01;32mâžœ  [36mtests[00m [01;34mgit:([31mmaster[34m) [33mâœ—[00m [K[43C[ðŸ lewagon][55D[?1h=[?2004h[4m[32m/[24m[39m[24m[39m [32m-[39m[1m[31m-[1m[31mm[0m[39m pytest[?1l>[?2004l
]2;-m pytest]1;pytestzsh: command not found: -m
[1m[7m%[27m[1m[0m                                                                                ]7;file://MacBook-Air-de-Valeria.local/Users/valeriarevolledo/code/valeria0801/mlproject/tests]2;valeriarevolledo@MacBook-Air-de-Valeria]1;..project/tests]7;file://MacBook-Air-de-Valeria.local/Users/valeriarevolledo/code/valeria0801/mlproject/tests[0m[27m[24m[J[01;31mâžœ  [36mtests[00m [01;34mgit:([31mmaster[34m) [33mâœ—[00m [K[43C[ðŸ lewagon][55D[?1h=[?2004h[32mp[39m[1m[31mp[1m[31my[0m[39m[1m[31mp[1m[31my[1m[31mt[0m[39m[1m[31mt[1m[31mh[0m[39m[1m[31mh[1m[31mo[0m[39m[0m[32mp[0m[32my[0m[32mt[0m[32mh[0m[32mo[32mn[39m -m pytest[?1l>[?2004l
]2;python -m pytest]1;python[1m============================= test session starts ==============================[0m
platform darwin -- Python 3.8.6, pytest-6.2.1, py-1.10.0, pluggy-0.13.1
rootdir: /Users/valeriarevolledo/code/valeria0801/mlproject
plugins: anyio-2.0.2
[1mcollecting ... [0m[1mcollected 1 item                                                               [0m

lib_test.py [32m.[0m[32m                                                            [100%][0m

[32m============================== [32m[1m1 passed[0m[32m in 0.05s[0m[32m ===============================[0m
[1m[7m%[27m[1m[0m                                                                                ]7;file://MacBook-Air-de-Valeria.local/Users/valeriarevolledo/code/valeria0801/mlproject/tests]2;valeriarevolledo@MacBook-Air-de-Valeria]1;..project/tests]7;file://MacBook-Air-de-Valeria.local/Users/valeriarevolledo/code/valeria0801/mlproject/tests[0m[27m[24m[J[01;32mâžœ  [36mtests[00m [01;34mgit:([31mmaster[34m) [33mâœ—[00m [K[43C[ðŸ lewagon][55D[?1h=[?2004h[32mt[39m[1m[31mt[1m[31mo[0m[39m[1m[31mt[1m[31mo[1m[31mu[0m[39m[1m[31mu[1m[31mc[0m[39m[0m[32mt[0m[32mo[0m[32mu[0m[32mc[32mh[39m distance_test.py[?1l>[?2004l
]2;touch distance_test.py]1;touch[1m[7m%[27m[1m[0m                                                                                ]7;file://MacBook-Air-de-Valeria.local/Users/valeriarevolledo/code/valeria0801/mlproject/tests]2;valeriarevolledo@MacBook-Air-de-Valeria]1;..project/tests]7;file://MacBook-Air-de-Valeria.local/Users/valeriarevolledo/code/valeria0801/mlproject/tests[0m[27m[24m[J[01;32mâžœ  [36mtests[00m [01;34mgit:([31mmaster[34m) [33mâœ—[00m [K[43C[ðŸ lewagon][55D[?1h=[?2004h[1m[31mm[0m[39m[1m[31mm[1m[31ma[0m[39m[1m[31mm[1m[31ma[1m[31mk[0m[39m[0m[32mm[0m[32ma[0m[32mk[32me[39m test[?1l>[?2004l
]2;make test]1;makemake: *** No rule to make target `test'.  Stop.
[1m[7m%[27m[1m[0m                                                                                ]7;file://MacBook-Air-de-Valeria.local/Users/valeriarevolledo/code/valeria0801/mlproject/tests]2;valeriarevolledo@MacBook-Air-de-Valeria]1;..project/tests]7;file://MacBook-Air-de-Valeria.local/Users/valeriarevolledo/code/valeria0801/mlproject/tests[0m[27m[24m[J[01;31mâžœ  [36mtests[00m [01;34mgit:([31mmaster[34m) [33mâœ—[00m [K[43C[ðŸ lewagon][55D[?1h=[?2004h[32m.[39m[4m[32m.[4m[32m.[24m[39m[?1l>[?2004l
]2;..]1;..load-nvmrc:1: command not found: nvm
load-nvmrc:2: command not found: nvm_find_nvmrc
load-nvmrc:12: command not found: nvm
[1m[7m%[27m[1m[0m                                                                                ]7;file://MacBook-Air-de-Valeria.local/Users/valeriarevolledo/code/valeria0801/mlproject]2;valeriarevolledo@MacBook-Air-de-Valeria]1;..801/mlproject]7;file://MacBook-Air-de-Valeria.local/Users/valeriarevolledo/code/valeria0801/mlproject[0m[27m[24m[J[01;32mâžœ  [36mmlproject[00m [01;34mgit:([31mmaster[34m) [33mâœ—[00m [K[39C[ðŸ lewagon][51D[?1h=[?2004h[32mt[39m[39m[4mt[4me[24m[4mt[4me[4ms[24m[24m[32mt[24m[32me[24m[32ms[32mt[39m[39mt[39me[39ms[39mt
[J[0mtest    [J[1;31mtests[0m/[J[A[0m[27m[24m[28Ctest[K[35C[ðŸ lewagon][47D
[J[7mtest  [0m  [J[1;31mtests[0m/[J[A[0m[27m[24m[28Ctest[K[35C[ðŸ lewagon][47D
[7mtest  [0m  [7mtest  [0m  [A[0m[27m[24m[28Ctest[K[35C[ðŸ lewagon][47Ds[1m/[0m
[8C[7mtests/[0mtest    [A[0m[27m[24m[28Ctests[1m/[0m[K[33C[ðŸ lewagon][45D
[J[A[34C[4m[32mt[4m[32me[4m[32ms[4m[32mt[4m[32ms[1m[4m[32m/[0m[24m[39m[4m[32ms[24m[39m[0m[24m[39m [?1l>[?2004l
[J]2;tests]1;testsload-nvmrc:1: command not found: nvm
load-nvmrc:2: command not found: nvm_find_nvmrc
load-nvmrc:12: command not found: nvm
[1m[7m%[27m[1m[0m                                                                                ]7;file://MacBook-Air-de-Valeria.local/Users/valeriarevolledo/code/valeria0801/mlproject/tests]2;valeriarevolledo@MacBook-Air-de-Valeria]1;..project/tests]7;file://MacBook-Air-de-Valeria.local/Users/valeriarevolledo/code/valeria0801/mlproject/tests[0m[27m[24m[J[01;32mâžœ  [36mtests[00m [01;34mgit:([31mmaster[34m) [33mâœ—[00m [K[43C[ðŸ lewagon][55D[?1h=[?2004h[1m[31mm[0m[39m[1m[31mm[1m[31ma[0m[39m[1m[31mm[1m[31ma[1m[31mk[0m[39m[0m[32mm[0m[32ma[0m[32mk[32me[39m test[?1l>[?2004l
]2;make test]1;makemake: *** No rule to make target `test'.  Stop.
[1m[7m%[27m[1m[0m                                                                                ]7;file://MacBook-Air-de-Valeria.local/Users/valeriarevolledo/code/valeria0801/mlproject/tests]2;valeriarevolledo@MacBook-Air-de-Valeria]1;..project/tests]7;file://MacBook-Air-de-Valeria.local/Users/valeriarevolledo/code/valeria0801/mlproject/tests[0m[27m[24m[J[01;31mâžœ  [36mtests[00m [01;34mgit:([31mmaster[34m) [33mâœ—[00m [K[43C[ðŸ lewagon][55D[?1h=[?2004h[32mmake[39m tests[?1l>[?2004l
]2;make tests]1;makemake: *** No rule to make target `tests'.  Stop.
[1m[7m%[27m[1m[0m                                                                                ]7;file://MacBook-Air-de-Valeria.local/Users/valeriarevolledo/code/valeria0801/mlproject/tests]2;valeriarevolledo@MacBook-Air-de-Valeria]1;..project/tests]7;file://MacBook-Air-de-Valeria.local/Users/valeriarevolledo/code/valeria0801/mlproject/tests[0m[27m[24m[J[01;31mâžœ  [36mtests[00m [01;34mgit:([31mmaster[34m) [33mâœ—[00m [K[43C[ðŸ lewagon][55D[?1h=[?2004h[7mmake test [27m[10D[27m[32mm[27m[32ma[27m[32mk[27m[32me[39m[27m [27mt[27me[27ms[27mt[27m [?1l>[?2004l
]2;make test]1;makemake: *** No rule to make target `test'.  Stop.
[1m[7m%[27m[1m[0m                                                                                ]7;file://MacBook-Air-de-Valeria.local/Users/valeriarevolledo/code/valeria0801/mlproject/tests]2;valeriarevolledo@MacBook-Air-de-Valeria]1;..project/tests]7;file://MacBook-Air-de-Valeria.local/Users/valeriarevolledo/code/valeria0801/mlproject/tests[0m[27m[24m[J[01;31mâžœ  [36mtests[00m [01;34mgit:([31mmaster[34m) [33mâœ—[00m [K[43C[ðŸ lewagon][55D[?1h=[?2004h[32m.[39m[4m[32m.[4m[32m.[24m[39m[?1l>[?2004l
]2;..]1;..load-nvmrc:1: command not found: nvm
load-nvmrc:2: command not found: nvm_find_nvmrc
load-nvmrc:12: command not found: nvm
[1m[7m%[27m[1m[0m                                                                                ]7;file://MacBook-Air-de-Valeria.local/Users/valeriarevolledo/code/valeria0801/mlproject]2;valeriarevolledo@MacBook-Air-de-Valeria]1;..801/mlproject]7;file://MacBook-Air-de-Valeria.local/Users/valeriarevolledo/code/valeria0801/mlproject[0m[27m[24m[J[01;32mâžœ  [36mmlproject[00m [01;34mgit:([31mmaster[34m) [33mâœ—[00m [K[39C[ðŸ lewagon][51D[?1h=[?2004h[32m.[39m[4m[32m.[4m[32m.[24m[39m[?1l>[?2004l
]2;..]1;..load-nvmrc:1: command not found: nvm
load-nvmrc:2: command not found: nvm_find_nvmrc
load-nvmrc:12: command not found: nvm
[1m[7m%[27m[1m[0m                                                                                ]7;file://MacBook-Air-de-Valeria.local/Users/valeriarevolledo/code/valeria0801]2;valeriarevolledo@MacBook-Air-de-Valeria]1;..e/valeria0801]7;file://MacBook-Air-de-Valeria.local/Users/valeriarevolledo/code/valeria0801[0m[27m[24m[J[01;32mâžœ  [36mvaleria0801[00m [K[52C[ðŸ lewagon][64D[?1h=[?2004h[4mm[24m[4mm[4ml[24m[24mm[24ml
[J[0mmlflow         [J[1;31mmlproject[0m/     [Jmlproject-run[J[A[0m[27m[24m[15Cml[K[50C[ðŸ lewagon][62Dflow
[J[7mmlflow       [0m  [J[1;31mmlproject[0m/     [Jmlproject-run[J[A[0m[27m[24m[15Cmlflow[K[46C[ðŸ lewagon][58D
[7mmlflow       [0m  [7mmlflow       [0m  [A[0m[27m[24m[15Cmlflow[K[46C[ðŸ lewagon][58Dproject[1m/[0m
[15C[7mmlproject/   [0m  mlflow         [A[0m[27m[24m[15Cmlproject[1m/[0m[K[42C[ðŸ lewagon][54D
[J[A[25C[10D[4m[32mm[4m[32ml[4m[32mp[4m[32mr[4m[32mo[4m[32mj[4m[32me[4m[32mc[4m[32mt[1m[4m[32m/[0m[24m[39m[4m[32mt[24m[39m[0m[24m[39m [?1l>[?2004l
[J]2;mlproject]1;mlprojectload-nvmrc:1: command not found: nvm
load-nvmrc:2: command not found: nvm_find_nvmrc
load-nvmrc:12: command not found: nvm
[1m[7m%[27m[1m[0m                                                                                ]7;file://MacBook-Air-de-Valeria.local/Users/valeriarevolledo/code/valeria0801/mlproject]2;valeriarevolledo@MacBook-Air-de-Valeria]1;..801/mlproject]7;file://MacBook-Air-de-Valeria.local/Users/valeriarevolledo/code/valeria0801/mlproject[0m[27m[24m[J[01;32mâžœ  [36mmlproject[00m [01;34mgit:([31mmaster[34m) [33mâœ—[00m [K[39C[ðŸ lewagon][51D[?1h=[?2004h[4mm[24m[24m[1m[31mm[1m[31ma[0m[39m[1m[31mm[1m[31ma[1m[31mk[0m[39m[0m[32mm[0m[32ma[0m[32mk[32me[39m [4mt[24m[4mt[4me[24m[4me[4ms[24m[4ms[4mt[24m[?1l>[?2004l[24mt[24me[24ms[24mt
]2;make test]1;make[1m============================= test session starts ==============================[0m
platform darwin -- Python 3.8.6, pytest-6.2.1, py-1.10.0, pluggy-0.13.1
rootdir: /Users/valeriarevolledo/code/valeria0801/mlproject
plugins: anyio-2.0.2
[1mcollecting ... [0m[1mcollected 3 items                                                              [0m

tests/distance_test.py [31mF[0m[31mF[0m[31m                                                [ 33%][0m
tests/lib_test.py [32m.[0m

=================================== FAILURES ===================================
[31m[1m________________________________ test_distance _________________________________[0m

    [94mdef[39;49;00m [92mtest_distance[39;49;00m():
>       [94massert[39;49;00m [96mtype[39;49;00m(haversine()) == [96mfloat[39;49;00m()
[1m[31mE       TypeError: haversine() missing 4 required positional arguments: 'lon1', 'lat1', 'lon2', and 'lat2'[0m

[1m[31mtests/distance_test.py[0m:5: TypeError
[31m[1m________________________________ test_distance _________________________________[0m

    [94mdef[39;49;00m [92mtest_distance[39;49;00m():
>       [94massert[39;49;00m [96mtype[39;49;00m(haversine()) == [96mfloat[39;49;00m()
[1m[31mE       TypeError: haversine() missing 4 required positional arguments: 'lon1', 'lat1', 'lon2', and 'lat2'[0m

[1m[31mtests/distance_test.py[0m:5: TypeError
=========================== short test summary info ============================
FAILED tests/distance_test.py::test_distance - TypeError: haversine() missing...
FAILED tests/distance_test.py::test_distance - TypeError: haversine() missing...
[31m========================= [31m[1m2 failed[0m, [32m1 passed[0m[31m in 0.30s[0m[31m ==========================[0m
make: *** [test] Error 1
[1m[7m%[27m[1m[0m                                                                                ]7;file://MacBook-Air-de-Valeria.local/Users/valeriarevolledo/code/valeria0801/mlproject]2;valeriarevolledo@MacBook-Air-de-Valeria]1;..801/mlproject]7;file://MacBook-Air-de-Valeria.local/Users/valeriarevolledo/code/valeria0801/mlproject[0m[27m[24m[J[01;31mâžœ  [36mmlproject[00m [01;34mgit:([31mmaster[34m) [33mâœ—[00m [K[39C[ðŸ lewagon][51D[?1h=[?2004h[4mm[24m[24m[1m[31mm[1m[31ma[0m[39m[1m[31mm[1m[31ma[1m[31mk[0m[39m[0m[32mm[0m[32ma[0m[32mk[32me[39m [4ms[24m[4ms[4m\[24m[24ms[24m\\\ [4ms[4m\[24m [4ms[24m[24m [24m  [4mt[24m[4mt[4me[24m[4me[4ms[24m[4ms[4mt[24m[?1l>[?2004l[24mt[24me[24ms[24mt
]2;make test]1;make[1m============================= test session starts ==============================[0m
platform darwin -- Python 3.8.6, pytest-6.2.1, py-1.10.0, pluggy-0.13.1
rootdir: /Users/valeriarevolledo/code/valeria0801/mlproject
plugins: anyio-2.0.2
[1mcollecting ... [0m[1mcollected 3 items                                                              [0m

tests/distance_test.py [31mF[0m[31mF[0m[31m                                                [ 33%][0m
tests/lib_test.py [32m.[0m

=================================== FAILURES ===================================
[31m[1m________________________________ test_distance _________________________________[0m

    [94mdef[39;49;00m [92mtest_distance[39;49;00m():
>       [94massert[39;49;00m [96mtype[39;49;00m(haversine(lon1, lat1, lon2, lat2)) == [96mfloat[39;49;00m()
[1m[31mE       NameError: name 'lon1' is not defined[0m

[1m[31mtests/distance_test.py[0m:5: NameError
[31m[1m________________________________ test_distance _________________________________[0m

    [94mdef[39;49;00m [92mtest_distance[39;49;00m():
>       [94massert[39;49;00m [96mtype[39;49;00m(haversine(lon1, lat1, lon2, lat2)) == [96mfloat[39;49;00m()
[1m[31mE       NameError: name 'lon1' is not defined[0m

[1m[31mtests/distance_test.py[0m:5: NameError
=========================== short test summary info ============================
FAILED tests/distance_test.py::test_distance - NameError: name 'lon1' is not ...
FAILED tests/distance_test.py::test_distance - NameError: name 'lon1' is not ...
[31m========================= [31m[1m2 failed[0m, [32m1 passed[0m[31m in 0.31s[0m[31m ==========================[0m
make: *** [test] Error 1
[1m[7m%[27m[1m[0m                                                                                ]7;file://MacBook-Air-de-Valeria.local/Users/valeriarevolledo/code/valeria0801/mlproject]2;valeriarevolledo@MacBook-Air-de-Valeria]1;..801/mlproject]7;file://MacBook-Air-de-Valeria.local/Users/valeriarevolledo/code/valeria0801/mlproject[0m[27m[24m[J[01;31mâžœ  [36mmlproject[00m [01;34mgit:([31mmaster[34m) [33mâœ—[00m [K[39C[ðŸ lewagon][51D[?1h=[?2004h[4mm[24m[24m[1m[31mm[1m[31ma[0m[39m[1m[31mm[1m[31ma[1m[31mk[0m[39m[0m[32mm[0m[32ma[0m[32mk[32me[39m [4mt[24m[24mtst [4mt[24m [4mt[4me[24m[4me[4ms[24m[4ms[4mt[24m[?1l>[?2004l[24mt[24me[24ms[24mt
]2;make test]1;make[1m============================= test session starts ==============================[0m
platform darwin -- Python 3.8.6, pytest-6.2.1, py-1.10.0, pluggy-0.13.1
rootdir: /Users/valeriarevolledo/code/valeria0801/mlproject
plugins: anyio-2.0.2
[1mcollecting ... [0m[1mcollected 3 items                                                              [0m

tests/distance_test.py [31mF[0m[31mF[0m[31m                                                [ 33%][0m
tests/lib_test.py [32m.[0m

=================================== FAILURES ===================================
[31m[1m________________________________ test_distance _________________________________[0m

    [94mdef[39;49;00m [92mtest_distance[39;49;00m():
>       [94massert[39;49;00m [96mtype[39;49;00m(haversine(lon1, lat1, lon2, lat2)) == [96mfloat[39;49;00m()
[1m[31mE       NameError: name 'lon1' is not defined[0m

[1m[31mtests/distance_test.py[0m:5: NameError
[31m[1m________________________________ test_distance _________________________________[0m

    [94mdef[39;49;00m [92mtest_distance[39;49;00m():
>       [94massert[39;49;00m [96mtype[39;49;00m(haversine(lon1, lat1, lon2, lat2)) == [96mfloat[39;49;00m()
[1m[31mE       NameError: name 'lon1' is not defined[0m

[1m[31mtests/distance_test.py[0m:5: NameError
=========================== short test summary info ============================
FAILED tests/distance_test.py::test_distance - NameError: name 'lon1' is not ...
FAILED tests/distance_test.py::test_distance - NameError: name 'lon1' is not ...
[31m========================= [31m[1m2 failed[0m, [32m1 passed[0m[31m in 0.29s[0m[31m ==========================[0m
make: *** [test] Error 1
[1m[7m%[27m[1m[0m                                                                                ]7;file://MacBook-Air-de-Valeria.local/Users/valeriarevolledo/code/valeria0801/mlproject]2;valeriarevolledo@MacBook-Air-de-Valeria]1;..801/mlproject]7;file://MacBook-Air-de-Valeria.local/Users/valeriarevolledo/code/valeria0801/mlproject[0m[27m[24m[J[01;31mâžœ  [36mmlproject[00m [01;34mgit:([31mmaster[34m) [33mâœ—[00m [K[39C[ðŸ lewagon][51D[?1h=[?2004h[4mm[24m[24m[1m[31mm[1m[31ma[0m[39m[1m[31mm[1m[31ma[1m[31mk[0m[39m[0m[32mm[0m[32ma[0m[32mk[32me[39m [4mt[24m[4mt[4me[24m[4me[4ms[24m[4ms[4mt[24m[?1l>[?2004l[24mt[24me[24ms[24mt
]2;make test]1;make[1m============================= test session starts ==============================[0m
platform darwin -- Python 3.8.6, pytest-6.2.1, py-1.10.0, pluggy-0.13.1
rootdir: /Users/valeriarevolledo/code/valeria0801/mlproject
plugins: anyio-2.0.2
[1mcollecting ... [0m[1mcollected 3 items                                                              [0m

tests/distance_test.py [31mF[0m[31mF[0m[31m                                                [ 33%][0m
tests/lib_test.py [32m.[0m

=================================== FAILURES ===================================
[31m[1m________________________________ test_distance _________________________________[0m

    [94mdef[39;49;00m [92mtest_distance[39;49;00m():
>       [94massert[39;49;00m Is.float(haversine(lon1, lat1, lon2, lat2))
[1m[31mE       NameError: name 'Is' is not defined[0m

[1m[31mtests/distance_test.py[0m:5: NameError
[31m[1m________________________________ test_distance _________________________________[0m

    [94mdef[39;49;00m [92mtest_distance[39;49;00m():
>       [94massert[39;49;00m Is.float(haversine(lon1, lat1, lon2, lat2))
[1m[31mE       NameError: name 'Is' is not defined[0m

[1m[31mtests/distance_test.py[0m:5: NameError
=========================== short test summary info ============================
FAILED tests/distance_test.py::test_distance - NameError: name 'Is' is not de...
FAILED tests/distance_test.py::test_distance - NameError: name 'Is' is not de...
[31m========================= [31m[1m2 failed[0m, [32m1 passed[0m[31m in 0.25s[0m[31m ==========================[0m
make: *** [test] Error 1
[1m[7m%[27m[1m[0m                                                                                ]7;file://MacBook-Air-de-Valeria.local/Users/valeriarevolledo/code/valeria0801/mlproject]2;valeriarevolledo@MacBook-Air-de-Valeria]1;..801/mlproject]7;file://MacBook-Air-de-Valeria.local/Users/valeriarevolledo/code/valeria0801/mlproject[0m[27m[24m[J[01;31mâžœ  [36mmlproject[00m [01;34mgit:([31mmaster[34m) [33mâœ—[00m [K[39C[ðŸ lewagon][51D[?1h=[?2004h[4mm[24m[24m[1m[31mm[1m[31ma[0m[39m[1m[31mm[1m[31ma[1m[31mk[0m[39m[0m[32mm[0m[32ma[0m[32mk[32me[39m [4mt[24m[24mtrue  [4mt[24m [4mt[4me[24m[4me[4ms[24m[4ms[4mt[24m[?1l>[?2004l[24mt[24me[24ms[24mt
]2;make test]1;make[1m============================= test session starts ==============================[0m
platform darwin -- Python 3.8.6, pytest-6.2.1, py-1.10.0, pluggy-0.13.1
rootdir: /Users/valeriarevolledo/code/valeria0801/mlproject
plugins: anyio-2.0.2
[1mcollecting ... [0m[1mcollected 3 items                                                              [0m

tests/distance_test.py [31mF[0m[31mF[0m[31m                                                [ 33%][0m
tests/lib_test.py [32m.[0m

=================================== FAILURES ===================================
[31m[1m________________________________ test_distance _________________________________[0m

    [94mdef[39;49;00m [92mtest_distance[39;49;00m():
>       [94massert[39;49;00m [96mfloat[39;49;00m(haversine(lon1, lat1, lon2, lat2)) == [94mTrue[39;49;00m
[1m[31mE       NameError: name 'lon1' is not defined[0m

[1m[31mtests/distance_test.py[0m:5: NameError
[31m[1m________________________________ test_distance _________________________________[0m

    [94mdef[39;49;00m [92mtest_distance[39;49;00m():
>       [94massert[39;49;00m [96mfloat[39;49;00m(haversine(lon1, lat1, lon2, lat2)) == [94mTrue[39;49;00m
[1m[31mE       NameError: name 'lon1' is not defined[0m

[1m[31mtests/distance_test.py[0m:5: NameError
=========================== short test summary info ============================
FAILED tests/distance_test.py::test_distance - NameError: name 'lon1' is not ...
FAILED tests/distance_test.py::test_distance - NameError: name 'lon1' is not ...
[31m========================= [31m[1m2 failed[0m, [32m1 passed[0m[31m in 0.21s[0m[31m ==========================[0m
make: *** [test] Error 1
[1m[7m%[27m[1m[0m                                                                                ]7;file://MacBook-Air-de-Valeria.local/Users/valeriarevolledo/code/valeria0801/mlproject]2;valeriarevolledo@MacBook-Air-de-Valeria]1;..801/mlproject]7;file://MacBook-Air-de-Valeria.local/Users/valeriarevolledo/code/valeria0801/mlproject[0m[27m[24m[J[01;31mâžœ  [36mmlproject[00m [01;34mgit:([31mmaster[34m) [33mâœ—[00m [K[39C[ðŸ lewagon][51D[?1h=[?2004h[4mm[24m[24m[1m[31mm[1m[31ma[0m[39m[1m[31mm[1m[31ma[1m[31mk[0m[39m[0m[32mm[0m[32ma[0m[32mk[32me[39m [4mt[24m[4mt[4me[24m[4me[4ms[24m[4ms[4mt[24m[?1l>[?2004l[24mt[24me[24ms[24mt
]2;make test]1;make[1m============================= test session starts ==============================[0m
platform darwin -- Python 3.8.6, pytest-6.2.1, py-1.10.0, pluggy-0.13.1
rootdir: /Users/valeriarevolledo/code/valeria0801/mlproject
plugins: anyio-2.0.2
[1mcollecting ... [0m[1mcollected 3 items                                                              [0m

tests/distance_test.py [31mF[0m[31mF[0m[31m                                                [ 33%][0m
tests/lib_test.py [32m.[0m

=================================== FAILURES ===================================
[31m[1m________________________________ test_distance _________________________________[0m

    [94mdef[39;49;00m [92mtest_distance[39;49;00m():
>       [94massert[39;49;00m ([96mtype[39;49;00m(haversine(lon1, lat1, lon2, lat2)) == [96mfloat[39;49;00m([94m0[39;49;00m))
[1m[31mE       NameError: name 'lon1' is not defined[0m

[1m[31mtests/distance_test.py[0m:5: NameError
[31m[1m________________________________ test_distance _________________________________[0m

    [94mdef[39;49;00m [92mtest_distance[39;49;00m():
>       [94massert[39;49;00m ([96mtype[39;49;00m(haversine(lon1, lat1, lon2, lat2)) == [96mfloat[39;49;00m([94m0[39;49;00m))
[1m[31mE       NameError: name 'lon1' is not defined[0m

[1m[31mtests/distance_test.py[0m:5: NameError
=========================== short test summary info ============================
FAILED tests/distance_test.py::test_distance - NameError: name 'lon1' is not ...
FAILED tests/distance_test.py::test_distance - NameError: name 'lon1' is not ...
[31m========================= [31m[1m2 failed[0m, [32m1 passed[0m[31m in 0.28s[0m[31m ==========================[0m
make: *** [test] Error 1
[1m[7m%[27m[1m[0m                                                                                ]7;file://MacBook-Air-de-Valeria.local/Users/valeriarevolledo/code/valeria0801/mlproject]2;valeriarevolledo@MacBook-Air-de-Valeria]1;..801/mlproject]7;file://MacBook-Air-de-Valeria.local/Users/valeriarevolledo/code/valeria0801/mlproject[0m[27m[24m[J[01;31mâžœ  [36mmlproject[00m [01;34mgit:([31mmaster[34m) [33mâœ—[00m [K[39C[ðŸ lewagon][51D[?1h=[?2004h[4mm[24m[24m[1m[31mm[1m[31ma[0m[39m[1m[31mm[1m[31ma[1m[31mk[0m[39m[0m[32mm[0m[32ma[0m[32mk[32me[39m [4mt[24m[4mt[4me[24m[4me[4ms[24m[4ms[4mt[24m[?1l>[?2004l[24mt[24me[24ms[24mt
]2;make test]1;make[1m============================= test session starts ==============================[0m
platform darwin -- Python 3.8.6, pytest-6.2.1, py-1.10.0, pluggy-0.13.1
rootdir: /Users/valeriarevolledo/code/valeria0801/mlproject
plugins: anyio-2.0.2
[1mcollecting ... [0m[1mcollected 3 items                                                              [0m

tests/distance_test.py [31mF[0m[31mF[0m[31m                                                [ 33%][0m
tests/lib_test.py [32m.[0m

=================================== FAILURES ===================================
[31m[1m________________________________ test_distance _________________________________[0m

    [94mdef[39;49;00m [92mtest_distance[39;49;00m():
>       [94massert[39;49;00m ([96mtype[39;49;00m(haversine(lon1, lat1, lon2, lat2)) == [96mfloat[39;49;00m([94m0.0[39;49;00m))
[1m[31mE       NameError: name 'lon1' is not defined[0m

[1m[31mtests/distance_test.py[0m:5: NameError
[31m[1m________________________________ test_distance _________________________________[0m

    [94mdef[39;49;00m [92mtest_distance[39;49;00m():
>       [94massert[39;49;00m ([96mtype[39;49;00m(haversine(lon1, lat1, lon2, lat2)) == [96mfloat[39;49;00m([94m0.0[39;49;00m))
[1m[31mE       NameError: name 'lon1' is not defined[0m

[1m[31mtests/distance_test.py[0m:5: NameError
=========================== short test summary info ============================
FAILED tests/distance_test.py::test_distance - NameError: name 'lon1' is not ...
FAILED tests/distance_test.py::test_distance - NameError: name 'lon1' is not ...
[31m========================= [31m[1m2 failed[0m, [32m1 passed[0m[31m in 0.27s[0m[31m ==========================[0m
make: *** [test] Error 1
[1m[7m%[27m[1m[0m                                                                                ]7;file://MacBook-Air-de-Valeria.local/Users/valeriarevolledo/code/valeria0801/mlproject]2;valeriarevolledo@MacBook-Air-de-Valeria]1;..801/mlproject]7;file://MacBook-Air-de-Valeria.local/Users/valeriarevolledo/code/valeria0801/mlproject[0m[27m[24m[J[01;31mâžœ  [36mmlproject[00m [01;34mgit:([31mmaster[34m) [33mâœ—[00m [K[39C[ðŸ lewagon][51D[?1h=[?2004h[4mm[24m[24m[1m[31mm[1m[31ma[0m[39m[1m[31mm[1m[31ma[1m[31mk[0m[39m[0m[32mm[0m[32ma[0m[32mk[32me[39m [4mt[24m[4mt[4me[24m[4me[4ms[24m[4ms[4mt[24m[?1l>[?2004l[24mt[24me[24ms[24mt
]2;make test]1;make[1m============================= test session starts ==============================[0m
platform darwin -- Python 3.8.6, pytest-6.2.1, py-1.10.0, pluggy-0.13.1
rootdir: /Users/valeriarevolledo/code/valeria0801/mlproject
plugins: anyio-2.0.2
[1mcollecting ... [0m[1mcollected 3 items                                                              [0m

tests/distance_test.py [32m.[0m[32m.[0m[32m                                                [ 33%][0m
tests/lib_test.py [32m.[0m

[32m============================== [32m[1m3 passed[0m[32m in 0.07s[0m[32m ===============================[0m
Name                     Stmts   Miss  Cover   Missing
------------------------------------------------------
mlproject/__init__.py        6      2    67%   7-8
mlproject/distance.py       14      4    71%   21-25
mlproject/lib.py             2      0   100%
tests/__init__.py            0      0   100%
tests/distance_test.py       3      0   100%
tests/lib_test.py            3      0   100%
------------------------------------------------------
TOTAL                       28      6    79%
[1m[7m%[27m[1m[0m                                                                                ]7;file://MacBook-Air-de-Valeria.local/Users/valeriarevolledo/code/valeria0801/mlproject]2;valeriarevolledo@MacBook-Air-de-Valeria]1;..801/mlproject]7;file://MacBook-Air-de-Valeria.local/Users/valeriarevolledo/code/valeria0801/mlproject[0m[27m[24m[J[01;32mâžœ  [36mmlproject[00m [01;34mgit:([31mmaster[34m) [33mâœ—[00m [K[39C[ðŸ lewagon][51D[?1h=[?2004h[7mmlproject[27m[9D[27m[4mm[27m[4ml[27m[4mp[27m[4mr[27m[4mo[27m[4mj[27m[4me[27m[4mc[24m[27m [4me[24m[24m [4mj[24m[24m [4mo[24m[24m [4mr[24m[24m [4mp[24m[24m [4mm[4ml[24m[24m [4mm[24m[24m [24m [7mgh repo create[27m[14D[27m[32mg[27m[32mh[39m[27m [27mr[27me[27mp[27mo[27m [27mc[27mr[27me[27ma[27mt[27me[?1l>[?2004l
]2;gh repo create]1;gh[0G[2K[0;1;92m? [0m[0;1;99mRepository name [0m[38;5;242m(mlproject) [0m[?25l[?25h[0G[2K[0;1;92m? [0m[0;1;99mRepository name [0m[0;36mmlproject[0m
[0G[2K[0;1;92m? [0m[0;1;99mRepository description [0m[?25l[0G[2K[0;1;92m? [0m[0;1;99mRepository description [0mv[0G[2K[0;1;92m? [0m[0;1;99mRepository description [0mva[0G[2K[0;1;92m? [0m[0;1;99mRepository description [0mval[0G[2K[0;1;92m? [0m[0;1;99mRepository description [0mvale[0G[2K[0;1;92m? [0m[0;1;99mRepository description [0mvaler[0G[2K[0;1;92m? [0m[0;1;99mRepository description [0mvaleri[0G[2K[0;1;92m? [0m[0;1;99mRepository description [0mvaleria[0G[2K[0;1;92m? [0m[0;1;99mRepository description [0mvaleria [0G[2K[0;1;92m? [0m[0;1;99mRepository description [0mvaleria p[0G[2K[0;1;92m? [0m[0;1;99mRepository description [0mvaleria pr[0G[2K[0;1;92m? [0m[0;1;99mRepository description [0mvaleria pro[0G[2K[0;1;92m? [0m[0;1;99mRepository description [0mvaleria proj[0G[2K[0;1;92m? [0m[0;1;99mRepository description [0mvaleria proje[0G[2K[0;1;92m? [0m[0;1;99mRepository description [0mvaleria projec[0G[2K[0;1;92m? [0m[0;1;99mRepository description [0mvaleria project[?25h[0G[2K[0;1;92m? [0m[0;1;99mRepository description [0m[0;36mvaleria project[0m
[0G[2K[0;1;92m? [0m[0;1;99mVisibility[0m  [0;36m[Use arrows to move, type to filter][0m
[0;1;36m> Public[0m
[0;39m  Private[0m
[0;39m  Internal[0m
[?25l[?25h[0G[2K[1F[2K[1F[2K[1F[2K[1F[2K[0;1;92m? [0m[0;1;99mVisibility[0m[0;36m Public[0m
[0G[2K[0;1;92m? [0m[0;1;99mThis will create 'mlproject' in your current directory. Continue?  [0m[38;5;242m(Y/n) [0m[?25l7[999;999f[6n8[?25h[6nY[1D[1E[1F[0G[2K[0;1;92m? [0m[0;1;99mThis will create 'mlproject' in your current directory. Continue?  [0m[0;36mYes[0m
GraphQL error: Name already exists on this account
[1m[7m%[27m[1m[0m                                                                                ]7;file://MacBook-Air-de-Valeria.local/Users/valeriarevolledo/code/valeria0801/mlproject]2;valeriarevolledo@MacBook-Air-de-Valeria]1;..801/mlproject]7;file://MacBook-Air-de-Valeria.local/Users/valeriarevolledo/code/valeria0801/mlproject[0m[27m[24m[J[01;31mâžœ  [36mmlproject[00m [01;34mgit:([31mmaster[34m) [33mâœ—[00m [K[39C[ðŸ lewagon][51D[?1h=[?2004h[7mgit remote -v[27m[13D[27m[32mg[27m[32mi[27m[32mt[39m[27m [27mr[27me[27mm[27mo[27mt[27me[27m [27m-[27mv[?1l>[?2004l
]2;git remote -v]1;gitorigin	https://github.com/valeria0801/mlproject.git (fetch)
origin	https://github.com/valeria0801/mlproject.git (push)
[1m[7m%[27m[1m[0m                                                                                ]7;file://MacBook-Air-de-Valeria.local/Users/valeriarevolledo/code/valeria0801/mlproject]2;valeriarevolledo@MacBook-Air-de-Valeria]1;..801/mlproject]7;file://MacBook-Air-de-Valeria.local/Users/valeriarevolledo/code/valeria0801/mlproject[0m[27m[24m[J[01;32mâžœ  [36mmlproject[00m [01;34mgit:([31mmaster[34m) [33mâœ—[00m [K[39C[ðŸ lewagon][51D[?1h=[?2004h[7mpip install git+[27m[16D[27m[32mp[27m[32mi[27m[32mp[39m[27m [27mi[27mn[27ms[27mt[27ma[27ml[27ml[27m [27mg[27mi[27mt[27m+           [1m[31mp[1m[31mi[0m[39m[39m [0m[32mp[39m[0m[39m [39m [7mpip install git+[27m[16D[27m[32mp[27m[32mi[27m[32mp[39m[27m [27mi[27mn[27ms[27mt[27ma[27ml[27ml[27m [27mg[27mi[27mt[27m+ [16D[39mp[39mi[39mp[13C[7mhttps://github.com/LucilaT12/mlproje[7mc[7mt.git[27m[K[A[22C[32mp[32mi[32mp[39m[13C[27mh[27mt[27mt[27mp[27ms[27m:[27m/[27m/[27mg[27mi[27mt[27mh[27mu[27mb[27m.[27mc[27mo[27mm[27m/[27mL[27mu[27mc[27mi[27ml[27ma[27mT[27m1[27m2[27m/[27mm[27ml[27mp[27mr[27mo[27mj[27mec[27mt[27m.[27mg[27mi[27mt[A[24C[1m[37m[41mp[1m[37m[41mi[1m[37m[41mp[39m[1m[37m[41m [1m[37m[41mi[1m[37m[41mn[1m[37m[41ms[1m[37m[41mt[1m[37m[41ma[1m[37m[41ml[1m[37m[41ml[1m[37m[41m [1m[37m[41mg[1m[37m[41mi[1m[37m[41mt[1m[37m[41m+[1m[37m[41mh[1m[37m[41mt[1m[37m[41mt[1m[37m[41mp[1m[37m[41ms[1m[37m[41m:[1m[37m[41m/[1m[37m[41m/[1m[37m[41mg[1m[37m[41mi[1m[37m[41mt[1m[37m[41mh[1m[37m[41mu[1m[37m[41mb[1m[37m[41m.[1m[37m[41mc[1m[37m[41mo[1m[37m[41mm[1m[37m[41m/[1m[37m[41mL[1m[37m[41mu[1m[37m[41mc[1m[37m[41mi[1m[37m[41ml[1m[37m[41ma[1m[37m[41mT[1m[37m[41m1[1m[37m[41m2[1m[37m[41m/[1m[37m[41mm[1m[37m[41ml[1m[37m[41mp[1m[37m[41mr[1m[37m[41mo[1m[37m[41mj[1m[37m[41me[1m[37m[41mc[1m[37m[41mt[1m[37m[41m.[1m[37m[41mg[1m[37m[41mi[1m[37m[41mt[0m[39m[49m[A[22C[0m[49m[32mp[0m[49m[32mi[0m[49m[32mp[39m[0m[39m[49m [0m[39m[49mi[0m[39m[49mn[0m[39m[49ms[0m[39m[49mt[0m[39m[49ma[0m[39m[49ml[0m[39m[49ml[0m[39m[49m [0m[39m[49mg[0m[39m[49mi[0m[39m[49mt[0m[39m[49m+[0m[39m[49mh[0m[39m[49mt[0m[39m[49mt[0m[39m[49mp[0m[39m[49ms[0m[39m[49m:[0m[39m[49m/[0m[39m[49m/[0m[39m[49mg[0m[39m[49mi[0m[39m[49mt[0m[39m[49mh[0m[39m[49mu[0m[39m[49mb[0m[39m[49m.[0m[39m[49mc[0m[39m[49mo[0m[39m[49mm[0m[39m[49m/[0m[39m[49mL[0m[39m[49mu[0m[39m[49mc[0m[39m[49mi[0m[39m[49ml[0m[39m[49ma[0m[39m[49mT[0m[39m[49m1[0m[39m[49m2[0m[39m[49m/[0m[39m[49mm[0m[39m[49ml[0m[39m[49mp[0m[39m[49mr[0m[39m[49mo[0m[39m[49mj[0m[39m[49mec[0m[39m[49mt[0m[39m[49m.[0m[39m[49mg[0m[39m[49mi[0m[39m[49m    c [K[A[79C[K[1B[K[A[79C            [K[1C[ðŸ lewagon][13D                                 [1m[31mp[1m[31mi[0m[39m[39m [0m[32mp[39m[0m[39m [39m [?1l>[?2004l[1B[1m[7m%[27m[1m[0m                                                                                ]7;file://MacBook-Air-de-Valeria.local/Users/valeriarevolledo/code/valeria0801/mlproject]2;valeriarevolledo@MacBook-Air-de-Valeria]1;..801/mlproject]7;file://MacBook-Air-de-Valeria.local/Users/valeriarevolledo/code/valeria0801/mlproject[0m[27m[24m[J[01;32mâžœ  [36mmlproject[00m [01;34mgit:([31mmaster[34m) [33mâœ—[00m [K[39C[ðŸ lewagon][51D[?1h=[?2004h[32mgit[39m remote -v[13D[32mg[32mh[39m[39m repo create[14D[32mg[32mi[32mt[39m remote -v [13D[39m [39m [39m           [13D[1m[31mv[0m[39m[0m[39m [7mpip install git+[27m[16D[27m[32mp[27m[32mi[27m[32mp[39m[27m [27mi[27mn[27ms[27mt[27ma[27ml[27ml[27m [27mg[27mi[27mt[27m+[16D[39mp[39mi[39mp[13C[7mhttps://github.com/LucilaT12/mlproje[7mc[7mt.git[27m[K[A[22C[32mp[32mi[32mp[39m[13C[27mh[27mt[27mt[27mp[27ms[27m:[27m/[27m/[27mg[27mi[27mt[27mh[27mu[27mb[27m.[27mc[27mo[27mm[27m/[27mL[27mu[27mc[27mi[27ml[27ma[27mT[27m1[27m2[27m/[27mm[27ml[27mp[27mr[27mo[27mj[27mec[27mt[27m.[27mg[27mi[K [A[24C[1m[37m[41mp[1m[37m[41mi[1m[37m[41mp[39m[1m[37m[41m [1m[37m[41mi[1m[37m[41mn[1m[37m[41ms[1m[37m[41mt[1m[37m[41ma[1m[37m[41ml[1m[37m[41ml[1m[37m[41m [1m[37m[41mg[1m[37m[41mi[1m[37m[41mt[1m[37m[41m+[1m[37m[41mh[1m[37m[41mt[1m[37m[41mt[1m[37m[41mp[1m[37m[41ms[1m[37m[41m:[1m[37m[41m/[1m[37m[41m/[1m[37m[41mg[1m[37m[41mi[1m[37m[41mt[1m[37m[41mh[1m[37m[41mu[1m[37m[41mb[1m[37m[41m.[1m[37m[41mc[1m[37m[41mo[1m[37m[41mm[1m[37m[41m/[1m[37m[41mL[1m[37m[41mu[1m[37m[41mc[1m[37m[41mi[1m[37m[41ml[1m[37m[41ma[1m[37m[41mT[1m[37m[41m1[1m[37m[41m2[1m[37m[41m/[1m[37m[41mm[1m[37m[41ml[1m[37m[41mp[1m[37m[41mr[1m[37m[41mo[1m[37m[41mj[1m[37m[41me[1m[37m[41mc[1m[37m[41mt[1m[37m[41m.[1m[37m[41mg[0m[39m[49m[A[24C[0m[49m[32mp[0m[49m[32mi[0m[49m[32mp[39m[0m[39m[49m [0m[39m[49mi[0m[39m[49mn[0m[39m[49ms[0m[39m[49mt[0m[39m[49ma[0m[39m[49ml[0m[39m[49ml[0m[39m[49m [0m[39m[49mg[0m[39m[49mi[0m[39m[49mt[0m[39m[49m+[0m[39m[49mh[0m[39m[49mt[0m[39m[49mt[0m[39m[49mp[0m[39m[49ms[0m[39m[49m:[0m[39m[49m/[0m[39m[49m/[0m[39m[49mg[0m[39m[49mi[0m[39m[49mt[0m[39m[49mh[0m[39m[49mu[0m[39m[49mb[0m[39m[49m.[0m[39m[49mc[0m[39m[49mo[0m[39m[49mm[0m[39m[49m/[0m[39m[49mL[0m[39m[49mu[0m[39m[49mc[0m[39m[49mi[0m[39m[49ml[0m[39m[49ma[0m[39m[49mT[0m[39m[49m1[0m[39m[49m2[0m[39m[49m/[0m[39m[49mm[0m[39m[49ml[0m[39m[49mp[0m[39m[49mr[0m[39m[49mo[0m[39m[49mj[0m[39m[49mec[0m[39m[49mt[0m[39m[49m.[0m[39m[49m  c [K[A[79C[K[1B[K[A[79C            [K[1C[ðŸ lewagon][13D                                 [1m[31mp[1m[31mi[0m[39m[39m [0m[32mp[39m[0m[39m [39m [?1l>[?2004l[1B[1m[7m%[27m[1m[0m                                                                                ]7;file://MacBook-Air-de-Valeria.local/Users/valeriarevolledo/code/valeria0801/mlproject]2;valeriarevolledo@MacBook-Air-de-Valeria]1;..801/mlproject]7;file://MacBook-Air-de-Valeria.local/Users/valeriarevolledo/code/valeria0801/mlproject[0m[27m[24m[J[01;32mâžœ  [36mmlproject[00m [01;34mgit:([31mmaster[34m) [33mâœ—[00m [K[39C[ðŸ lewagon][51D[?1h=[?2004h[7mpip install git+https://github.com/valeria0801/mlpro[7mj[7mect[27m[K[A[24C[27m[32mp[27m[32mi[27m[32mp[39m[27m [27mi[27mn[27ms[27mt[27ma[27ml[27ml[27m [27mg[27mi[27mt[27m+[27mh[27mt[27mt[27mp[27ms[27m:[27m/[27m/[27mg[27mi[27mt[27mh[27mu[27mb[27m.[27mc[27mo[27mm[27m/[27mv[27ma[27ml[27me[27mr[27mi[27ma[27m0[27m8[27m0[27m1[27m/[27mm[27ml[27mp[27mr[27moj[27me[27mc[27mt[1C[1C[?1l>[?2004l
]2;pip install git+https://github.com/valeria0801/mlproject]1;pipCollecting git+https://github.com/valeria0801/mlproject
  Cloning https://github.com/valeria0801/mlproject to /private/var/folders/xy/wmt48j2x4gn_9c4c106cqyr40000gn/T/pip-req-build-c4gnlr9b
  Running command git clone -q https://github.com/valeria0801/mlproject /private/var/folders/xy/wmt48j2x4gn_9c4c106cqyr40000gn/T/pip-req-build-c4gnlr9b
  warning: You appear to have cloned an empty repository.
[31m    ERROR: Command errored out with exit status 1:
     command: /Users/valeriarevolledo/.pyenv/versions/3.8.6/envs/lewagon/bin/python3.8 -c 'import sys, setuptools, tokenize; sys.argv[0] = '"'"'/private/var/folders/xy/wmt48j2x4gn_9c4c106cqyr40000gn/T/pip-req-build-c4gnlr9b/setup.py'"'"'; __file__='"'"'/private/var/folders/xy/wmt48j2x4gn_9c4c106cqyr40000gn/T/pip-req-build-c4gnlr9b/setup.py'"'"';f=getattr(tokenize, '"'"'open'"'"', open)(__file__);code=f.read().replace('"'"'\r\n'"'"', '"'"'\n'"'"');f.close();exec(compile(code, __file__, '"'"'exec'"'"'))' egg_info --egg-base /private/var/folders/xy/wmt48j2x4gn_9c4c106cqyr40000gn/T/pip-pip-egg-info-3vcpbzyj
         cwd: /private/var/folders/xy/wmt48j2x4gn_9c4c106cqyr40000gn/T/pip-req-build-c4gnlr9b/
    Complete output (5 lines):
    Traceback (most recent call last):
      File "<string>", line 1, in <module>
      File "/Users/valeriarevolledo/.pyenv/versions/3.8.6/lib/python3.8/tokenize.py", line 392, in open
        buffer = _builtin_open(filename, 'rb')
    FileNotFoundError: [Errno 2] No such file or directory: '/private/var/folders/xy/wmt48j2x4gn_9c4c106cqyr40000gn/T/pip-req-build-c4gnlr9b/setup.py'
    ----------------------------------------[0m
[33mWARNING: Discarding git+https://github.com/valeria0801/mlproject. Command errored out with exit status 1: python setup.py egg_info Check the logs for full command output.[0m
[31mERROR: Command errored out with exit status 1: python setup.py egg_info Check the logs for full command output.[0m
[1m[7m%[27m[1m[0m                                                                                ]7;file://MacBook-Air-de-Valeria.local/Users/valeriarevolledo/code/valeria0801/mlproject]2;valeriarevolledo@MacBook-Air-de-Valeria]1;..801/mlproject]7;file://MacBook-Air-de-Valeria.local/Users/valeriarevolledo/code/valeria0801/mlproject[0m[27m[24m[J[01;31mâžœ  [36mmlproject[00m [01;34mgit:([31mmaster[34m) [33mâœ—[00m [K[39C[ðŸ lewagon][51D[?1h=[?2004h[7mpip install git+https://github.com/valeria0801/mlpro[7mj[7mect[27m[K[A[24C[27m[1m[37m[41mp[27m[1m[37m[41mi[27m[1m[37m[41mp[39m[27m[1m[37m[41m [27m[1m[37m[41mi[27m[1m[37m[41mn[27m[1m[37m[41ms[27m[1m[37m[41mt[27m[1m[37m[41ma[27m[1m[37m[41ml[27m[1m[37m[41ml[27m[1m[37m[41m [27m[1m[37m[41mg[27m[1m[37m[41mi[27m[1m[37m[41mt[27m[1m[37m[41m+[27m[1m[37m[41mh[27m[1m[37m[41mt[27m[1m[37m[41mt[27m[1m[37m[41mp[27m[1m[37m[41ms[27m[1m[37m[41m:[27m[1m[37m[41m/[27m[1m[37m[41m/[27m[1m[37m[41mg[27m[1m[37m[41mi[27m[1m[37m[41mt[27m[1m[37m[41mh[27m[1m[37m[41mu[27m[1m[37m[41mb[27m[1m[37m[41m.[27m[1m[37m[41mc[27m[1m[37m[41mo[27m[1m[37m[41mm[27m[1m[37m[41m/[27m[1m[37m[41mv[27m[1m[37m[41ma[27m[1m[37m[41ml[27m[1m[37m[41me[27m[1m[37m[41mr[27m[1m[37m[41mi[27m[1m[37m[41ma[27m[1m[37m[41m0[27m[1m[37m[41m8[27m[1m[37m[41m0[27m[1m[37m[41m1[27m[1m[37m[41m/[27m[1m[37m[41mm[27m[1m[37m[41ml[27m[1m[37m[41mp[27m[1m[37m[41mr[27m[1m[37m[41mo[1m[37m[41mj[27m[1m[37m[41me[27m[1m[37m[41mc[27m[1m[37m[41mt[0m[39m[49m[A[24C[1m[37m[45mp[1m[37m[45mi[1m[37m[45mp[39m[1m[37m[45m [1m[37m[45mi[1m[37m[45mn[1m[37m[45ms[1m[37m[45mt[1m[37m[45ma[1m[37m[45ml[1m[37m[45ml[1m[37m[45m [1m[37m[45mg[1m[37m[45mi[1m[37m[45mt[1m[37m[45m+[1m[37m[45mh[1m[37m[45mt[1m[37m[45mt[1m[37m[45mp[1m[37m[45ms[1m[37m[45m:[1m[37m[45m/[1m[37m[45m/[1m[37m[45mg[1m[37m[45mi[1m[37m[45mt[1m[37m[45mh[1m[37m[45mu[1m[37m[45mb[1m[37m[45m.[1m[37m[45mc[1m[37m[45mo[1m[37m[45mm[1m[37m[45m/[1m[37m[45mv[1m[37m[45ma[1m[37m[45ml[1m[37m[45me[1m[37m[45mr[1m[37m[45mi[1m[37m[45ma[1m[37m[45m0[1m[37m[45m8[1m[37m[45m0[1m[37m[45m1[1m[37m[45m/[1m[37m[45mm[1m[37m[45ml[1m[37m[45mp[1m[37m[45mr[1m[37m[45mo[1m[37m[45mj[1m[37m[45me[1m[37m[45mc[1m[37m[45mt[0m[39m[49m[A[24C[0m[49m[32mp[0m[49m[32mi[0m[49m[32mp[39m[0m[39m[49m [0m[39m[49mi[0m[39m[49mn[0m[39m[49ms[0m[39m[49mt[0m[39m[49ma[0m[39m[49ml[0m[39m[49ml[0m[39m[49m [0m[39m[49mg[0m[39m[49mi[0m[39m[49mt[0m[39m[49m+[0m[39m[49mh[0m[39m[49mt[0m[39m[49mt[0m[39m[49mp[0m[39m[49ms[0m[39m[49m:[0m[39m[49m/[0m[39m[49m/[0m[39m[49mg[0m[39m[49mi[0m[39m[49mt[0m[39m[49mh[0m[39m[49mu[0m[39m[49mb[0m[39m[49m.[0m[39m[49mc[0m[39m[49mo[0m[39m[49mm[0m[39m[49m/[0m[39m[49mv[0m[39m[49ma[0m[39m[49ml[0m[39m[49me[0m[39m[49mr[0m[39m[49mi[0m[39m[49ma[0m[39m[49m0[0m[39m[49m8[0m[39m[49m0[0m[39m[49m1[0m[39m[49m/[0m[39m[49mm[0m[39m[49ml[0m[39m[49mp[0m[39m[49mr[0m[39m[49moj[0m[39m[49me[0m[39m[49mc[0m[39m[49mt[?1l>[?2004l
]2;pip install git+https://github.com/valeria0801/mlproject]1;pipCollecting git+https://github.com/valeria0801/mlproject
  Cloning https://github.com/valeria0801/mlproject to /private/var/folders/xy/wmt48j2x4gn_9c4c106cqyr40000gn/T/pip-req-build-z9qr_d0q
  Running command git clone -q https://github.com/valeria0801/mlproject /private/var/folders/xy/wmt48j2x4gn_9c4c106cqyr40000gn/T/pip-req-build-z9qr_d0q

  warning: You appear to have cloned an empty repository.
[31m    ERROR: Command errored out with exit status 1:
     command: /Users/valeriarevolledo/.pyenv/versions/3.8.6/envs/lewagon/bin/python3.8 -c 'import sys, setuptools, tokenize; sys.argv[0] = '"'"'/private/var/folders/xy/wmt48j2x4gn_9c4c106cqyr40000gn/T/pip-req-build-z9qr_d0q/setup.py'"'"'; __file__='"'"'/private/var/folders/xy/wmt48j2x4gn_9c4c106cqyr40000gn/T/pip-req-build-z9qr_d0q/setup.py'"'"';f=getattr(tokenize, '"'"'open'"'"', open)(__file__);code=f.read().replace('"'"'\r\n'"'"', '"'"'\n'"'"');f.close();exec(compile(code, __file__, '"'"'exec'"'"'))' egg_info --egg-base /private/var/folders/xy/wmt48j2x4gn_9c4c106cqyr40000gn/T/pip-pip-egg-info-8shvhxlx
         cwd: /private/var/folders/xy/wmt48j2x4gn_9c4c106cqyr40000gn/T/pip-req-build-z9qr_d0q/
    Complete output (5 lines):
    Traceback (most recent call last):
      File "<string>", line 1, in <module>
      File "/Users/valeriarevolledo/.pyenv/versions/3.8.6/lib/python3.8/tokenize.py", line 392, in open
        buffer = _builtin_open(filename, 'rb')
    FileNotFoundError: [Errno 2] No such file or directory: '/private/var/folders/xy/wmt48j2x4gn_9c4c106cqyr40000gn/T/pip-req-build-z9qr_d0q/setup.py'
    ----------------------------------------[0m
[33mWARNING: Discarding git+https://github.com/valeria0801/mlproject. Command errored out with exit status 1: python setup.py egg_info Check the logs for full command output.[0m
[31mERROR: Command errored out with exit status 1: python setup.py egg_info Check the logs for full command output.[0m
[1m[7m%[27m[1m[0m                                                                                ]7;file://MacBook-Air-de-Valeria.local/Users/valeriarevolledo/code/valeria0801/mlproject]2;valeriarevolledo@MacBook-Air-de-Valeria]1;..801/mlproject]7;file://MacBook-Air-de-Valeria.local/Users/valeriarevolledo/code/valeria0801/mlproject[0m[27m[24m[J[01;31mâžœ  [36mmlproject[00m [01;34mgit:([31mmaster[34m) [33mâœ—[00m [K[39C[ðŸ lewagon][51D[?1h=[?2004h[?1l>[?2004l
[1m[7m%[27m[1m[0m                                                                                ]7;file://MacBook-Air-de-Valeria.local/Users/valeriarevolledo/code/valeria0801/mlproject]2;valeriarevolledo@MacBook-Air-de-Valeria]1;..801/mlproject]7;file://MacBook-Air-de-Valeria.local/Users/valeriarevolledo/code/valeria0801/mlproject[0m[27m[24m[J[01;31mâžœ  [36mmlproject[00m [01;34mgit:([31mmaster[34m) [33mâœ—[00m [K[39C[ðŸ lewagon][51D[?1h=[?2004h[1m[31mc[0m[39m[0m[32mc[32md[39m [33m'[39m[39m ; [ ] =[1m[31m=[1m[31m-[0m[39m[0m[39m=[0m[39m  [1m[31mc[0m[39m[39m [0m[39m [1m[31m\[0m[39m[1m[31m\[1m[31m\[0m[39m[1m[31m\[0m[39m[0m[39m [0m[39m [1m[31m'[0m[39m[1m[31m'[1m[31m'[0m[39m[1m[31m'[0m[39m[0m[39m [0m[39m [1m[31mc[0m[39m[1m[31mc[1m[31mo[0m[39m[1m[31mc[1m[31mo[1m[31md[0m[39m[1m[31md[1m[31me[0m[39m [1m[31md[0m[39m[0m[39m [1m[31mc[1m[31mo[0m[39m[0m[39m [1m[31mc[0m[39m[0m[39m [0m[39m [4ms[24m[24m[32ms[32mt[39m[32ms[32mt[32mt[39m z [39m [39m [39m [4ms[24m[24m[32ms[32mt[39m[32ms[32mt[32mt[39m mg[32mi[32mt[39m remote -v [13D[39m [39m [39m           [13D[1m[31mv[0m[39m[0m[39m [7mpip install git+[27m[16D[27m[32mp[27m[32mi[27m[32mp[39m[27m [27mi[27mn[27ms[27mt[27ma[27ml[27ml[27m [27mg[27mi[27mt[27m+[16D[39mp[39mi[39mp[13C[7mhttps://github.com/LucilaT12/mlproje[7mc[7mt.git[27m[K[A[22C[32mp[32mi[32mp[39m[13C[27mh[27mt[27mt[27mp[27ms[27m:[27m/[27m/[27mg[27mi[27mt[27mh[27mu[27mb[27m.[27mc[27mo[27mm[27m/[27mL[27mu[27mc[27mi[27ml[27ma[27mT[27m1[27m2[27m/[27mm[27ml[27mp[27mr[27mo[27mj[27mec[27mt[27m.[27mg[27mi[K [A[24C[1m[37m[41mp[1m[37m[41mi[1m[37m[41mp[39m[1m[37m[41m [1m[37m[41mi[1m[37m[41mn[1m[37m[41ms[1m[37m[41mt[1m[37m[41ma[1m[37m[41ml[1m[37m[41ml[1m[37m[41m [1m[37m[41mg[1m[37m[41mi[1m[37m[41mt[1m[37m[41m+[1m[37m[41mh[1m[37m[41mt[1m[37m[41mt[1m[37m[41mp[1m[37m[41ms[1m[37m[41m:[1m[37m[41m/[1m[37m[41m/[1m[37m[41mg[1m[37m[41mi[1m[37m[41mt[1m[37m[41mh[1m[37m[41mu[1m[37m[41mb[1m[37m[41m.[1m[37m[41mc[1m[37m[41mo[1m[37m[41mm[1m[37m[41m/[1m[37m[41mL[1m[37m[41mu[1m[37m[41mc[1m[37m[41mi[1m[37m[41ml[1m[37m[41ma[1m[37m[41mT[1m[37m[41m1[1m[37m[41m2[1m[37m[41m/[1m[37m[41mm[1m[37m[41ml[1m[37m[41mp[1m[37m[41mr[1m[37m[41mo[1m[37m[41mj[1m[37m[41me[1m[37m[41mc[1m[37m[41mt[1m[37m[41m.[1m[37m[41mg[0m[39m[49m[A[24C[0m[49m[32mp[0m[49m[32mi[0m[49m[32mp[39m[0m[39m[49m [0m[39m[49mi[0m[39m[49mn[0m[39m[49ms[0m[39m[49mt[0m[39m[49ma[0m[39m[49ml[0m[39m[49ml[0m[39m[49m [0m[39m[49mg[0m[39m[49mi[0m[39m[49mt[0m[39m[49m+[0m[39m[49mh[0m[39m[49mt[0m[39m[49mt[0m[39m[49mp[0m[39m[49ms[0m[39m[49m:[0m[39m[49m/[0m[39m[49m/[0m[39m[49mg[0m[39m[49mi[0m[39m[49mt[0m[39m[49mh[0m[39m[49mu[0m[39m[49mb[0m[39m[49m.[0m[39m[49mc[0m[39m[49mo[0m[39m[49mm[0m[39m[49m/[0m[39m[49mL[0m[39m[49mu[0m[39m[49mc[0m[39m[49mi[0m[39m[49ml[0m[39m[49ma[0m[39m[49mT[0m[39m[49m1[0m[39m[49m2[0m[39m[49m/[0m[39m[49mm[0m[39m[49ml[0m[39m[49mp[0m[39m[49mr[0m[39m[49mo[0m[39m[49mj[0m[39m[49mec[0m[39m[49mt[0m[39m[49m.[0m[39m[49m  c [K[A[79C[K[1B[K[A[79C            [K[1C[ðŸ lewagon][13D                                 [1m[31mp[1m[31mi[0m[39m[39m [0m[32mp[39m[0m[39m [39m [?1l>[?2004l[1B[1m[7m%[27m[1m[0m                                                                                ]7;file://MacBook-Air-de-Valeria.local/Users/valeriarevolledo/code/valeria0801/mlproject]2;valeriarevolledo@MacBook-Air-de-Valeria]1;..801/mlproject]7;file://MacBook-Air-de-Valeria.local/Users/valeriarevolledo/code/valeria0801/mlproject[0m[27m[24m[J[01;32mâžœ  [36mmlproject[00m [01;34mgit:([31mmaster[34m) [33mâœ—[00m [K[39C[ðŸ lewagon][51D[?1h=[?2004h[7mpip install git+https://github.com/valeria0801/mlpro[7mj[7mect[27m[K[A[24C[27m[32mp[27m[32mi[27m[32mp[39m[27m [27mi[27mn[27ms[27mt[27ma[27ml[27ml[27m [27mg[27mi[27mt[27m+[27mh[27mt[27mt[27mp[27ms[27m:[27m/[27m/[27mg[27mi[27mt[27mh[27mu[27mb[27m.[27mc[27mo[27mm[27m/[27mv[27ma[27ml[27me[27mr[27mi[27ma[27m0[27m8[27m0[27m1[27m/[27mm[27ml[27mp[27mr[27moj[27me[27mc[27mt[1C[1C[?1l>[?2004l
]2;pip install git+https://github.com/valeria0801/mlproject]1;pipCollecting git+https://github.com/valeria0801/mlproject
  Cloning https://github.com/valeria0801/mlproject to /private/var/folders/xy/wmt48j2x4gn_9c4c106cqyr40000gn/T/pip-req-build-c4gnlr9b
  Running command git clone -q https://github.com/valeria0801/mlproject /private/var/folders/xy/wmt48j2x4gn_9c4c106cqyr40000gn/T/pip-req-build-c4gnlr9b
  warning: You appear to have cloned an empty repository.
[31m    ERROR: Command errored out with exit status 1:
     command: /Users/valeriarevolledo/.pyenv/versions/3.8.6/envs/lewagon/bin/python3.8 -c 'import sys, setuptools, tokenize; sys.argv[0] = '"'"'/private/var/folders/xy/wmt48j2x4gn_9c4c106cqyr40000gn/T/pip-req-build-c4gnlr9b/setup.py'"'"'; __file__='"'"'/private/var/folders/xy/wmt48j2x4gn_9c4c106cqyr40000gn/T/pip-req-build-c4gnlr9b/setup.py'"'"';f=getattr(tokenize, '"'"'open'"'"', open)(__file__);code=f.read().replace('"'"'\r\n'"'"', '"'"'\n'"'"');f.close();exec(compile(code, __file__, '"'"'exec'"'"'))' egg_info --egg-base /private/var/folders/xy/wmt48j2x4gn_9c4c106cqyr40000gn/T/pip-pip-egg-info-3vcpbzyj
         cwd: /private/var/folders/xy/wmt48j2x4gn_9c4c106cqyr40000gn/T/pip-req-build-c4gnlr9b/
    Complete output (5 lines):
    Traceback (most recent call last):
      File "<string>", line 1, in <module>
      File "/Users/valeriarevolledo/.pyenv/versions/3.8.6/lib/python3.8/tokenize.py", line 392, in open
        buffer = _builtin_open(filename, 'rb')
    FileNotFoundError: [Errno 2] No such file or directory: '/private/var/folders/xy/wmt48j2x4gn_9c4c106cqyr40000gn/T/pip-req-build-c4gnlr9b/setup.py'
    ----------------------------------------[0m
[33mWARNING: Discarding git+https://github.com/valeria0801/mlproject. Command errored out with exit status 1: python setup.py egg_info Check the logs for full command output.[0m
[31mERROR: Command errored out with exit status 1: python setup.py egg_info Check the logs for full command output.[0m
[1m[7m%[27m[1m[0m                                                                                ]7;file://MacBook-Air-de-Valeria.local/Users/valeriarevolledo/code/valeria0801/mlproject]2;valeriarevolledo@MacBook-Air-de-Valeria]1;..801/mlproject]7;file://MacBook-Air-de-Valeria.local/Users/valeriarevolledo/code/valeria0801/mlproject[0m[27m[24m[J[01;31mâžœ  [36mmlproject[00m [01;34mgit:([31mmaster[34m) [33mâœ—[00m [K[39C[ðŸ lewagon][51D[?1h=[?2004h[7mpip install git+https://github.com/valeria0801/mlpro[7mj[7mect[27m[K[A[24C[27m[1m[37m[41mp[27m[1m[37m[41mi[27m[1m[37m[41mp[39m[27m[1m[37m[41m [27m[1m[37m[41mi[27m[1m[37m[41mn[27m[1m[37m[41ms[27m[1m[37m[41mt[27m[1m[37m[41ma[27m[1m[37m[41ml[27m[1m[37m[41ml[27m[1m[37m[41m [27m[1m[37m[41mg[27m[1m[37m[41mi[27m[1m[37m[41mt[27m[1m[37m[41m+[27m[1m[37m[41mh[27m[1m[37m[41mt[27m[1m[37m[41mt[27m[1m[37m[41mp[27m[1m[37m[41ms[27m[1m[37m[41m:[27m[1m[37m[41m/[27m[1m[37m[41m/[27m[1m[37m[41mg[27m[1m[37m[41mi[27m[1m[37m[41mt[27m[1m[37m[41mh[27m[1m[37m[41mu[27m[1m[37m[41mb[27m[1m[37m[41m.[27m[1m[37m[41mc[27m[1m[37m[41mo[27m[1m[37m[41mm[27m[1m[37m[41m/[27m[1m[37m[41mv[27m[1m[37m[41ma[27m[1m[37m[41ml[27m[1m[37m[41me[27m[1m[37m[41mr[27m[1m[37m[41mi[27m[1m[37m[41ma[27m[1m[37m[41m0[27m[1m[37m[41m8[27m[1m[37m[41m0[27m[1m[37m[41m1[27m[1m[37m[41m/[27m[1m[37m[41mm[27m[1m[37m[41ml[27m[1m[37m[41mp[27m[1m[37m[41mr[27m[1m[37m[41mo[1m[37m[41mj[27m[1m[37m[41me[27m[1m[37m[41mc[27m[1m[37m[41mt[0m[39m[49m[A[24C[1m[37m[45mp[1m[37m[45mi[1m[37m[45mp[39m[1m[37m[45m [1m[37m[45mi[1m[37m[45mn[1m[37m[45ms[1m[37m[45mt[1m[37m[45ma[1m[37m[45ml[1m[37m[45ml[1m[37m[45m [1m[37m[45mg[1m[37m[45mi[1m[37m[45mt[1m[37m[45m+[1m[37m[45mh[1m[37m[45mt[1m[37m[45mt[1m[37m[45mp[1m[37m[45ms[1m[37m[45m:[1m[37m[45m/[1m[37m[45m/[1m[37m[45mg[1m[37m[45mi[1m[37m[45mt[1m[37m[45mh[1m[37m[45mu[1m[37m[45mb[1m[37m[45m.[1m[37m[45mc[1m[37m[45mo[1m[37m[45mm[1m[37m[45m/[1m[37m[45mv[1m[37m[45ma[1m[37m[45ml[1m[37m[45me[1m[37m[45mr[1m[37m[45mi[1m[37m[45ma[1m[37m[45m0[1m[37m[45m8[1m[37m[45m0[1m[37m[45m1[1m[37m[45m/[1m[37m[45mm[1m[37m[45ml[1m[37m[45mp[1m[37m[45mr[1m[37m[45mo[1m[37m[45mj[1m[37m[45me[1m[37m[45mc[1m[37m[45mt[0m[39m[49m[A[24C[0m[49m[32mp[0m[49m[32mi[0m[49m[32mp[39m[0m[39m[49m [0m[39m[49mi[0m[39m[49mn[0m[39m[49ms[0m[39m[49mt[0m[39m[49ma[0m[39m[49ml[0m[39m[49ml[0m[39m[49m [0m[39m[49mg[0m[39m[49mi[0m[39m[49mt[0m[39m[49m+[0m[39m[49mh[0m[39m[49mt[0m[39m[49mt[0m[39m[49mp[0m[39m[49ms[0m[39m[49m:[0m[39m[49m/[0m[39m[49m/[0m[39m[49mg[0m[39m[49mi[0m[39m[49mt[0m[39m[49mh[0m[39m[49mu[0m[39m[49mb[0m[39m[49m.[0m[39m[49mc[0m[39m[49mo[0m[39m[49mm[0m[39m[49m/[0m[39m[49mv[0m[39m[49ma[0m[39m[49ml[0m[39m[49me[0m[39m[49mr[0m[39m[49mi[0m[39m[49ma[0m[39m[49m0[0m[39m[49m8[0m[39m[49m0[0m[39m[49m1[0m[39m[49m/[0m[39m[49mm[0m[39m[49ml[0m[39m[49mp[0m[39m[49mr[0m[39m[49moj[0m[39m[49me[0m[39m[49mc[0m[39m[49mt[?1l>[?2004l
]2;pip install git+https://github.com/valeria0801/mlproject]1;pipCollecting git+https://github.com/valeria0801/mlproject
  Cloning https://github.com/valeria0801/mlproject to /private/var/folders/xy/wmt48j2x4gn_9c4c106cqyr40000gn/T/pip-req-build-z9qr_d0q
  Running command git clone -q https://github.com/valeria0801/mlproject /private/var/folders/xy/wmt48j2x4gn_9c4c106cqyr40000gn/T/pip-req-build-z9qr_d0q

  warning: You appear to have cloned an empty repository.
[31m    ERROR: Command errored out with exit status 1:
     command: /Users/valeriarevolledo/.pyenv/versions/3.8.6/envs/lewagon/bin/python3.8 -c 'import sys, setuptools, tokenize; sys.argv[0] = '"'"'/private/var/folders/xy/wmt48j2x4gn_9c4c106cqyr40000gn/T/pip-req-build-z9qr_d0q/setup.py'"'"'; __file__='"'"'/private/var/folders/xy/wmt48j2x4gn_9c4c106cqyr40000gn/T/pip-req-build-z9qr_d0q/setup.py'"'"';f=getattr(tokenize, '"'"'open'"'"', open)(__file__);code=f.read().replace('"'"'\r\n'"'"', '"'"'\n'"'"');f.close();exec(compile(code, __file__, '"'"'exec'"'"'))' egg_info --egg-base /private/var/folders/xy/wmt48j2x4gn_9c4c106cqyr40000gn/T/pip-pip-egg-info-8shvhxlx
         cwd: /private/var/folders/xy/wmt48j2x4gn_9c4c106cqyr40000gn/T/pip-req-build-z9qr_d0q/
    Complete output (5 lines):
    Traceback (most recent call last):
      File "<string>", line 1, in <module>
      File "/Users/valeriarevolledo/.pyenv/versions/3.8.6/lib/python3.8/tokenize.py", line 392, in open
        buffer = _builtin_open(filename, 'rb')
    FileNotFoundError: [Errno 2] No such file or directory: '/private/var/folders/xy/wmt48j2x4gn_9c4c106cqyr40000gn/T/pip-req-build-z9qr_d0q/setup.py'
    ----------------------------------------[0m
[33mWARNING: Discarding git+https://github.com/valeria0801/mlproject. Command errored out with exit status 1: python setup.py egg_info Check the logs for full command output.[0m
[31mERROR: Command errored out with exit status 1: python setup.py egg_info Check the logs for full command output.[0m
[1m[7m%[27m[1m[0m                                                                                ]7;file://MacBook-Air-de-Valeria.local/Users/valeriarevolledo/code/valeria0801/mlproject]2;valeriarevolledo@MacBook-Air-de-Valeria]1;..801/mlproject]7;file://MacBook-Air-de-Valeria.local/Users/valeriarevolledo/code/valeria0801/mlproject[0m[27m[24m[J[01;31mâžœ  [36mmlproject[00m [01;34mgit:([31mmaster[34m) [33mâœ—[00m [K[39C[ðŸ lewagon][51D[?1h=[?2004h[?1l>[?2004l
[1m[7m%[27m[1m[0m                                                                                ]7;file://MacBook-Air-de-Valeria.local/Users/valeriarevolledo/code/valeria0801/mlproject]2;valeriarevolledo@MacBook-Air-de-Valeria]1;..801/mlproject]7;file://MacBook-Air-de-Valeria.local/Users/valeriarevolledo/code/valeria0801/mlproject[0m[27m[24m[J[01;31mâžœ  [36mmlproject[00m [01;34mgit:([31mmaster[34m) [33mâœ—[00m [K[39C[ðŸ lewagon][51D[?1h=[?2004h[1m[31mc[0m[39m[0m[32mc[32md[39m [33m'[39m[39m ; [ ] =[1m[31m=[1m[31m-[0m[39m[0m[39m=[0m[39m  [1m[31mc[0m[39m[39m [0m[39m [1m[31m\[0m[39m[1m[31m\[1m[31m\[0m[39m[1m[31m\[0m[39m[0m[39m [0m[39m [1m[31m'[0m[39m[1m[31m'[1m[31m'[0m[39m[1m[31m'[0m[39m[0m[39m [0m[39m [1m[31mc[0m[39m[1m[31mc[1m[31mo[0m[39m[1m[31mc[1m[31mo[1m[31md[0m[39m[1m[31md[1m[31me[0m[39m [1m[31md[0m[39m[0m[39m [1m[31mc[1m[31mo[0m[39m[0m[39m [1m[31mc[0m[39m[0m[39m [0m[39m [4ms[24m[24m[32ms[32mt[39m[32ms[32mt[32mt[39m z [39m [39m [39m [4ms[24m[24m[32ms[32mt[39m[32ms[32mt[32mt[39m [35m`[39m[39m [?1l>[?2004l
]2;'/Applications/Sublime Text.app/Contents/SharedSupport/bin/subl' .]1;stt[1m[7m%[27m[1m[0m                                                                                ]7;file://MacBook-Air-de-Valeria.local/Users/valeriarevolledo/code/valeria0801/mlproject]2;valeriarevolledo@MacBook-Air-de-Valeria]1;..801/mlproject]7;file://MacBook-Air-de-Valeria.local/Users/valeriarevolledo/code/valeria0801/mlproject[0m[27m[24m[J[01;32mâžœ  [36mmlproject[00m [01;34mgit:([31mmaster[34m) [33mâœ—[00m [K[39C[ðŸ lewagon][51D[?1h=[?2004h[4ms[24m[24m[32ms[32mt[39m[32ms[32mt[32mt[39m [4m~[24m m[0m[39m[49m [0m[39m[49mi[0m[39m[49mn[0m[39m[49ms[0m[39m[49mt[0m[39m[49ma[0m[39m[49ml[0m[39m[49ml[0m[39m[49m [0m[39m[49mg[0m[39m[49mi[0m[39m[49mt[0m[39m[49m+[0m[39m[49mh[0m[39m[49mt[0m[39m[49mt[0m[39m[49mp[0m[39m[49ms[0m[39m[49m:[0m[39m[49m/[0m[39m[49m/[0m[39m[49mg[0m[39m[49mi[0m[39m[49mt[0m[39m[49mh[0m[39m[49mu[0m[39m[49mb[0m[39m[49m.[0m[39m[49mc[0m[39m[49mo[0m[39m[49mm[0m[39m[49m/[0m[39m[49mL[0m[39m[49mu[0m[39m[49mc[0m[39m[49mi[0m[39m[49ml[0m[39m[49ma[0m[39m[49mT[0m[39m[49m1[0m[39m[49m2[0m[39m[49m/[0m[39m[49mm[0m[39m[49ml[0m[39m[49mp[0m[39m[49mr[0m[39m[49mo[0m[39m[49mj[0m[39m[49mec[0m[39m[49mt[0m[39m[49m.[0m[39m[49m  c [K[A[79C[K[1B[K[A[79C            [K[1C[ðŸ lewagon][13D                                 [1m[31mp[1m[31mi[0m[39m[39m [0m[32mp[39m[0m[39m [39m [?1l>[?2004l[1B[1m[7m%[27m[1m[0m                                                                                ]7;file://MacBook-Air-de-Valeria.local/Users/valeriarevolledo/code/valeria0801/mlproject]2;valeriarevolledo@MacBook-Air-de-Valeria]1;..801/mlproject]7;file://MacBook-Air-de-Valeria.local/Users/valeriarevolledo/code/valeria0801/mlproject[0m[27m[24m[J[01;32mâžœ  [36mmlproject[00m [01;34mgit:([31mmaster[34m) [33mâœ—[00m [K[39C[ðŸ lewagon][51D[?1h=[?2004h[7mpip install git+https://github.com/valeria0801/mlpro[7mj[7mect[27m[K[A[24C[27m[32mp[27m[32mi[27m[32mp[39m[27m [27mi[27mn[27ms[27mt[27ma[27ml[27ml[27m [27mg[27mi[27mt[27m+[27mh[27mt[27mt[27mp[27ms[27m:[27m/[27m/[27mg[27mi[27mt[27mh[27mu[27mb[27m.[27mc[27mo[27mm[27m/[27mv[27ma[27ml[27me[27mr[27mi[27ma[27m0[27m8[27m0[27m1[27m/[27mm[27ml[27mp[27mr[27moj[27me[27mc[27mt[1C[1C[?1l>[?2004l
]2;pip install git+https://github.com/valeria0801/mlproject]1;pipCollecting git+https://github.com/valeria0801/mlproject
  Cloning https://github.com/valeria0801/mlproject to /private/var/folders/xy/wmt48j2x4gn_9c4c106cqyr40000gn/T/pip-req-build-c4gnlr9b
  Running command git clone -q https://github.com/valeria0801/mlproject /private/var/folders/xy/wmt48j2x4gn_9c4c106cqyr40000gn/T/pip-req-build-c4gnlr9b
  warning: You appear to have cloned an empty repository.
[31m    ERROR: Command errored out with exit status 1:
     command: /Users/valeriarevolledo/.pyenv/versions/3.8.6/envs/lewagon/bin/python3.8 -c 'import sys, setuptools, tokenize; sys.argv[0] = '"'"'/private/var/folders/xy/wmt48j2x4gn_9c4c106cqyr40000gn/T/pip-req-build-c4gnlr9b/setup.py'"'"'; __file__='"'"'/private/var/folders/xy/wmt48j2x4gn_9c4c106cqyr40000gn/T/pip-req-build-c4gnlr9b/setup.py'"'"';f=getattr(tokenize, '"'"'open'"'"', open)(__file__);code=f.read().replace('"'"'\r\n'"'"', '"'"'\n'"'"');f.close();exec(compile(code, __file__, '"'"'exec'"'"'))' egg_info --egg-base /private/var/folders/xy/wmt48j2x4gn_9c4c106cqyr40000gn/T/pip-pip-egg-info-3vcpbzyj
         cwd: /private/var/folders/xy/wmt48j2x4gn_9c4c106cqyr40000gn/T/pip-req-build-c4gnlr9b/
    Complete output (5 lines):
    Traceback (most recent call last):
      File "<string>", line 1, in <module>
      File "/Users/valeriarevolledo/.pyenv/versions/3.8.6/lib/python3.8/tokenize.py", line 392, in open
        buffer = _builtin_open(filename, 'rb')
    FileNotFoundError: [Errno 2] No such file or directory: '/private/var/folders/xy/wmt48j2x4gn_9c4c106cqyr40000gn/T/pip-req-build-c4gnlr9b/setup.py'
    ----------------------------------------[0m
[33mWARNING: Discarding git+https://github.com/valeria0801/mlproject. Command errored out with exit status 1: python setup.py egg_info Check the logs for full command output.[0m
[31mERROR: Command errored out with exit status 1: python setup.py egg_info Check the logs for full command output.[0m
[1m[7m%[27m[1m[0m                                                                                ]7;file://MacBook-Air-de-Valeria.local/Users/valeriarevolledo/code/valeria0801/mlproject]2;valeriarevolledo@MacBook-Air-de-Valeria]1;..801/mlproject]7;file://MacBook-Air-de-Valeria.local/Users/valeriarevolledo/code/valeria0801/mlproject[0m[27m[24m[J[01;31mâžœ  [36mmlproject[00m [01;34mgit:([31mmaster[34m) [33mâœ—[00m [K[39C[ðŸ lewagon][51D[?1h=[?2004h[7mpip install git+https://github.com/valeria0801/mlpro[7mj[7mect[27m[K[A[24C[27m[1m[37m[41mp[27m[1m[37m[41mi[27m[1m[37m[41mp[39m[27m[1m[37m[41m [27m[1m[37m[41mi[27m[1m[37m[41mn[27m[1m[37m[41ms[27m[1m[37m[41mt[27m[1m[37m[41ma[27m[1m[37m[41ml[27m[1m[37m[41ml[27m[1m[37m[41m [27m[1m[37m[41mg[27m[1m[37m[41mi[27m[1m[37m[41mt[27m[1m[37m[41m+[27m[1m[37m[41mh[27m[1m[37m[41mt[27m[1m[37m[41mt[27m[1m[37m[41mp[27m[1m[37m[41ms[27m[1m[37m[41m:[27m[1m[37m[41m/[27m[1m[37m[41m/[27m[1m[37m[41mg[27m[1m[37m[41mi[27m[1m[37m[41mt[27m[1m[37m[41mh[27m[1m[37m[41mu[27m[1m[37m[41mb[27m[1m[37m[41m.[27m[1m[37m[41mc[27m[1m[37m[41mo[27m[1m[37m[41mm[27m[1m[37m[41m/[27m[1m[37m[41mv[27m[1m[37m[41ma[27m[1m[37m[41ml[27m[1m[37m[41me[27m[1m[37m[41mr[27m[1m[37m[41mi[27m[1m[37m[41ma[27m[1m[37m[41m0[27m[1m[37m[41m8[27m[1m[37m[41m0[27m[1m[37m[41m1[27m[1m[37m[41m/[27m[1m[37m[41mm[27m[1m[37m[41ml[27m[1m[37m[41mp[27m[1m[37m[41mr[27m[1m[37m[41mo[1m[37m[41mj[27m[1m[37m[41me[27m[1m[37m[41mc[27m[1m[37m[41mt[0m[39m[49m[A[24C[1m[37m[45mp[1m[37m[45mi[1m[37m[45mp[39m[1m[37m[45m [1m[37m[45mi[1m[37m[45mn[1m[37m[45ms[1m[37m[45mt[1m[37m[45ma[1m[37m[45ml[1m[37m[45ml[1m[37m[45m [1m[37m[45mg[1m[37m[45mi[1m[37m[45mt[1m[37m[45m+[1m[37m[45mh[1m[37m[45mt[1m[37m[45mt[1m[37m[45mp[1m[37m[45ms[1m[37m[45m:[1m[37m[45m/[1m[37m[45m/[1m[37m[45mg[1m[37m[45mi[1m[37m[45mt[1m[37m[45mh[1m[37m[45mu[1m[37m[45mb[1m[37m[45m.[1m[37m[45mc[1m[37m[45mo[1m[37m[45mm[1m[37m[45m/[1m[37m[45mv[1m[37m[45ma[1m[37m[45ml[1m[37m[45me[1m[37m[45mr[1m[37m[45mi[1m[37m[45ma[1m[37m[45m0[1m[37m[45m8[1m[37m[45m0[1m[37m[45m1[1m[37m[45m/[1m[37m[45mm[1m[37m[45ml[1m[37m[45mp[1m[37m[45mr[1m[37m[45mo[1m[37m[45mj[1m[37m[45me[1m[37m[45mc[1m[37m[45mt[0m[39m[49m[A[24C[0m[49m[32mp[0m[49m[32mi[0m[49m[32mp[39m[0m[39m[49m [0m[39m[49mi[0m[39m[49mn[0m[39m[49ms[0m[39m[49mt[0m[39m[49ma[0m[39m[49ml[0m[39m[49ml[0m[39m[49m [0m[39m[49mg[0m[39m[49mi[0m[39m[49mt[0m[39m[49m+[0m[39m[49mh[0m[39m[49mt[0m[39m[49mt[0m[39m[49mp[0m[39m[49ms[0m[39m[49m:[0m[39m[49m/[0m[39m[49m/[0m[39m[49mg[0m[39m[49mi[0m[39m[49mt[0m[39m[49mh[0m[39m[49mu[0m[39m[49mb[0m[39m[49m.[0m[39m[49mc[0m[39m[49mo[0m[39m[49mm[0m[39m[49m/[0m[39m[49mv[0m[39m[49ma[0m[39m[49ml[0m[39m[49me[0m[39m[49mr[0m[39m[49mi[0m[39m[49ma[0m[39m[49m0[0m[39m[49m8[0m[39m[49m0[0m[39m[49m1[0m[39m[49m/[0m[39m[49mm[0m[39m[49ml[0m[39m[49mp[0m[39m[49mr[0m[39m[49moj[0m[39m[49me[0m[39m[49mc[0m[39m[49mt[?1l>[?2004l
]2;pip install git+https://github.com/valeria0801/mlproject]1;pipCollecting git+https://github.com/valeria0801/mlproject
  Cloning https://github.com/valeria0801/mlproject to /private/var/folders/xy/wmt48j2x4gn_9c4c106cqyr40000gn/T/pip-req-build-z9qr_d0q
  Running command git clone -q https://github.com/valeria0801/mlproject /private/var/folders/xy/wmt48j2x4gn_9c4c106cqyr40000gn/T/pip-req-build-z9qr_d0q

  warning: You appear to have cloned an empty repository.
[31m    ERROR: Command errored out with exit status 1:
     command: /Users/valeriarevolledo/.pyenv/versions/3.8.6/envs/lewagon/bin/python3.8 -c 'import sys, setuptools, tokenize; sys.argv[0] = '"'"'/private/var/folders/xy/wmt48j2x4gn_9c4c106cqyr40000gn/T/pip-req-build-z9qr_d0q/setup.py'"'"'; __file__='"'"'/private/var/folders/xy/wmt48j2x4gn_9c4c106cqyr40000gn/T/pip-req-build-z9qr_d0q/setup.py'"'"';f=getattr(tokenize, '"'"'open'"'"', open)(__file__);code=f.read().replace('"'"'\r\n'"'"', '"'"'\n'"'"');f.close();exec(compile(code, __file__, '"'"'exec'"'"'))' egg_info --egg-base /private/var/folders/xy/wmt48j2x4gn_9c4c106cqyr40000gn/T/pip-pip-egg-info-8shvhxlx
         cwd: /private/var/folders/xy/wmt48j2x4gn_9c4c106cqyr40000gn/T/pip-req-build-z9qr_d0q/
    Complete output (5 lines):
    Traceback (most recent call last):
      File "<string>", line 1, in <module>
      File "/Users/valeriarevolledo/.pyenv/versions/3.8.6/lib/python3.8/tokenize.py", line 392, in open
        buffer = _builtin_open(filename, 'rb')
    FileNotFoundError: [Errno 2] No such file or directory: '/private/var/folders/xy/wmt48j2x4gn_9c4c106cqyr40000gn/T/pip-req-build-z9qr_d0q/setup.py'
    ----------------------------------------[0m
[33mWARNING: Discarding git+https://github.com/valeria0801/mlproject. Command errored out with exit status 1: python setup.py egg_info Check the logs for full command output.[0m
[31mERROR: Command errored out with exit status 1: python setup.py egg_info Check the logs for full command output.[0m
[1m[7m%[27m[1m[0m                                                                                ]7;file://MacBook-Air-de-Valeria.local/Users/valeriarevolledo/code/valeria0801/mlproject]2;valeriarevolledo@MacBook-Air-de-Valeria]1;..801/mlproject]7;file://MacBook-Air-de-Valeria.local/Users/valeriarevolledo/code/valeria0801/mlproject[0m[27m[24m[J[01;31mâžœ  [36mmlproject[00m [01;34mgit:([31mmaster[34m) [33mâœ—[00m [K[39C[ðŸ lewagon][51D[?1h=[?2004h[?1l>[?2004l
[1m[7m%[27m[1m[0m                                                                                ]7;file://MacBook-Air-de-Valeria.local/Users/valeriarevolledo/code/valeria0801/mlproject]2;valeriarevolledo@MacBook-Air-de-Valeria]1;..801/mlproject]7;file://MacBook-Air-de-Valeria.local/Users/valeriarevolledo/code/valeria0801/mlproject[0m[27m[24m[J[01;31mâžœ  [36mmlproject[00m [01;34mgit:([31mmaster[34m) [33mâœ—[00m [K[39C[ðŸ lewagon][51D[?1h=[?2004h[1m[31mc[0m[39m[0m[32mc[32md[39m [33m'[39m[39m ; [ ] =[1m[31m=[1m[31m-[0m[39m[0m[39m=[0m[39m  [1m[31mc[0m[39m[39m [0m[39m [1m[31m\[0m[39m[1m[31m\[1m[31m\[0m[39m[1m[31m\[0m[39m[0m[39m [0m[39m [1m[31m'[0m[39m[1m[31m'[1m[31m'[0m[39m[1m[31m'[0m[39m[0m[39m [0m[39m [1m[31mc[0m[39m[1m[31mc[1m[31mo[0m[39m[1m[31mc[1m[31mo[1m[31md[0m[39m[1m[31md[1m[31me[0m[39m [1m[31md[0m[39m[0m[39m [1m[31mc[1m[31mo[0m[39m[0m[39m [1m[31mc[0m[39m[0m[39m [0m[39m [4ms[24m[24m[32ms[32mt[39m[32ms[32mt[32mt[39m z [39m [39m [39m [4ms[24m[24m[32ms[32mt[39m[32ms[32mt[32mt[39m [35m`[39m[39m [?1l>[?2004l
]2;'/Applications/Sublime Text.app/Contents/SharedSupport/bin/subl' .]1;stt[1m[7m%[27m[1m[0m                                                                                ]7;file://MacBook-Air-de-Valeria.local/Users/valeriarevolledo/code/valeria0801/mlproject]2;valeriarevolledo@MacBook-Air-de-Valeria]1;..801/mlproject]7;file://MacBook-Air-de-Valeria.local/Users/valeriarevolledo/code/valeria0801/mlproject[0m[27m[24m[J[01;32mâžœ  [36mmlproject[00m [01;34mgit:([31mmaster[34m) [33mâœ—[00m [K[39C[ðŸ lewagon][51D[?1h=[?2004h[4ms[24m[24m[32ms[32mt[39m[32ms[32mt[32mt[39m [4m~[24m 